---------------------------------------------------------------
[ 2018-08-03T10:40:41+08:00 ] 127.0.0.1 GET /index.php/app1_5/Video/personalDetails?id=36&user_id=36&page=1&type=0&time=1528104018
[ info ] limiapp.com/index.php/app1_5/Video/personalDetails?id=36&user_id=36&page=1&type=0&time=1528104018 [运行时间：3.891222s][吞吐率：0.26req/s] [内存消耗：3,600.81kb] [文件加载：55]
[ info ] [ LANG ] D:\xampp\htdocs\limiapp\thinkphp\lang\zh-cn.php
[ info ] [ ROUTE ] array (
  'type' => 'module',
  'module' => 
  array (
    0 => 'apps1_5',
    1 => 'Video',
    2 => 'personalDetails',
  ),
  'convert' => false,
)
[ info ] [ HEADER ] array (
  'cache-control' => 'no-cache',
  'postman-token' => 'eedbc41d-21aa-44ee-9106-aa05fb4f4360',
  'user-agent' => 'PostmanRuntime/7.1.1',
  'accept' => '*/*',
  'host' => 'limiapp.com',
  'cookie' => 'XDEBUG_SESSION=PHPSTORM',
  'accept-encoding' => 'gzip, deflate',
  'connection' => 'keep-alive',
)
[ info ] [ PARAM ] array (
  'id' => '36',
  'user_id' => '36',
  'page' => '1',
  'type' => '0',
  'time' => '1528104018',
  'Video' => 'personalDetails',
)
[ info ] [ DB ] INIT mysql
[ info ] [ BEHAVIOR ] Run app\behavior\Server @app_begin [ RunTime:0.340019s ]
[ info ] [ BEHAVIOR ] Run app\behavior\Appset @app_begin [ RunTime:0.002000s ]
[ info ] [ BEHAVIOR ] Run app\apps1_5\behavior\Auth @action_begin [ RunTime:0.182011s ]
[ info ] [ RUN ] app\apps1_5\controller\Video->personalDetails[ D:\xampp\htdocs\limiapp\application\apps1_5\controller\Video.php ]
[ info ] [ LOG ] INIT File
---------------------------------------------------------------
[ 2018-08-03T10:43:25+08:00 ] 127.0.0.1 GET /index.php/app1_6/weekend/CircleList?page=1&id=%27%27
[ info ] limiapp.com/index.php/app1_6/weekend/CircleList?page=1&id=%27%27 [运行时间：3.878222s][吞吐率：0.26req/s] [内存消耗：3,367.18kb] [文件加载：55]
[ info ] [ LANG ] D:\xampp\htdocs\limiapp\thinkphp\lang\zh-cn.php
[ info ] [ ROUTE ] array (
  'type' => 'module',
  'module' => 
  array (
    0 => 'apps1_6',
    1 => 'weekend',
    2 => 'CircleList',
  ),
  'convert' => false,
)
[ info ] [ HEADER ] array (
  'cache-control' => 'no-cache',
  'postman-token' => 'e445f133-20e6-4ee5-a879-669faccc5e45',
  'user-agent' => 'PostmanRuntime/7.1.1',
  'accept' => '*/*',
  'host' => 'limiapp.com',
  'cookie' => 'XDEBUG_SESSION=PHPSTORM',
  'accept-encoding' => 'gzip, deflate',
  'connection' => 'keep-alive',
)
[ info ] [ PARAM ] array (
  'page' => '1',
  'id' => '\'\'',
  'weekend' => 'CircleList',
)
[ info ] [ DB ] INIT mysql
[ info ] [ BEHAVIOR ] Run app\behavior\Server @app_begin [ RunTime:0.323019s ]
[ info ] [ BEHAVIOR ] Run app\behavior\Appset @app_begin [ RunTime:0.001000s ]
[ info ] [ BEHAVIOR ] Run app\apps1_5\behavior\Auth @action_begin [ RunTime:0.190010s ]
[ info ] [ RUN ] app\apps1_6\controller\Weekend->CircleList[ D:\xampp\htdocs\limiapp\application\apps1_6\controller\Weekend.php ]
[ info ] [ LOG ] INIT File
---------------------------------------------------------------
[ 2018-08-03T11:22:17+08:00 ] 127.0.0.1 GET /index.php/app1_6/weekend/CircleList?page=1&id=%27%27
[ info ] limiapp.com/index.php/app1_6/weekend/CircleList?page=1&id=%27%27 [运行时间：3.566204s][吞吐率：0.28req/s] [内存消耗：3,367.21kb] [文件加载：55]
[ info ] [ LANG ] D:\xampp\htdocs\limiapp\thinkphp\lang\zh-cn.php
[ info ] [ ROUTE ] array (
  'type' => 'module',
  'module' => 
  array (
    0 => 'apps1_6',
    1 => 'weekend',
    2 => 'CircleList',
  ),
  'convert' => false,
)
[ info ] [ HEADER ] array (
  'cache-control' => 'no-cache',
  'postman-token' => '7f6bac1c-007d-47d7-8a56-a637bd2c4f79',
  'user-agent' => 'PostmanRuntime/7.1.1',
  'accept' => '*/*',
  'host' => 'limiapp.com',
  'cookie' => 'XDEBUG_SESSION=PHPSTORM',
  'accept-encoding' => 'gzip, deflate',
  'connection' => 'keep-alive',
)
[ info ] [ PARAM ] array (
  'page' => '1',
  'id' => '\'\'',
  'weekend' => 'CircleList',
)
[ info ] [ DB ] INIT mysql
[ info ] [ BEHAVIOR ] Run app\behavior\Server @app_begin [ RunTime:0.295017s ]
[ info ] [ BEHAVIOR ] Run app\behavior\Appset @app_begin [ RunTime:0.002000s ]
[ info ] [ BEHAVIOR ] Run app\apps1_5\behavior\Auth @action_begin [ RunTime:0.174010s ]
[ info ] [ RUN ] app\apps1_6\controller\Weekend->CircleList[ D:\xampp\htdocs\limiapp\application\apps1_6\controller\Weekend.php ]
[ info ] [ LOG ] INIT File
