---------------------------------------------------------------
[ 2018-08-09T10:16:12+08:00 ] 127.0.0.1 GET /index.php/app1_7/Video/collegesInfo?college_id=1001
[ info ] limiapp.com/index.php/app1_7/Video/collegesInfo?college_id=1001 [运行时间：6.053346s][吞吐率：0.17req/s] [内存消耗：3,861.61kb] [文件加载：57]
[ info ] [ LANG ] D:\xampp\htdocs\limiapp\thinkphp\lang\zh-cn.php
[ info ] [ ROUTE ] array (
  'type' => 'module',
  'module' => 
  array (
    0 => 'apps1_7',
    1 => 'Video',
    2 => 'collegesInfo',
  ),
  'convert' => false,
)
[ info ] [ HEADER ] array (
  'cache-control' => 'no-cache',
  'postman-token' => '4d1fa99a-0a31-4311-8888-598c3ebd8326',
  'user-agent' => 'PostmanRuntime/7.1.1',
  'accept' => '*/*',
  'host' => 'limiapp.com',
  'cookie' => 'XDEBUG_SESSION=PHPSTORM',
  'accept-encoding' => 'gzip, deflate',
  'connection' => 'keep-alive',
)
[ info ] [ PARAM ] array (
  'college_id' => '1001',
  'Video' => 'collegesInfo',
)
[ info ] [ DB ] INIT mysql
[ info ] [ BEHAVIOR ] Run app\behavior\Server @app_begin [ RunTime:0.284016s ]
[ info ] [ BEHAVIOR ] Run app\behavior\Appset @app_begin [ RunTime:0.002000s ]
[ info ] [ BEHAVIOR ] Run app\apps1_7\behavior\Auth @action_begin [ RunTime:0.001000s ]
[ info ] [ RUN ] app\apps1_7\controller\Video->collegesInfo[ D:\xampp\htdocs\limiapp\application\apps1_7\controller\Video.php ]
[ info ] [ LOG ] INIT File
---------------------------------------------------------------
[ 2018-08-09T10:16:44+08:00 ] 127.0.0.1 GET /index.php/app1_7/Video/clickCollege?college_id=22005&id=3&token=d8a1f30f0f29f4a79cc8e8d87bc36bdb13f46df7
[ info ] limiapp.com/index.php/app1_7/Video/clickCollege?college_id=22005&id=3&token=d8a1f30f0f29f4a79cc8e8d87bc36bdb13f46df7 [运行时间：1.061061s][吞吐率：0.94req/s] [内存消耗：3,827.56kb] [文件加载：60]
[ info ] [ LANG ] D:\xampp\htdocs\limiapp\thinkphp\lang\zh-cn.php
[ info ] [ ROUTE ] array (
  'type' => 'module',
  'module' => 
  array (
    0 => 'apps1_7',
    1 => 'Video',
    2 => 'clickCollege',
  ),
  'convert' => false,
)
[ info ] [ HEADER ] array (
  'cache-control' => 'no-cache',
  'postman-token' => 'fc64cf88-56ac-4c94-b156-6f3742bb61da',
  'user-agent' => 'PostmanRuntime/7.1.1',
  'accept' => '*/*',
  'host' => 'limiapp.com',
  'cookie' => 'XDEBUG_SESSION=PHPSTORM',
  'accept-encoding' => 'gzip, deflate',
  'connection' => 'keep-alive',
)
[ info ] [ PARAM ] array (
  'college_id' => '22005',
  'id' => '3',
  'token' => 'd8a1f30f0f29f4a79cc8e8d87bc36bdb13f46df7',
  'Video' => 'clickCollege',
)
[ info ] [ DB ] INIT mysql
[ info ] [ BEHAVIOR ] Run app\behavior\Server @app_begin [ RunTime:0.282017s ]
[ info ] [ BEHAVIOR ] Run app\behavior\Appset @app_begin [ RunTime:0.002000s ]
[ info ] [ BEHAVIOR ] Run app\apps1_7\behavior\Auth @action_begin [ RunTime:0.162009s ]
[ info ] [ RUN ] app\apps1_7\controller\Video->clickCollege[ D:\xampp\htdocs\limiapp\application\apps1_7\controller\Video.php ]
[ info ] [ CACHE ] INIT File
[ info ] [ LOG ] INIT File
---------------------------------------------------------------
[ 2018-08-09T10:19:14+08:00 ] 127.0.0.1 GET /index.php/app1_6/video/indexVideoList?page=1&time=1528692726&type=1&id=50&token=3044347ffcf82055c9ac95957b07cf4a1d73bc3e
[ info ] limiapp.com/index.php/app1_6/video/indexVideoList?page=1&time=1528692726&type=1&id=50&token=3044347ffcf82055c9ac95957b07cf4a1d73bc3e [运行时间：1.754100s][吞吐率：0.57req/s] [内存消耗：3,758.22kb] [文件加载：56]
[ info ] [ LANG ] D:\xampp\htdocs\limiapp\thinkphp\lang\zh-cn.php
[ info ] [ ROUTE ] array (
  'type' => 'module',
  'module' => 
  array (
    0 => 'apps1_6',
    1 => 'video',
    2 => 'indexVideoList',
  ),
  'convert' => false,
)
[ info ] [ HEADER ] array (
  'cache-control' => 'no-cache',
  'postman-token' => '329a6c98-2999-426b-acce-d7658f155739',
  'user-agent' => 'PostmanRuntime/7.1.1',
  'accept' => '*/*',
  'host' => 'limiapp.com',
  'cookie' => 'XDEBUG_SESSION=PHPSTORM',
  'accept-encoding' => 'gzip, deflate',
  'connection' => 'keep-alive',
)
[ info ] [ PARAM ] array (
  'page' => '1',
  'time' => '1528692726',
  'type' => '1',
  'id' => '50',
  'token' => '3044347ffcf82055c9ac95957b07cf4a1d73bc3e',
  'video' => 'indexVideoList',
)
[ info ] [ DB ] INIT mysql
[ info ] [ BEHAVIOR ] Run app\behavior\Server @app_begin [ RunTime:0.269016s ]
[ info ] [ BEHAVIOR ] Run app\behavior\Appset @app_begin [ RunTime:0.001000s ]
[ info ] [ BEHAVIOR ] Run app\apps1_5\behavior\Auth @action_begin [ RunTime:0.160009s ]
[ info ] [ RUN ] app\apps1_6\controller\Video->indexVideoList[ D:\xampp\htdocs\limiapp\application\apps1_6\controller\Video.php ]
[ info ] [ LOG ] INIT File
---------------------------------------------------------------
[ 2018-08-09T10:21:37+08:00 ] 127.0.0.1 GET /index.php/app1_6/video/indexVideoList?page=1&time=1528692726&type=1&id=50&token=3044347ffcf82055c9ac95957b07cf4a1d73bc3e
[ info ] limiapp.com/index.php/app1_6/video/indexVideoList?page=1&time=1528692726&type=1&id=50&token=3044347ffcf82055c9ac95957b07cf4a1d73bc3e [运行时间：1.796103s][吞吐率：0.56req/s] [内存消耗：3,758.22kb] [文件加载：56]
[ info ] [ LANG ] D:\xampp\htdocs\limiapp\thinkphp\lang\zh-cn.php
[ info ] [ ROUTE ] array (
  'type' => 'module',
  'module' => 
  array (
    0 => 'apps1_6',
    1 => 'video',
    2 => 'indexVideoList',
  ),
  'convert' => false,
)
[ info ] [ HEADER ] array (
  'cache-control' => 'no-cache',
  'postman-token' => 'c36d9cf6-530c-4eef-9b7c-5a7d6dbc978f',
  'user-agent' => 'PostmanRuntime/7.1.1',
  'accept' => '*/*',
  'host' => 'limiapp.com',
  'cookie' => 'XDEBUG_SESSION=PHPSTORM',
  'accept-encoding' => 'gzip, deflate',
  'connection' => 'keep-alive',
)
[ info ] [ PARAM ] array (
  'page' => '1',
  'time' => '1528692726',
  'type' => '1',
  'id' => '50',
  'token' => '3044347ffcf82055c9ac95957b07cf4a1d73bc3e',
  'video' => 'indexVideoList',
)
[ info ] [ DB ] INIT mysql
[ info ] [ BEHAVIOR ] Run app\behavior\Server @app_begin [ RunTime:0.263015s ]
[ info ] [ BEHAVIOR ] Run app\behavior\Appset @app_begin [ RunTime:0.002000s ]
[ info ] [ BEHAVIOR ] Run app\apps1_5\behavior\Auth @action_begin [ RunTime:0.157009s ]
[ info ] [ RUN ] app\apps1_6\controller\Video->indexVideoList[ D:\xampp\htdocs\limiapp\application\apps1_6\controller\Video.php ]
[ info ] [ LOG ] INIT File
---------------------------------------------------------------
[ 2018-08-09T10:21:44+08:00 ] 127.0.0.1 GET /index.php/app1_7/video/indexVideoList?page=1&time=1528692726&type=1&id=50&token=3044347ffcf82055c9ac95957b07cf4a1d73bc3e
[ info ] limiapp.com/index.php/app1_7/video/indexVideoList?page=1&time=1528692726&type=1&id=50&token=3044347ffcf82055c9ac95957b07cf4a1d73bc3e [运行时间：1.815103s][吞吐率：0.55req/s] [内存消耗：3,759.05kb] [文件加载：56]
[ info ] [ LANG ] D:\xampp\htdocs\limiapp\thinkphp\lang\zh-cn.php
[ info ] [ ROUTE ] array (
  'type' => 'module',
  'module' => 
  array (
    0 => 'apps1_7',
    1 => 'video',
    2 => 'indexVideoList',
  ),
  'convert' => false,
)
[ info ] [ HEADER ] array (
  'cache-control' => 'no-cache',
  'postman-token' => 'ba22b696-3063-4e6b-b08f-f3e2e7509871',
  'user-agent' => 'PostmanRuntime/7.1.1',
  'accept' => '*/*',
  'host' => 'limiapp.com',
  'cookie' => 'XDEBUG_SESSION=PHPSTORM',
  'accept-encoding' => 'gzip, deflate',
  'connection' => 'keep-alive',
)
[ info ] [ PARAM ] array (
  'page' => '1',
  'time' => '1528692726',
  'type' => '1',
  'id' => '50',
  'token' => '3044347ffcf82055c9ac95957b07cf4a1d73bc3e',
  'video' => 'indexVideoList',
)
[ info ] [ DB ] INIT mysql
[ info ] [ BEHAVIOR ] Run app\behavior\Server @app_begin [ RunTime:0.281016s ]
[ info ] [ BEHAVIOR ] Run app\behavior\Appset @app_begin [ RunTime:0.001000s ]
[ info ] [ BEHAVIOR ] Run app\apps1_7\behavior\Auth @action_begin [ RunTime:0.164010s ]
[ info ] [ RUN ] app\apps1_7\controller\Video->indexVideoList[ D:\xampp\htdocs\limiapp\application\apps1_7\controller\Video.php ]
[ info ] [ LOG ] INIT File
---------------------------------------------------------------
[ 2018-08-09T10:22:41+08:00 ] 127.0.0.1 GET /index.php/app1_7/video/indexVideoList?page=1&time=1528692726&type=1&id=50&token=3044347ffcf82055c9ac95957b07cf4a1d73bc3e
[ info ] limiapp.com/index.php/app1_7/video/indexVideoList?page=1&time=1528692726&type=1&id=50&token=3044347ffcf82055c9ac95957b07cf4a1d73bc3e [运行时间：1.898109s][吞吐率：0.53req/s] [内存消耗：3,759.17kb] [文件加载：56]
[ info ] [ LANG ] D:\xampp\htdocs\limiapp\thinkphp\lang\zh-cn.php
[ info ] [ ROUTE ] array (
  'type' => 'module',
  'module' => 
  array (
    0 => 'apps1_7',
    1 => 'video',
    2 => 'indexVideoList',
  ),
  'convert' => false,
)
[ info ] [ HEADER ] array (
  'cache-control' => 'no-cache',
  'postman-token' => 'b53815f3-3ffb-4f1b-82d9-de584c0551a8',
  'user-agent' => 'PostmanRuntime/7.1.1',
  'accept' => '*/*',
  'host' => 'limiapp.com',
  'cookie' => 'XDEBUG_SESSION=PHPSTORM',
  'accept-encoding' => 'gzip, deflate',
  'connection' => 'keep-alive',
)
[ info ] [ PARAM ] array (
  'page' => '1',
  'time' => '1528692726',
  'type' => '1',
  'id' => '50',
  'token' => '3044347ffcf82055c9ac95957b07cf4a1d73bc3e',
  'video' => 'indexVideoList',
)
[ info ] [ DB ] INIT mysql
[ info ] [ BEHAVIOR ] Run app\behavior\Server @app_begin [ RunTime:0.394022s ]
[ info ] [ BEHAVIOR ] Run app\behavior\Appset @app_begin [ RunTime:0.000000s ]
[ info ] [ BEHAVIOR ] Run app\apps1_7\behavior\Auth @action_begin [ RunTime:0.200011s ]
[ info ] [ RUN ] app\apps1_7\controller\Video->indexVideoList[ D:\xampp\htdocs\limiapp\application\apps1_7\controller\Video.php ]
[ info ] [ LOG ] INIT File
---------------------------------------------------------------
[ 2018-08-09T10:32:33+08:00 ] 127.0.0.1 GET /index.php/app1_7/video/indexVideoList?page=1&time=1528692726&type=1&id=50&token=3044347ffcf82055c9ac95957b07cf4a1d73bc3e
[ info ] limiapp.com/index.php/app1_7/video/indexVideoList?page=1&time=1528692726&type=1&id=50&token=3044347ffcf82055c9ac95957b07cf4a1d73bc3e [运行时间：2.044117s][吞吐率：0.49req/s] [内存消耗：3,777.39kb] [文件加载：57]
[ info ] [ LANG ] D:\xampp\htdocs\limiapp\thinkphp\lang\zh-cn.php
[ info ] [ ROUTE ] array (
  'type' => 'module',
  'module' => 
  array (
    0 => 'apps1_7',
    1 => 'video',
    2 => 'indexVideoList',
  ),
  'convert' => false,
)
[ info ] [ HEADER ] array (
  'cache-control' => 'no-cache',
  'postman-token' => '71fd82de-fbd3-4750-8695-32d39da244dd',
  'user-agent' => 'PostmanRuntime/7.1.1',
  'accept' => '*/*',
  'host' => 'limiapp.com',
  'cookie' => 'XDEBUG_SESSION=PHPSTORM',
  'accept-encoding' => 'gzip, deflate',
  'connection' => 'keep-alive',
)
[ info ] [ PARAM ] array (
  'page' => '1',
  'time' => '1528692726',
  'type' => '1',
  'id' => '50',
  'token' => '3044347ffcf82055c9ac95957b07cf4a1d73bc3e',
  'video' => 'indexVideoList',
)
[ info ] [ DB ] INIT mysql
[ info ] [ BEHAVIOR ] Run app\behavior\Server @app_begin [ RunTime:0.284016s ]
[ info ] [ BEHAVIOR ] Run app\behavior\Appset @app_begin [ RunTime:0.002000s ]
[ info ] [ BEHAVIOR ] Run app\apps1_7\behavior\Auth @action_begin [ RunTime:0.176010s ]
[ info ] [ RUN ] app\apps1_7\controller\Video->indexVideoList[ D:\xampp\htdocs\limiapp\application\apps1_7\controller\Video.php ]
[ info ] [ LOG ] INIT File
---------------------------------------------------------------
[ 2018-08-09T11:20:19+08:00 ] 127.0.0.1 GET /index.php/app1_7/Video/clickCollege?college_id=22007&id=50&token=3044347ffcf82055c9ac95957b07cf4a1d73bc3e
[ info ] limiapp.com/index.php/app1_7/Video/clickCollege?college_id=22007&id=50&token=3044347ffcf82055c9ac95957b07cf4a1d73bc3e [运行时间：1.058060s][吞吐率：0.95req/s] [内存消耗：3,831.29kb] [文件加载：60]
[ info ] [ LANG ] D:\xampp\htdocs\limiapp\thinkphp\lang\zh-cn.php
[ info ] [ ROUTE ] array (
  'type' => 'module',
  'module' => 
  array (
    0 => 'apps1_7',
    1 => 'Video',
    2 => 'clickCollege',
  ),
  'convert' => false,
)
[ info ] [ HEADER ] array (
  'cache-control' => 'no-cache',
  'postman-token' => 'dec10d11-3508-419f-8f08-abd48081901d',
  'user-agent' => 'PostmanRuntime/7.1.1',
  'accept' => '*/*',
  'host' => 'limiapp.com',
  'cookie' => 'XDEBUG_SESSION=PHPSTORM',
  'accept-encoding' => 'gzip, deflate',
  'connection' => 'keep-alive',
)
[ info ] [ PARAM ] array (
  'college_id' => '22007',
  'id' => '50',
  'token' => '3044347ffcf82055c9ac95957b07cf4a1d73bc3e',
  'Video' => 'clickCollege',
)
[ info ] [ DB ] INIT mysql
[ info ] [ BEHAVIOR ] Run app\behavior\Server @app_begin [ RunTime:0.266015s ]
[ info ] [ BEHAVIOR ] Run app\behavior\Appset @app_begin [ RunTime:0.002000s ]
[ info ] [ BEHAVIOR ] Run app\apps1_7\behavior\Auth @action_begin [ RunTime:0.156009s ]
[ info ] [ RUN ] app\apps1_7\controller\Video->clickCollege[ D:\xampp\htdocs\limiapp\application\apps1_7\controller\Video.php ]
[ info ] [ CACHE ] INIT File
[ info ] [ LOG ] INIT File
---------------------------------------------------------------
[ 2018-08-09T11:20:26+08:00 ] 127.0.0.1 GET /index.php/app1_7/video/indexVideoList?page=1&time=1528692726&type=1&id=50&token=3044347ffcf82055c9ac95957b07cf4a1d73bc3e
[ info ] limiapp.com/index.php/app1_7/video/indexVideoList?page=1&time=1528692726&type=1&id=50&token=3044347ffcf82055c9ac95957b07cf4a1d73bc3e [运行时间：1.999114s][吞吐率：0.50req/s] [内存消耗：3,777.38kb] [文件加载：57]
[ info ] [ LANG ] D:\xampp\htdocs\limiapp\thinkphp\lang\zh-cn.php
[ info ] [ ROUTE ] array (
  'type' => 'module',
  'module' => 
  array (
    0 => 'apps1_7',
    1 => 'video',
    2 => 'indexVideoList',
  ),
  'convert' => false,
)
[ info ] [ HEADER ] array (
  'cache-control' => 'no-cache',
  'postman-token' => 'c6dcdb9b-1aec-46f9-9aeb-64b038538ec5',
  'user-agent' => 'PostmanRuntime/7.1.1',
  'accept' => '*/*',
  'host' => 'limiapp.com',
  'cookie' => 'XDEBUG_SESSION=PHPSTORM',
  'accept-encoding' => 'gzip, deflate',
  'connection' => 'keep-alive',
)
[ info ] [ PARAM ] array (
  'page' => '1',
  'time' => '1528692726',
  'type' => '1',
  'id' => '50',
  'token' => '3044347ffcf82055c9ac95957b07cf4a1d73bc3e',
  'video' => 'indexVideoList',
)
[ info ] [ DB ] INIT mysql
[ info ] [ BEHAVIOR ] Run app\behavior\Server @app_begin [ RunTime:0.281017s ]
[ info ] [ BEHAVIOR ] Run app\behavior\Appset @app_begin [ RunTime:0.001000s ]
[ info ] [ BEHAVIOR ] Run app\apps1_7\behavior\Auth @action_begin [ RunTime:0.166009s ]
[ info ] [ RUN ] app\apps1_7\controller\Video->indexVideoList[ D:\xampp\htdocs\limiapp\application\apps1_7\controller\Video.php ]
[ info ] [ LOG ] INIT File
---------------------------------------------------------------
[ 2018-08-09T11:23:00+08:00 ] 127.0.0.1 GET /index.php/app1_7/Video/collegesInfo?college_id=22007&id=50
[ info ] limiapp.com/index.php/app1_7/Video/collegesInfo?college_id=22007&id=50 [运行时间：6.135351s][吞吐率：0.16req/s] [内存消耗：3,868.41kb] [文件加载：57]
[ info ] [ LANG ] D:\xampp\htdocs\limiapp\thinkphp\lang\zh-cn.php
[ info ] [ ROUTE ] array (
  'type' => 'module',
  'module' => 
  array (
    0 => 'apps1_7',
    1 => 'Video',
    2 => 'collegesInfo',
  ),
  'convert' => false,
)
[ info ] [ HEADER ] array (
  'cache-control' => 'no-cache',
  'postman-token' => 'f35500db-039e-455d-8005-aa26c79cdf35',
  'user-agent' => 'PostmanRuntime/7.1.1',
  'accept' => '*/*',
  'host' => 'limiapp.com',
  'cookie' => 'XDEBUG_SESSION=PHPSTORM',
  'accept-encoding' => 'gzip, deflate',
  'connection' => 'keep-alive',
)
[ info ] [ PARAM ] array (
  'college_id' => '22007',
  'id' => '50',
  'Video' => 'collegesInfo',
)
[ info ] [ DB ] INIT mysql
[ info ] [ BEHAVIOR ] Run app\behavior\Server @app_begin [ RunTime:0.269015s ]
[ info ] [ BEHAVIOR ] Run app\behavior\Appset @app_begin [ RunTime:0.002000s ]
[ info ] [ BEHAVIOR ] Run app\apps1_7\behavior\Auth @action_begin [ RunTime:0.159009s ]
[ info ] [ RUN ] app\apps1_7\controller\Video->collegesInfo[ D:\xampp\htdocs\limiapp\application\apps1_7\controller\Video.php ]
[ info ] [ LOG ] INIT File
---------------------------------------------------------------
[ 2018-08-09T15:35:04+08:00 ] 127.0.0.1 GET /index.php/app1_7/video/indexVideoList?page=1&time=1528692726&type=0&id=50&token=3044347ffcf82055c9ac95957b07cf4a1d73bc3e
[ info ] limiapp.com/index.php/app1_7/video/indexVideoList?page=1&time=1528692726&type=0&id=50&token=3044347ffcf82055c9ac95957b07cf4a1d73bc3e [运行时间：3.138179s][吞吐率：0.32req/s] [内存消耗：3,811.24kb] [文件加载：56]
[ info ] [ LANG ] D:\xampp\htdocs\limiapp\thinkphp\lang\zh-cn.php
[ info ] [ ROUTE ] array (
  'type' => 'module',
  'module' => 
  array (
    0 => 'apps1_7',
    1 => 'video',
    2 => 'indexVideoList',
  ),
  'convert' => false,
)
[ info ] [ HEADER ] array (
  'cache-control' => 'no-cache',
  'postman-token' => '358460de-807f-4872-8122-d2f8e9cc526b',
  'user-agent' => 'PostmanRuntime/7.1.1',
  'accept' => '*/*',
  'host' => 'limiapp.com',
  'cookie' => 'XDEBUG_SESSION=PHPSTORM',
  'accept-encoding' => 'gzip, deflate',
  'connection' => 'keep-alive',
)
[ info ] [ PARAM ] array (
  'page' => '1',
  'time' => '1528692726',
  'type' => '0',
  'id' => '50',
  'token' => '3044347ffcf82055c9ac95957b07cf4a1d73bc3e',
  'video' => 'indexVideoList',
)
[ info ] [ DB ] INIT mysql
[ info ] [ BEHAVIOR ] Run app\behavior\Server @app_begin [ RunTime:0.282016s ]
[ info ] [ BEHAVIOR ] Run app\behavior\Appset @app_begin [ RunTime:0.002000s ]
[ info ] [ BEHAVIOR ] Run app\apps1_7\behavior\Auth @action_begin [ RunTime:0.163009s ]
[ info ] [ RUN ] app\apps1_7\controller\Video->indexVideoList[ D:\xampp\htdocs\limiapp\application\apps1_7\controller\Video.php ]
[ info ] [ LOG ] INIT File
---------------------------------------------------------------
[ 2018-08-09T15:35:30+08:00 ] 127.0.0.1 GET /index.php/app1_7/video/indexVideoList?page=1&time=1528692726&type=1&id=50&token=3044347ffcf82055c9ac95957b07cf4a1d73bc3e
[ info ] limiapp.com/index.php/app1_7/video/indexVideoList?page=1&time=1528692726&type=1&id=50&token=3044347ffcf82055c9ac95957b07cf4a1d73bc3e [运行时间：2.034117s][吞吐率：0.49req/s] [内存消耗：3,778.58kb] [文件加载：57]
[ info ] [ LANG ] D:\xampp\htdocs\limiapp\thinkphp\lang\zh-cn.php
[ info ] [ ROUTE ] array (
  'type' => 'module',
  'module' => 
  array (
    0 => 'apps1_7',
    1 => 'video',
    2 => 'indexVideoList',
  ),
  'convert' => false,
)
[ info ] [ HEADER ] array (
  'cache-control' => 'no-cache',
  'postman-token' => '71415302-143b-4e39-ae8d-ec16f15a07a5',
  'user-agent' => 'PostmanRuntime/7.1.1',
  'accept' => '*/*',
  'host' => 'limiapp.com',
  'cookie' => 'XDEBUG_SESSION=PHPSTORM',
  'accept-encoding' => 'gzip, deflate',
  'connection' => 'keep-alive',
)
[ info ] [ PARAM ] array (
  'page' => '1',
  'time' => '1528692726',
  'type' => '1',
  'id' => '50',
  'token' => '3044347ffcf82055c9ac95957b07cf4a1d73bc3e',
  'video' => 'indexVideoList',
)
[ info ] [ DB ] INIT mysql
[ info ] [ BEHAVIOR ] Run app\behavior\Server @app_begin [ RunTime:0.279015s ]
[ info ] [ BEHAVIOR ] Run app\behavior\Appset @app_begin [ RunTime:0.001000s ]
[ info ] [ BEHAVIOR ] Run app\apps1_7\behavior\Auth @action_begin [ RunTime:0.164009s ]
[ info ] [ RUN ] app\apps1_7\controller\Video->indexVideoList[ D:\xampp\htdocs\limiapp\application\apps1_7\controller\Video.php ]
[ info ] [ LOG ] INIT File
---------------------------------------------------------------
[ 2018-08-09T15:35:54+08:00 ] 127.0.0.1 GET /index.php/app1_7/Video/personalDetails?id=56&user_id=56&page=1&type=1&time=1528104018
[ info ] limiapp.com/index.php/app1_7/Video/personalDetails?id=56&user_id=56&page=1&type=1&time=1528104018 [运行时间：1.820104s][吞吐率：0.55req/s] [内存消耗：3,767.35kb] [文件加载：56]
[ info ] [ LANG ] D:\xampp\htdocs\limiapp\thinkphp\lang\zh-cn.php
[ info ] [ ROUTE ] array (
  'type' => 'module',
  'module' => 
  array (
    0 => 'apps1_7',
    1 => 'Video',
    2 => 'personalDetails',
  ),
  'convert' => false,
)
[ info ] [ HEADER ] array (
  'cache-control' => 'no-cache',
  'postman-token' => '4e7b3054-af7a-43b8-8b0f-748a1a696572',
  'user-agent' => 'PostmanRuntime/7.1.1',
  'accept' => '*/*',
  'host' => 'limiapp.com',
  'cookie' => 'XDEBUG_SESSION=PHPSTORM',
  'accept-encoding' => 'gzip, deflate',
  'connection' => 'keep-alive',
)
[ info ] [ PARAM ] array (
  'id' => '56',
  'user_id' => '56',
  'page' => '1',
  'type' => '1',
  'time' => '1528104018',
  'Video' => 'personalDetails',
)
[ info ] [ DB ] INIT mysql
[ info ] [ BEHAVIOR ] Run app\behavior\Server @app_begin [ RunTime:0.270016s ]
[ info ] [ BEHAVIOR ] Run app\behavior\Appset @app_begin [ RunTime:0.001000s ]
[ info ] [ BEHAVIOR ] Run app\apps1_7\behavior\Auth @action_begin [ RunTime:0.158009s ]
[ info ] [ RUN ] app\apps1_7\controller\Video->personalDetails[ D:\xampp\htdocs\limiapp\application\apps1_7\controller\Video.php ]
[ info ] [ LOG ] INIT File
---------------------------------------------------------------
[ 2018-08-09T15:36:13+08:00 ] 127.0.0.1 GET /index.php/app1_7/Video/personalDetails?id=56&user_id=56&page=1&type=0&time=1528104018
[ info ] limiapp.com/index.php/app1_7/Video/personalDetails?id=56&user_id=56&page=1&type=0&time=1528104018 [运行时间：1.605092s][吞吐率：0.62req/s] [内存消耗：3,761.68kb] [文件加载：56]
[ info ] [ LANG ] D:\xampp\htdocs\limiapp\thinkphp\lang\zh-cn.php
[ info ] [ ROUTE ] array (
  'type' => 'module',
  'module' => 
  array (
    0 => 'apps1_7',
    1 => 'Video',
    2 => 'personalDetails',
  ),
  'convert' => false,
)
[ info ] [ HEADER ] array (
  'cache-control' => 'no-cache',
  'postman-token' => 'e8d4cd48-72eb-4688-a13c-ce0ba96e8c01',
  'user-agent' => 'PostmanRuntime/7.1.1',
  'accept' => '*/*',
  'host' => 'limiapp.com',
  'cookie' => 'XDEBUG_SESSION=PHPSTORM',
  'accept-encoding' => 'gzip, deflate',
  'connection' => 'keep-alive',
)
[ info ] [ PARAM ] array (
  'id' => '56',
  'user_id' => '56',
  'page' => '1',
  'type' => '0',
  'time' => '1528104018',
  'Video' => 'personalDetails',
)
[ info ] [ DB ] INIT mysql
[ info ] [ BEHAVIOR ] Run app\behavior\Server @app_begin [ RunTime:0.281017s ]
[ info ] [ BEHAVIOR ] Run app\behavior\Appset @app_begin [ RunTime:0.001000s ]
[ info ] [ BEHAVIOR ] Run app\apps1_7\behavior\Auth @action_begin [ RunTime:0.166009s ]
[ info ] [ RUN ] app\apps1_7\controller\Video->personalDetails[ D:\xampp\htdocs\limiapp\application\apps1_7\controller\Video.php ]
[ info ] [ LOG ] INIT File
---------------------------------------------------------------
[ 2018-08-09T15:44:36+08:00 ] 127.0.0.1 GET /index.php/app1_7/Video/personalDetails?id=107&user_id=107&page=1&type=0&time=1528104018
[ info ] limiapp.com/index.php/app1_7/Video/personalDetails?id=107&user_id=107&page=1&type=0&time=1528104018 [运行时间：0.626036s][吞吐率：1.60req/s] [内存消耗：3,738.99kb] [文件加载：56]
[ info ] [ LANG ] D:\xampp\htdocs\limiapp\thinkphp\lang\zh-cn.php
[ info ] [ ROUTE ] array (
  'type' => 'module',
  'module' => 
  array (
    0 => 'apps1_7',
    1 => 'Video',
    2 => 'personalDetails',
  ),
  'convert' => false,
)
[ info ] [ HEADER ] array (
  'cache-control' => 'no-cache',
  'postman-token' => '4534158b-f9fc-494c-afc5-a9114996ce11',
  'user-agent' => 'PostmanRuntime/7.1.1',
  'accept' => '*/*',
  'host' => 'limiapp.com',
  'cookie' => 'XDEBUG_SESSION=PHPSTORM',
  'accept-encoding' => 'gzip, deflate',
  'connection' => 'keep-alive',
)
[ info ] [ PARAM ] array (
  'id' => '107',
  'user_id' => '107',
  'page' => '1',
  'type' => '0',
  'time' => '1528104018',
  'Video' => 'personalDetails',
)
[ info ] [ DB ] INIT mysql
[ info ] [ BEHAVIOR ] Run app\behavior\Server @app_begin [ RunTime:0.283016s ]
[ info ] [ BEHAVIOR ] Run app\behavior\Appset @app_begin [ RunTime:0.002000s ]
[ info ] [ BEHAVIOR ] Run app\apps1_7\behavior\Auth @action_begin [ RunTime:0.164010s ]
[ info ] [ RUN ] app\apps1_7\controller\Video->personalDetails[ D:\xampp\htdocs\limiapp\application\apps1_7\controller\Video.php ]
[ info ] [ LOG ] INIT File
---------------------------------------------------------------
[ 2018-08-09T15:45:02+08:00 ] 127.0.0.1 GET /index.php/app1_7/Video/personalDetails?id=76&user_id=76&page=1&type=0&time=1528104018
[ info ] limiapp.com/index.php/app1_7/Video/personalDetails?id=76&user_id=76&page=1&type=0&time=1528104018 [运行时间：1.976113s][吞吐率：0.51req/s] [内存消耗：3,784.64kb] [文件加载：56]
[ info ] [ LANG ] D:\xampp\htdocs\limiapp\thinkphp\lang\zh-cn.php
[ info ] [ ROUTE ] array (
  'type' => 'module',
  'module' => 
  array (
    0 => 'apps1_7',
    1 => 'Video',
    2 => 'personalDetails',
  ),
  'convert' => false,
)
[ info ] [ HEADER ] array (
  'cache-control' => 'no-cache',
  'postman-token' => 'b21d138e-687a-462b-bcde-26ca2c00b1d4',
  'user-agent' => 'PostmanRuntime/7.1.1',
  'accept' => '*/*',
  'host' => 'limiapp.com',
  'cookie' => 'XDEBUG_SESSION=PHPSTORM',
  'accept-encoding' => 'gzip, deflate',
  'connection' => 'keep-alive',
)
[ info ] [ PARAM ] array (
  'id' => '76',
  'user_id' => '76',
  'page' => '1',
  'type' => '0',
  'time' => '1528104018',
  'Video' => 'personalDetails',
)
[ info ] [ DB ] INIT mysql
[ info ] [ BEHAVIOR ] Run app\behavior\Server @app_begin [ RunTime:0.268015s ]
[ info ] [ BEHAVIOR ] Run app\behavior\Appset @app_begin [ RunTime:0.002000s ]
[ info ] [ BEHAVIOR ] Run app\apps1_7\behavior\Auth @action_begin [ RunTime:0.160009s ]
[ info ] [ RUN ] app\apps1_7\controller\Video->personalDetails[ D:\xampp\htdocs\limiapp\application\apps1_7\controller\Video.php ]
[ info ] [ LOG ] INIT File
---------------------------------------------------------------
[ 2018-08-09T15:47:07+08:00 ] 127.0.0.1 GET /index.php/app1_7/Video/personalDetails?id=76&user_id=76&page=1&type=0&time=1528104018
[ info ] limiapp.com/index.php/app1_7/Video/personalDetails?id=76&user_id=76&page=1&type=0&time=1528104018 [运行时间：2.229128s][吞吐率：0.45req/s] [内存消耗：3,790.38kb] [文件加载：56]
[ info ] [ LANG ] D:\xampp\htdocs\limiapp\thinkphp\lang\zh-cn.php
[ info ] [ ROUTE ] array (
  'type' => 'module',
  'module' => 
  array (
    0 => 'apps1_7',
    1 => 'Video',
    2 => 'personalDetails',
  ),
  'convert' => false,
)
[ info ] [ HEADER ] array (
  'cache-control' => 'no-cache',
  'postman-token' => '3faae646-e116-4734-94e3-5bd8415536e3',
  'user-agent' => 'PostmanRuntime/7.1.1',
  'accept' => '*/*',
  'host' => 'limiapp.com',
  'cookie' => 'XDEBUG_SESSION=PHPSTORM',
  'accept-encoding' => 'gzip, deflate',
  'connection' => 'keep-alive',
)
[ info ] [ PARAM ] array (
  'id' => '76',
  'user_id' => '76',
  'page' => '1',
  'type' => '0',
  'time' => '1528104018',
  'Video' => 'personalDetails',
)
[ info ] [ DB ] INIT mysql
[ info ] [ BEHAVIOR ] Run app\behavior\Server @app_begin [ RunTime:0.283016s ]
[ info ] [ BEHAVIOR ] Run app\behavior\Appset @app_begin [ RunTime:0.002000s ]
[ info ] [ BEHAVIOR ] Run app\apps1_7\behavior\Auth @action_begin [ RunTime:0.166009s ]
[ info ] [ RUN ] app\apps1_7\controller\Video->personalDetails[ D:\xampp\htdocs\limiapp\application\apps1_7\controller\Video.php ]
[ info ] [ LOG ] INIT File
---------------------------------------------------------------
[ 2018-08-09T15:51:05+08:00 ] 127.0.0.1 GET /index.php/app1_7/Video/personalDetails?id=76&user_id=76&page=1&type=0&time=1528104018
[ info ] limiapp.com/index.php/app1_7/Video/personalDetails?id=76&user_id=76&page=1&type=0&time=1528104018 [运行时间：68.340909s][吞吐率：0.01req/s] [内存消耗：3,853.82kb] [文件加载：60]
[ info ] [ LANG ] D:\xampp\htdocs\limiapp\thinkphp\lang\zh-cn.php
[ info ] [ ROUTE ] array (
  'type' => 'module',
  'module' => 
  array (
    0 => 'apps1_7',
    1 => 'Video',
    2 => 'personalDetails',
  ),
  'convert' => false,
)
[ info ] [ HEADER ] array (
  'cache-control' => 'no-cache',
  'postman-token' => '68b30535-6c9b-4071-9483-b478427d895e',
  'user-agent' => 'PostmanRuntime/7.1.1',
  'accept' => '*/*',
  'host' => 'limiapp.com',
  'cookie' => 'XDEBUG_SESSION=PHPSTORM',
  'accept-encoding' => 'gzip, deflate',
  'connection' => 'keep-alive',
)
[ info ] [ PARAM ] array (
  'id' => '76',
  'user_id' => '76',
  'page' => '1',
  'type' => '0',
  'time' => '1528104018',
  'Video' => 'personalDetails',
)
[ info ] [ DB ] INIT mysql
[ info ] [ BEHAVIOR ] Run app\behavior\Server @app_begin [ RunTime:0.282017s ]
[ info ] [ BEHAVIOR ] Run app\behavior\Appset @app_begin [ RunTime:0.001000s ]
[ info ] [ BEHAVIOR ] Run app\apps1_7\behavior\Auth @action_begin [ RunTime:0.165009s ]
[ info ] [ RUN ] app\apps1_7\controller\Video->personalDetails[ D:\xampp\htdocs\limiapp\application\apps1_7\controller\Video.php ]
[ info ] [ LOG ] INIT File
[ error ] [64]Cannot use [] for reading[xdebug://debug-eval(1) : eval()'d code:1]
---------------------------------------------------------------
[ 2018-08-09T15:51:25+08:00 ] 127.0.0.1 GET /index.php/app1_7/Video/personalDetails?id=76&user_id=76&page=1&type=0&time=1528104018
[ info ] limiapp.com/index.php/app1_7/Video/personalDetails?id=76&user_id=76&page=1&type=0&time=1528104018 [运行时间：16.496944s][吞吐率：0.06req/s] [内存消耗：3,696.68kb] [文件加载：54]
[ info ] [ LANG ] D:\xampp\htdocs\limiapp\thinkphp\lang\zh-cn.php
[ info ] [ ROUTE ] array (
  'type' => 'module',
  'module' => 
  array (
    0 => 'apps1_7',
    1 => 'Video',
    2 => 'personalDetails',
  ),
  'convert' => false,
)
[ info ] [ HEADER ] array (
  'cache-control' => 'no-cache',
  'postman-token' => 'd0e14d6e-4972-4fea-aaf5-b086aa4dc2f0',
  'user-agent' => 'PostmanRuntime/7.1.1',
  'accept' => '*/*',
  'host' => 'limiapp.com',
  'cookie' => 'XDEBUG_SESSION=PHPSTORM',
  'accept-encoding' => 'gzip, deflate',
  'connection' => 'keep-alive',
)
[ info ] [ PARAM ] array (
  'id' => '76',
  'user_id' => '76',
  'page' => '1',
  'type' => '0',
  'time' => '1528104018',
  'Video' => 'personalDetails',
)
[ info ] [ DB ] INIT mysql
[ info ] [ BEHAVIOR ] Run app\behavior\Server @app_begin [ RunTime:0.278016s ]
[ info ] [ BEHAVIOR ] Run app\behavior\Appset @app_begin [ RunTime:0.001000s ]
[ info ] [ BEHAVIOR ] Run app\apps1_7\behavior\Auth @action_begin [ RunTime:0.163009s ]
[ info ] [ RUN ] app\apps1_7\controller\Video->personalDetails[ D:\xampp\htdocs\limiapp\application\apps1_7\controller\Video.php ]
[ info ] [ LOG ] INIT File
---------------------------------------------------------------
[ 2018-08-09T15:55:51+08:00 ] 127.0.0.1 GET /index.php/app1_7/Video/personalDetails?id=76&user_id=76&page=1&type=0&time=1528104018
[ info ] limiapp.com/index.php/app1_7/Video/personalDetails?id=76&user_id=76&page=1&type=0&time=1528104018 [运行时间：2.216127s][吞吐率：0.45req/s] [内存消耗：3,793.55kb] [文件加载：56]
[ info ] [ LANG ] D:\xampp\htdocs\limiapp\thinkphp\lang\zh-cn.php
[ info ] [ ROUTE ] array (
  'type' => 'module',
  'module' => 
  array (
    0 => 'apps1_7',
    1 => 'Video',
    2 => 'personalDetails',
  ),
  'convert' => false,
)
[ info ] [ HEADER ] array (
  'cache-control' => 'no-cache',
  'postman-token' => '9ea3e899-297e-4cae-b153-c0d0a1397207',
  'user-agent' => 'PostmanRuntime/7.1.1',
  'accept' => '*/*',
  'host' => 'limiapp.com',
  'cookie' => 'XDEBUG_SESSION=PHPSTORM',
  'accept-encoding' => 'gzip, deflate',
  'connection' => 'keep-alive',
)
[ info ] [ PARAM ] array (
  'id' => '76',
  'user_id' => '76',
  'page' => '1',
  'type' => '0',
  'time' => '1528104018',
  'Video' => 'personalDetails',
)
[ info ] [ DB ] INIT mysql
[ info ] [ BEHAVIOR ] Run app\behavior\Server @app_begin [ RunTime:0.267015s ]
[ info ] [ BEHAVIOR ] Run app\behavior\Appset @app_begin [ RunTime:0.002000s ]
[ info ] [ BEHAVIOR ] Run app\apps1_7\behavior\Auth @action_begin [ RunTime:0.156009s ]
[ info ] [ RUN ] app\apps1_7\controller\Video->personalDetails[ D:\xampp\htdocs\limiapp\application\apps1_7\controller\Video.php ]
[ info ] [ LOG ] INIT File
