---------------------------------------------------------------
[ 2018-06-11T14:56:29+08:00 ] 127.0.0.1 POST /index.php/app1_4/video/publishVideo
[ info ] limiapp.com/index.php/app1_4/video/publishVideo [运行时间：1.313390s][吞吐率：0.76req/s] [内存消耗：3,372.94kb] [文件加载：55]
[ info ] [ LANG ] D:\xampp\htdocs\limiapp\thinkphp\lang\zh-cn.php
[ info ] [ ROUTE ] array (
  'type' => 'module',
  'module' => 
  array (
    0 => 'apps1_4',
    1 => 'video',
    2 => 'publishVideo',
  ),
  'convert' => false,
)
[ info ] [ HEADER ] array (
  'cache-control' => 'no-cache',
  'postman-token' => '20afb570-048f-42e4-ad66-d57fdcfee21b',
  'user-agent' => 'PostmanRuntime/7.1.5',
  'accept' => '*/*',
  'host' => 'limiapp.com',
  'cookie' => 'XDEBUG_SESSION=PHPSTORM',
  'accept-encoding' => 'gzip, deflate',
  'content-type' => 'multipart/form-data; boundary=--------------------------455620582224110241822735',
  'content-length' => '1302',
  'connection' => 'keep-alive',
)
[ info ] [ PARAM ] array (
  'id' => '1',
  'token' => '1d4f9067421ea4a1e7b70c72aab2509287a2cfe3',
  'title' => '测试视频',
  'tags' => '美女,帅哥',
  'video_addr' => '929737d2714045d2810b70fdcd40a6e9',
  'video_cover' => 'http://video.youhongtech.com/image/cover/F0B29F24B3CB4B5AA51E32EE58D350B8-6-2.png',
  'view_auth' => '1',
  'music_id' => '19',
  'music_start' => '',
  'music_end' => '',
  'video' => 'publishVideo',
)
[ info ] [ DB ] INIT mysql
[ info ] [ BEHAVIOR ] Run app\behavior\Server @app_begin [ RunTime:0.343699s ]
[ info ] [ BEHAVIOR ] Run app\behavior\Appset @app_begin [ RunTime:0.011787s ]
[ info ] [ BEHAVIOR ] Run app\apps1_2\behavior\Auth @action_begin [ RunTime:0.187114s ]
[ info ] [ RUN ] app\apps1_4\controller\Video->publishVideo[ D:\xampp\htdocs\limiapp\application\apps1_4\controller\Video.php ]
[ info ] [ LOG ] INIT File
[ sql ] [ DB ] CONNECT:[ UseTime:0.133631s ] mysql:host=47.97.218.145;port=3306;dbname=testapp;charset=utf8
[ sql ] [ SQL ] SHOW COLUMNS FROM `limi_sys_set` [ RunTime:0.092811s ]
[ sql ] [ SQL ] SELECT * FROM `limi_sys_set` WHERE  `key` = 5 LIMIT 1 [ RunTime:0.089530s ]
[ sql ] [ SQL ] SHOW COLUMNS FROM `limi_user` [ RunTime:0.088049s ]
[ sql ] [ SQL ] SELECT `status` FROM `limi_user` WHERE  `id` = 1 LIMIT 1 [ RunTime:0.090512s ]
[ sql ] [ SQL ] SELECT `token` FROM `limi_user` WHERE  `id` = 1 LIMIT 1 [ RunTime:0.088054s ]
[ sql ] [ SQL ] SELECT `user_info_status`,`identity_status`,`identity_time` FROM `limi_user` WHERE  `id` = 1 LIMIT 1 [ RunTime:0.087115s ]
[ sql ] [ SQL ] SHOW COLUMNS FROM `limi_video` [ RunTime:0.088862s ]
[ sql ] [ SQL ] SELECT `create_time` FROM `limi_video` WHERE  `user_id` = 1 ORDER BY id desc LIMIT 1  FOR UPDATE [ RunTime:0.088533s ]
[ sql ] [ SQL ] INSERT INTO `limi_video` (`user_id` , `tags` , `video` , `video_cover` , `title` , `view_auth` , `music_id` , `music_start` , `music_end` , `status` , `create_time`) VALUES (1 , '美女,帅哥' , '929737d2714045d2810b70fdcd40a6e9' , 'http://video.youhongtech.com/image/cover/F0B29F24B3CB4B5AA51E32EE58D350B8-6-2.png' , '测试视频' , 1 , 19 , '' , '' , 1 , '2018-06-11 14:56:28') [ RunTime:0.090335s ]
[ sql ] [ SQL ] SELECT * FROM `limi_video` WHERE  `id` = 1309 LIMIT 1 [ RunTime:0.087547s ]
