---------------------------------------------------------------
[ 2018-06-19T14:17:59+08:00 ] 127.0.0.1 GET /index.php/app1_4/video/getVideoList?id=697&page=3&time
[ info ] limiapp.com/index.php/app1_4/video/getVideoList?id=697&page=3&time [运行时间：0.704841s][吞吐率：1.42req/s] [内存消耗：3,403.63kb] [文件加载：56]
[ info ] [ LANG ] D:\xampp\htdocs\limiapp\thinkphp\lang\zh-cn.php
[ info ] [ ROUTE ] array (
  'type' => 'module',
  'module' => 
  array (
    0 => 'apps1_4',
    1 => 'video',
    2 => 'getVideoList',
  ),
  'convert' => false,
)
[ info ] [ HEADER ] array (
  'cache-control' => 'no-cache',
  'postman-token' => '70e79acf-901e-4641-b03d-1610e13f3c21',
  'user-agent' => 'PostmanRuntime/7.1.5',
  'accept' => '*/*',
  'host' => 'limiapp.com',
  'cookie' => 'XDEBUG_SESSION=PHPSTORM',
  'accept-encoding' => 'gzip, deflate',
  'connection' => 'keep-alive',
)
[ info ] [ PARAM ] array (
  'id' => '697',
  'page' => '3',
  'time' => '',
  'video' => 'getVideoList',
)
[ info ] [ DB ] INIT mysql
[ info ] [ BEHAVIOR ] Run app\behavior\Server @app_begin [ RunTime:0.331336s ]
[ info ] [ BEHAVIOR ] Run app\behavior\Appset @app_begin [ RunTime:0.002035s ]
[ info ] [ BEHAVIOR ] Run app\apps1_2\behavior\Auth @action_begin [ RunTime:0.181251s ]
[ info ] [ RUN ] app\apps1_4\controller\Video->getVideoList[ D:\xampp\htdocs\limiapp\application\apps1_4\controller\Video.php ]
[ info ] [ LOG ] INIT File
[ sql ] [ DB ] CONNECT:[ UseTime:0.134143s ] mysql:host=47.97.218.145;port=3306;dbname=testapp;charset=utf8
[ sql ] [ SQL ] SHOW COLUMNS FROM `limi_sys_set` [ RunTime:0.087746s ]
[ sql ] [ SQL ] SELECT * FROM `limi_sys_set` WHERE  `key` = 5 LIMIT 1 [ RunTime:0.083883s ]
[ sql ] [ SQL ] SHOW COLUMNS FROM `limi_user` [ RunTime:0.088414s ]
[ sql ] [ SQL ] SELECT `status` FROM `limi_user` WHERE  `id` = 697 LIMIT 1 [ RunTime:0.084715s ]
[ sql ] [ SQL ] SELECT  a.id,a.user_id,a.title,a.video_cover,a.video,a.width,a.height,a.view_num,a.click_num,a.discuss_num,a.tags,a.music_id,b.nickname user_nickname,CONCAT("http://cloud.youhongtech.com",b.head_pic) AS user_head_pic,c.name music_name,CONCAT("http://video.youhongtech.com",c.pic) AS music_pic FROM limi_video AS a LEFT JOIN limi_user AS b ON a.user_id = b.id LEFT JOIN limi_music AS c ON a.music_id = c.id  WHERE a.view_auth=1 AND a.status=0 ORDER BY RAND() LIMIT 20 [ RunTime:0.086930s ]
---------------------------------------------------------------
[ 2018-06-19T14:18:28+08:00 ] 127.0.0.1 GET /index.php/app1_4/video/getVideoList?id=697&page=3&time
[ info ] limiapp.com/index.php/app1_4/video/getVideoList?id=697&page=3&time [运行时间：0.663900s][吞吐率：1.51req/s] [内存消耗：3,403.68kb] [文件加载：56]
[ info ] [ LANG ] D:\xampp\htdocs\limiapp\thinkphp\lang\zh-cn.php
[ info ] [ ROUTE ] array (
  'type' => 'module',
  'module' => 
  array (
    0 => 'apps1_4',
    1 => 'video',
    2 => 'getVideoList',
  ),
  'convert' => false,
)
[ info ] [ HEADER ] array (
  'cache-control' => 'no-cache',
  'postman-token' => '3804ac3c-e6a0-4be9-a43e-514b723ce141',
  'user-agent' => 'PostmanRuntime/7.1.5',
  'accept' => '*/*',
  'host' => 'limiapp.com',
  'cookie' => 'XDEBUG_SESSION=PHPSTORM',
  'accept-encoding' => 'gzip, deflate',
  'connection' => 'keep-alive',
)
[ info ] [ PARAM ] array (
  'id' => '697',
  'page' => '3',
  'time' => '',
  'video' => 'getVideoList',
)
[ info ] [ DB ] INIT mysql
[ info ] [ BEHAVIOR ] Run app\behavior\Server @app_begin [ RunTime:0.324218s ]
[ info ] [ BEHAVIOR ] Run app\behavior\Appset @app_begin [ RunTime:0.001777s ]
[ info ] [ BEHAVIOR ] Run app\apps1_2\behavior\Auth @action_begin [ RunTime:0.182565s ]
[ info ] [ RUN ] app\apps1_4\controller\Video->getVideoList[ D:\xampp\htdocs\limiapp\application\apps1_4\controller\Video.php ]
[ info ] [ LOG ] INIT File
[ sql ] [ DB ] CONNECT:[ UseTime:0.133811s ] mysql:host=47.97.218.145;port=3306;dbname=testapp;charset=utf8
[ sql ] [ SQL ] SHOW COLUMNS FROM `limi_sys_set` [ RunTime:0.088811s ]
[ sql ] [ SQL ] SELECT * FROM `limi_sys_set` WHERE  `key` = 5 LIMIT 1 [ RunTime:0.087248s ]
[ sql ] [ SQL ] SHOW COLUMNS FROM `limi_user` [ RunTime:0.087625s ]
[ sql ] [ SQL ] SELECT `status` FROM `limi_user` WHERE  `id` = 697 LIMIT 1 [ RunTime:0.087566s ]
[ sql ] [ SQL ] SELECT  a.id,a.user_id,a.title,a.video_cover,a.video,a.width,a.height,a.view_num,a.click_num,a.discuss_num,a.tags,a.music_id,b.nickname user_nickname,CONCAT("http://cloud.youhongtech.com",b.head_pic) AS user_head_pic,c.name music_name,CONCAT("http://video.youhongtech.com",c.pic) AS music_pic FROM limi_video AS a LEFT JOIN limi_user AS b ON a.user_id = b.id LEFT JOIN limi_music AS c ON a.music_id = c.id  WHERE a.view_auth=1 AND a.status=0 ORDER BY RAND() LIMIT 20 [ RunTime:0.088292s ]
---------------------------------------------------------------
[ 2018-06-19T14:19:07+08:00 ] 127.0.0.1 GET /index.php/app1_4/video/getVideoList?id=697&page=3&time
[ info ] limiapp.com/index.php/app1_4/video/getVideoList?id=697&page=3&time [运行时间：6.846672s][吞吐率：0.15req/s] [内存消耗：3,314.47kb] [文件加载：54]
[ info ] [ LANG ] D:\xampp\htdocs\limiapp\thinkphp\lang\zh-cn.php
[ info ] [ ROUTE ] array (
  'type' => 'module',
  'module' => 
  array (
    0 => 'apps1_4',
    1 => 'video',
    2 => 'getVideoList',
  ),
  'convert' => false,
)
[ info ] [ HEADER ] array (
  'cache-control' => 'no-cache',
  'postman-token' => '0febc63d-0f1f-4b43-a6b9-82ffa8ef6e3b',
  'user-agent' => 'PostmanRuntime/7.1.5',
  'accept' => '*/*',
  'host' => 'limiapp.com',
  'cookie' => 'XDEBUG_SESSION=PHPSTORM',
  'accept-encoding' => 'gzip, deflate',
  'connection' => 'keep-alive',
)
[ info ] [ PARAM ] array (
  'id' => '697',
  'page' => '3',
  'time' => '',
  'video' => 'getVideoList',
)
[ info ] [ DB ] INIT mysql
[ info ] [ BEHAVIOR ] Run app\behavior\Server @app_begin [ RunTime:0.327094s ]
[ info ] [ BEHAVIOR ] Run app\behavior\Appset @app_begin [ RunTime:0.002972s ]
[ info ] [ BEHAVIOR ] Run app\apps1_2\behavior\Auth @action_begin [ RunTime:0.181369s ]
[ info ] [ RUN ] app\apps1_4\controller\Video->getVideoList[ D:\xampp\htdocs\limiapp\application\apps1_4\controller\Video.php ]
[ info ] [ LOG ] INIT File
[ sql ] [ DB ] CONNECT:[ UseTime:0.133189s ] mysql:host=47.97.218.145;port=3306;dbname=testapp;charset=utf8
[ sql ] [ SQL ] SHOW COLUMNS FROM `limi_sys_set` [ RunTime:0.088383s ]
[ sql ] [ SQL ] SELECT * FROM `limi_sys_set` WHERE  `key` = 5 LIMIT 1 [ RunTime:0.087861s ]
[ sql ] [ SQL ] SHOW COLUMNS FROM `limi_user` [ RunTime:0.087201s ]
[ sql ] [ SQL ] SELECT `status` FROM `limi_user` WHERE  `id` = 697 LIMIT 1 [ RunTime:0.087705s ]
---------------------------------------------------------------
[ 2018-06-19T14:19:25+08:00 ] 127.0.0.1 GET /index.php/app1_4/video/getVideoList?id=697&page=3&time
[ info ] limiapp.com/index.php/app1_4/video/getVideoList?id=697&page=3&time [运行时间：10.604146s][吞吐率：0.09req/s] [内存消耗：3,318.59kb] [文件加载：54]
[ info ] [ LANG ] D:\xampp\htdocs\limiapp\thinkphp\lang\zh-cn.php
[ info ] [ ROUTE ] array (
  'type' => 'module',
  'module' => 
  array (
    0 => 'apps1_4',
    1 => 'video',
    2 => 'getVideoList',
  ),
  'convert' => false,
)
[ info ] [ HEADER ] array (
  'cache-control' => 'no-cache',
  'postman-token' => '93bb2a5b-4283-4819-84ac-62a29f348a27',
  'user-agent' => 'PostmanRuntime/7.1.5',
  'accept' => '*/*',
  'host' => 'limiapp.com',
  'cookie' => 'XDEBUG_SESSION=PHPSTORM',
  'accept-encoding' => 'gzip, deflate',
  'connection' => 'keep-alive',
)
[ info ] [ PARAM ] array (
  'id' => '697',
  'page' => '3',
  'time' => '',
  'video' => 'getVideoList',
)
[ info ] [ DB ] INIT mysql
[ info ] [ BEHAVIOR ] Run app\behavior\Server @app_begin [ RunTime:0.312845s ]
[ info ] [ BEHAVIOR ] Run app\behavior\Appset @app_begin [ RunTime:0.001430s ]
[ info ] [ BEHAVIOR ] Run app\apps1_2\behavior\Auth @action_begin [ RunTime:0.175724s ]
[ info ] [ RUN ] app\apps1_4\controller\Video->getVideoList[ D:\xampp\htdocs\limiapp\application\apps1_4\controller\Video.php ]
[ info ] [ LOG ] INIT File
[ sql ] [ DB ] CONNECT:[ UseTime:0.129330s ] mysql:host=47.97.218.145;port=3306;dbname=testapp;charset=utf8
[ sql ] [ SQL ] SHOW COLUMNS FROM `limi_sys_set` [ RunTime:0.083449s ]
[ sql ] [ SQL ] SELECT * FROM `limi_sys_set` WHERE  `key` = 5 LIMIT 1 [ RunTime:0.083435s ]
[ sql ] [ SQL ] SHOW COLUMNS FROM `limi_user` [ RunTime:0.083776s ]
[ sql ] [ SQL ] SELECT `status` FROM `limi_user` WHERE  `id` = 697 LIMIT 1 [ RunTime:0.085512s ]
---------------------------------------------------------------
[ 2018-06-19T14:20:03+08:00 ] 127.0.0.1 GET /index.php/app1_4/video/getVideoList?id=7&page=ec553524c0f13b96e3b71eaafec3aebfc1ded533&time&token
[ info ] limiapp.com/index.php/app1_4/video/getVideoList?id=7&page=ec553524c0f13b96e3b71eaafec3aebfc1ded533&time&token [运行时间：3.567996s][吞吐率：0.28req/s] [内存消耗：3,379.64kb] [文件加载：56]
[ info ] [ LANG ] D:\xampp\htdocs\limiapp\thinkphp\lang\zh-cn.php
[ info ] [ ROUTE ] array (
  'type' => 'module',
  'module' => 
  array (
    0 => 'apps1_4',
    1 => 'video',
    2 => 'getVideoList',
  ),
  'convert' => false,
)
[ info ] [ HEADER ] array (
  'cache-control' => 'no-cache',
  'postman-token' => '63f2b228-8373-416f-b548-8ecf3bbc5560',
  'user-agent' => 'PostmanRuntime/7.1.5',
  'accept' => '*/*',
  'host' => 'limiapp.com',
  'cookie' => 'XDEBUG_SESSION=PHPSTORM',
  'accept-encoding' => 'gzip, deflate',
  'connection' => 'keep-alive',
)
[ info ] [ PARAM ] array (
  'id' => '7',
  'page' => 'ec553524c0f13b96e3b71eaafec3aebfc1ded533',
  'time' => '',
  'token' => '',
  'video' => 'getVideoList',
)
[ info ] [ DB ] INIT mysql
[ info ] [ BEHAVIOR ] Run app\behavior\Server @app_begin [ RunTime:3.325272s ]
[ info ] [ BEHAVIOR ] Run app\behavior\Appset @app_begin [ RunTime:0.001754s ]
[ info ] [ BEHAVIOR ] Run app\apps1_2\behavior\Auth @action_begin [ RunTime:0.178946s ]
[ info ] [ RUN ] app\apps1_4\controller\Video->getVideoList[ D:\xampp\htdocs\limiapp\application\apps1_4\controller\Video.php ]
[ info ] [ LOG ] INIT File
[ sql ] [ DB ] CONNECT:[ UseTime:3.132686s ] mysql:host=47.97.218.145;port=3306;dbname=testapp;charset=utf8
[ sql ] [ SQL ] SHOW COLUMNS FROM `limi_sys_set` [ RunTime:0.088414s ]
[ sql ] [ SQL ] SELECT * FROM `limi_sys_set` WHERE  `key` = 5 LIMIT 1 [ RunTime:0.087458s ]
[ sql ] [ SQL ] SHOW COLUMNS FROM `limi_user` [ RunTime:0.086883s ]
[ sql ] [ SQL ] SELECT `status` FROM `limi_user` WHERE  `id` = 7 LIMIT 1 [ RunTime:0.085804s ]
---------------------------------------------------------------
[ 2018-06-19T14:20:37+08:00 ] 127.0.0.1 GET /index.php/app1_4/video/getVideoList?id=7&time=&token=ec553524c0f13b96e3b71eaafec3aebfc1ded533&page=1
[ info ] limiapp.com/index.php/app1_4/video/getVideoList?id=7&time=&token=ec553524c0f13b96e3b71eaafec3aebfc1ded533&page=1 [运行时间：0.696175s][吞吐率：1.44req/s] [内存消耗：3,383.14kb] [文件加载：56]
[ info ] [ LANG ] D:\xampp\htdocs\limiapp\thinkphp\lang\zh-cn.php
[ info ] [ ROUTE ] array (
  'type' => 'module',
  'module' => 
  array (
    0 => 'apps1_4',
    1 => 'video',
    2 => 'getVideoList',
  ),
  'convert' => false,
)
[ info ] [ HEADER ] array (
  'cache-control' => 'no-cache',
  'postman-token' => '00eae644-11ea-4c05-8f83-f2a7cf7e153f',
  'user-agent' => 'PostmanRuntime/7.1.5',
  'accept' => '*/*',
  'host' => 'limiapp.com',
  'cookie' => 'XDEBUG_SESSION=PHPSTORM',
  'accept-encoding' => 'gzip, deflate',
  'connection' => 'keep-alive',
)
[ info ] [ PARAM ] array (
  'id' => '7',
  'time' => '',
  'token' => 'ec553524c0f13b96e3b71eaafec3aebfc1ded533',
  'page' => '1',
  'video' => 'getVideoList',
)
[ info ] [ DB ] INIT mysql
[ info ] [ BEHAVIOR ] Run app\behavior\Server @app_begin [ RunTime:0.343334s ]
[ info ] [ BEHAVIOR ] Run app\behavior\Appset @app_begin [ RunTime:0.001155s ]
[ info ] [ BEHAVIOR ] Run app\apps1_2\behavior\Auth @action_begin [ RunTime:0.176802s ]
[ info ] [ RUN ] app\apps1_4\controller\Video->getVideoList[ D:\xampp\htdocs\limiapp\application\apps1_4\controller\Video.php ]
[ info ] [ LOG ] INIT File
[ sql ] [ DB ] CONNECT:[ UseTime:0.135601s ] mysql:host=47.97.218.145;port=3306;dbname=testapp;charset=utf8
[ sql ] [ SQL ] SHOW COLUMNS FROM `limi_sys_set` [ RunTime:0.085953s ]
[ sql ] [ SQL ] SELECT * FROM `limi_sys_set` WHERE  `key` = 5 LIMIT 1 [ RunTime:0.085195s ]
[ sql ] [ SQL ] SHOW COLUMNS FROM `limi_user` [ RunTime:0.085316s ]
[ sql ] [ SQL ] SELECT `status` FROM `limi_user` WHERE  `id` = 7 LIMIT 1 [ RunTime:0.084125s ]
[ sql ] [ SQL ] SELECT `token` FROM `limi_user` WHERE  `id` = 7 LIMIT 1 [ RunTime:0.084371s ]
---------------------------------------------------------------
[ 2018-06-19T14:21:00+08:00 ] 127.0.0.1 GET /index.php/app1_4/video/getVideoList?id=7&time=&token=ec553524c0f13b96e3b71eaafec3aebfc1ded533&page=1
[ info ] limiapp.com/index.php/app1_4/video/getVideoList?id=7&time=&token=ec553524c0f13b96e3b71eaafec3aebfc1ded533&page=1 [运行时间：0.663965s][吞吐率：1.51req/s] [内存消耗：3,383.14kb] [文件加载：56]
[ info ] [ LANG ] D:\xampp\htdocs\limiapp\thinkphp\lang\zh-cn.php
[ info ] [ ROUTE ] array (
  'type' => 'module',
  'module' => 
  array (
    0 => 'apps1_4',
    1 => 'video',
    2 => 'getVideoList',
  ),
  'convert' => false,
)
[ info ] [ HEADER ] array (
  'cache-control' => 'no-cache',
  'postman-token' => '6a4c1cc2-aab3-401b-8e66-b98e9ed56d49',
  'user-agent' => 'PostmanRuntime/7.1.5',
  'accept' => '*/*',
  'host' => 'limiapp.com',
  'cookie' => 'XDEBUG_SESSION=PHPSTORM',
  'accept-encoding' => 'gzip, deflate',
  'connection' => 'keep-alive',
)
[ info ] [ PARAM ] array (
  'id' => '7',
  'time' => '',
  'token' => 'ec553524c0f13b96e3b71eaafec3aebfc1ded533',
  'page' => '1',
  'video' => 'getVideoList',
)
[ info ] [ DB ] INIT mysql
[ info ] [ BEHAVIOR ] Run app\behavior\Server @app_begin [ RunTime:0.327888s ]
[ info ] [ BEHAVIOR ] Run app\behavior\Appset @app_begin [ RunTime:0.001644s ]
[ info ] [ BEHAVIOR ] Run app\apps1_2\behavior\Auth @action_begin [ RunTime:0.182964s ]
[ info ] [ RUN ] app\apps1_4\controller\Video->getVideoList[ D:\xampp\htdocs\limiapp\application\apps1_4\controller\Video.php ]
[ info ] [ LOG ] INIT File
[ sql ] [ DB ] CONNECT:[ UseTime:0.132403s ] mysql:host=47.97.218.145;port=3306;dbname=testapp;charset=utf8
[ sql ] [ SQL ] SHOW COLUMNS FROM `limi_sys_set` [ RunTime:0.088585s ]
[ sql ] [ SQL ] SELECT * FROM `limi_sys_set` WHERE  `key` = 5 LIMIT 1 [ RunTime:0.089191s ]
[ sql ] [ SQL ] SHOW COLUMNS FROM `limi_user` [ RunTime:0.088991s ]
[ sql ] [ SQL ] SELECT `status` FROM `limi_user` WHERE  `id` = 7 LIMIT 1 [ RunTime:0.087881s ]
[ sql ] [ SQL ] SELECT `token` FROM `limi_user` WHERE  `id` = 7 LIMIT 1 [ RunTime:0.087800s ]
---------------------------------------------------------------
[ 2018-06-19T14:21:59+08:00 ] 127.0.0.1 GET /index.php/app1_4/video/getVideoList?id=7&time=&token=ec553524c0f13b96e3b71eaafec3aebfc1ded533&page=1
[ info ] limiapp.com/index.php/app1_4/video/getVideoList?id=7&time=&token=ec553524c0f13b96e3b71eaafec3aebfc1ded533&page=1 [运行时间：30.847642s][吞吐率：0.03req/s] [内存消耗：3,318.55kb] [文件加载：54]
[ info ] [ LANG ] D:\xampp\htdocs\limiapp\thinkphp\lang\zh-cn.php
[ info ] [ ROUTE ] array (
  'type' => 'module',
  'module' => 
  array (
    0 => 'apps1_4',
    1 => 'video',
    2 => 'getVideoList',
  ),
  'convert' => false,
)
[ info ] [ HEADER ] array (
  'cache-control' => 'no-cache',
  'postman-token' => '3b3cd63b-8977-4994-bf7e-42910afcfaad',
  'user-agent' => 'PostmanRuntime/7.1.5',
  'accept' => '*/*',
  'host' => 'limiapp.com',
  'cookie' => 'XDEBUG_SESSION=PHPSTORM',
  'accept-encoding' => 'gzip, deflate',
  'connection' => 'keep-alive',
)
[ info ] [ PARAM ] array (
  'id' => '7',
  'time' => '',
  'token' => 'ec553524c0f13b96e3b71eaafec3aebfc1ded533',
  'page' => '1',
  'video' => 'getVideoList',
)
[ info ] [ DB ] INIT mysql
[ info ] [ BEHAVIOR ] Run app\behavior\Server @app_begin [ RunTime:0.326061s ]
[ info ] [ BEHAVIOR ] Run app\behavior\Appset @app_begin [ RunTime:0.001150s ]
[ info ] [ BEHAVIOR ] Run app\apps1_2\behavior\Auth @action_begin [ RunTime:0.181969s ]
[ info ] [ RUN ] app\apps1_4\controller\Video->getVideoList[ D:\xampp\htdocs\limiapp\application\apps1_4\controller\Video.php ]
[ info ] [ LOG ] INIT File
[ sql ] [ DB ] CONNECT:[ UseTime:0.130714s ] mysql:host=47.97.218.145;port=3306;dbname=testapp;charset=utf8
[ sql ] [ SQL ] SHOW COLUMNS FROM `limi_sys_set` [ RunTime:0.087907s ]
[ sql ] [ SQL ] SELECT * FROM `limi_sys_set` WHERE  `key` = 5 LIMIT 1 [ RunTime:0.090173s ]
[ sql ] [ SQL ] SHOW COLUMNS FROM `limi_user` [ RunTime:0.087795s ]
[ sql ] [ SQL ] SELECT `status` FROM `limi_user` WHERE  `id` = 7 LIMIT 1 [ RunTime:0.087360s ]
[ sql ] [ SQL ] SELECT `token` FROM `limi_user` WHERE  `id` = 7 LIMIT 1 [ RunTime:0.087829s ]
---------------------------------------------------------------
[ 2018-06-19T14:22:49+08:00 ] 127.0.0.1 GET /index.php/app1_4/video/getVideoList?id=7&time=&token=ec553524c0f13b96e3b71eaafec3aebfc1ded533&page=1
[ info ] limiapp.com/index.php/app1_4/video/getVideoList?id=7&time=&token=ec553524c0f13b96e3b71eaafec3aebfc1ded533&page=1 [运行时间：47.380435s][吞吐率：0.02req/s] [内存消耗：3,313.46kb] [文件加载：54]
[ info ] [ LANG ] D:\xampp\htdocs\limiapp\thinkphp\lang\zh-cn.php
[ info ] [ ROUTE ] array (
  'type' => 'module',
  'module' => 
  array (
    0 => 'apps1_4',
    1 => 'video',
    2 => 'getVideoList',
  ),
  'convert' => false,
)
[ info ] [ HEADER ] array (
  'cache-control' => 'no-cache',
  'postman-token' => '44d69e35-e3f7-40e7-bca9-0ee4c9780e80',
  'user-agent' => 'PostmanRuntime/7.1.5',
  'accept' => '*/*',
  'host' => 'limiapp.com',
  'cookie' => 'XDEBUG_SESSION=PHPSTORM',
  'accept-encoding' => 'gzip, deflate',
  'connection' => 'keep-alive',
)
[ info ] [ PARAM ] array (
  'id' => '7',
  'time' => '',
  'token' => 'ec553524c0f13b96e3b71eaafec3aebfc1ded533',
  'page' => '1',
  'video' => 'getVideoList',
)
[ info ] [ DB ] INIT mysql
[ info ] [ BEHAVIOR ] Run app\behavior\Server @app_begin [ RunTime:0.313934s ]
[ info ] [ BEHAVIOR ] Run app\behavior\Appset @app_begin [ RunTime:0.001286s ]
[ info ] [ BEHAVIOR ] Run app\apps1_2\behavior\Auth @action_begin [ RunTime:0.178895s ]
[ info ] [ RUN ] app\apps1_4\controller\Video->getVideoList[ D:\xampp\htdocs\limiapp\application\apps1_4\controller\Video.php ]
[ info ] [ LOG ] INIT File
[ sql ] [ DB ] CONNECT:[ UseTime:0.127914s ] mysql:host=47.97.218.145;port=3306;dbname=testapp;charset=utf8
[ sql ] [ SQL ] SHOW COLUMNS FROM `limi_sys_set` [ RunTime:0.083337s ]
[ sql ] [ SQL ] SELECT * FROM `limi_sys_set` WHERE  `key` = 5 LIMIT 1 [ RunTime:0.083959s ]
[ sql ] [ SQL ] SHOW COLUMNS FROM `limi_user` [ RunTime:0.085466s ]
[ sql ] [ SQL ] SELECT `status` FROM `limi_user` WHERE  `id` = 7 LIMIT 1 [ RunTime:0.083930s ]
[ sql ] [ SQL ] SELECT `token` FROM `limi_user` WHERE  `id` = 7 LIMIT 1 [ RunTime:0.086827s ]
---------------------------------------------------------------
[ 2018-06-19T14:23:25+08:00 ] 127.0.0.1 GET /index.php/app1_4/video/getVideoList?id=7&time=&token=ec553524c0f13b96e3b71eaafec3aebfc1ded533&page=1
[ info ] limiapp.com/index.php/app1_4/video/getVideoList?id=7&time=&token=ec553524c0f13b96e3b71eaafec3aebfc1ded533&page=1 [运行时间：0.220462s][吞吐率：4.54req/s] [内存消耗：2,396.36kb] [文件加载：44]
[ info ] [ LANG ] D:\xampp\htdocs\limiapp\thinkphp\lang\zh-cn.php
[ info ] [ ROUTE ] array (
  'type' => 'module',
  'module' => 
  array (
    0 => 'apps1_4',
    1 => 'video',
    2 => 'getVideoList',
  ),
  'convert' => false,
)
[ info ] [ HEADER ] array (
  'cache-control' => 'no-cache',
  'postman-token' => 'b05dd5be-9c8f-4234-b932-a6c68ced315b',
  'user-agent' => 'PostmanRuntime/7.1.5',
  'accept' => '*/*',
  'host' => 'limiapp.com',
  'cookie' => 'XDEBUG_SESSION=PHPSTORM',
  'accept-encoding' => 'gzip, deflate',
  'connection' => 'keep-alive',
)
[ info ] [ PARAM ] array (
  'id' => '7',
  'time' => '',
  'token' => 'ec553524c0f13b96e3b71eaafec3aebfc1ded533',
  'page' => '1',
  'video' => 'getVideoList',
)
[ info ] [ DB ] INIT mysql
[ info ] [ LOG ] INIT File
[ error ] [1045]SQLSTATE[HY000] [1045] Access denied for user 'root'@'171.221.150.95' (using password: NO)[D:\xampp\htdocs\limiapp\thinkphp\library\think\db\Connection.php:293]
---------------------------------------------------------------
[ 2018-06-19T14:24:14+08:00 ] 127.0.0.1 GET /index.php/app1_4/video/getVideoList?id=7&time=&token=ec553524c0f13b96e3b71eaafec3aebfc1ded533&page=1
[ info ] limiapp.com/index.php/app1_4/video/getVideoList?id=7&time=&token=ec553524c0f13b96e3b71eaafec3aebfc1ded533&page=1 [运行时间：0.070309s][吞吐率：14.22req/s] [内存消耗：2,396.54kb] [文件加载：44]
[ info ] [ LANG ] D:\xampp\htdocs\limiapp\thinkphp\lang\zh-cn.php
[ info ] [ ROUTE ] array (
  'type' => 'module',
  'module' => 
  array (
    0 => 'apps1_4',
    1 => 'video',
    2 => 'getVideoList',
  ),
  'convert' => false,
)
[ info ] [ HEADER ] array (
  'cache-control' => 'no-cache',
  'postman-token' => '502c8fc5-4c51-4fa3-b725-dbcdf06ecf8f',
  'user-agent' => 'PostmanRuntime/7.1.5',
  'accept' => '*/*',
  'host' => 'limiapp.com',
  'cookie' => 'XDEBUG_SESSION=PHPSTORM',
  'accept-encoding' => 'gzip, deflate',
  'connection' => 'keep-alive',
)
[ info ] [ PARAM ] array (
  'id' => '7',
  'time' => '',
  'token' => 'ec553524c0f13b96e3b71eaafec3aebfc1ded533',
  'page' => '1',
  'video' => 'getVideoList',
)
[ info ] [ DB ] INIT mysql
[ info ] [ LOG ] INIT File
[ error ] [1045]SQLSTATE[HY000] [1045] Access denied for user 'limiapp'@'localhost' (using password: YES)[D:\xampp\htdocs\limiapp\thinkphp\library\think\db\Connection.php:293]
---------------------------------------------------------------
[ 2018-06-19T14:25:02+08:00 ] 127.0.0.1 GET /index.php/app1_4/video/getVideoList?id=7&time=&token=ec553524c0f13b96e3b71eaafec3aebfc1ded533&page=1
[ info ] limiapp.com/index.php/app1_4/video/getVideoList?id=7&time=&token=ec553524c0f13b96e3b71eaafec3aebfc1ded533&page=1 [运行时间：10.077316s][吞吐率：0.10req/s] [内存消耗：3,420.23kb] [文件加载：56]
[ info ] [ LANG ] D:\xampp\htdocs\limiapp\thinkphp\lang\zh-cn.php
[ info ] [ ROUTE ] array (
  'type' => 'module',
  'module' => 
  array (
    0 => 'apps1_4',
    1 => 'video',
    2 => 'getVideoList',
  ),
  'convert' => false,
)
[ info ] [ HEADER ] array (
  'cache-control' => 'no-cache',
  'postman-token' => 'c27b3d9b-4f93-442d-9c99-470905afc856',
  'user-agent' => 'PostmanRuntime/7.1.5',
  'accept' => '*/*',
  'host' => 'limiapp.com',
  'cookie' => 'XDEBUG_SESSION=PHPSTORM',
  'accept-encoding' => 'gzip, deflate',
  'connection' => 'keep-alive',
)
[ info ] [ PARAM ] array (
  'id' => '7',
  'time' => '',
  'token' => 'ec553524c0f13b96e3b71eaafec3aebfc1ded533',
  'page' => '1',
  'video' => 'getVideoList',
)
[ info ] [ DB ] INIT mysql
[ info ] [ BEHAVIOR ] Run app\behavior\Server @app_begin [ RunTime:0.316760s ]
[ info ] [ BEHAVIOR ] Run app\behavior\Appset @app_begin [ RunTime:0.001290s ]
[ info ] [ BEHAVIOR ] Run app\apps1_2\behavior\Auth @action_begin [ RunTime:0.176150s ]
[ info ] [ RUN ] app\apps1_4\controller\Video->getVideoList[ D:\xampp\htdocs\limiapp\application\apps1_4\controller\Video.php ]
[ info ] [ LOG ] INIT File
[ sql ] [ DB ] CONNECT:[ UseTime:0.130171s ] mysql:host=47.97.218.145;port=3306;dbname=limiapp;charset=utf8
[ sql ] [ SQL ] SHOW COLUMNS FROM `limi_sys_set` [ RunTime:0.084967s ]
[ sql ] [ SQL ] SELECT * FROM `limi_sys_set` WHERE  `key` = 5 LIMIT 1 [ RunTime:0.083608s ]
[ sql ] [ SQL ] SHOW COLUMNS FROM `limi_user` [ RunTime:0.086015s ]
[ sql ] [ SQL ] SELECT `status` FROM `limi_user` WHERE  `id` = 7 LIMIT 1 [ RunTime:0.084024s ]
[ sql ] [ SQL ] SELECT `token` FROM `limi_user` WHERE  `id` = 7 LIMIT 1 [ RunTime:0.084200s ]
[ sql ] [ SQL ] SELECT `user_info_status`,`identity_status`,`identity_time` FROM `limi_user` WHERE  `id` = 7 LIMIT 1 [ RunTime:0.085000s ]
[ sql ] [ SQL ] SELECT  a.id,a.user_id,a.title,a.video_cover,a.video,a.width,a.height,a.view_num, CASE d.type WHEN 1 THEN 1 WHEN 0 THEN 0 ELSE 0 END as is_click,CASE e.is_cancel WHEN 1 THEN 0 WHEN 0 THEN 1 ELSE 0 END as is_attention,a.click_num,a.discuss_num,a.tags,a.music_id,b.nickname user_nickname,CONCAT("http://cloud.youhongtech.com",b.head_pic) AS user_head_pic,c.name music_name,CONCAT("http://video.youhongtech.com",c.pic) AS music_pic FROM limi_video AS a LEFT JOIN limi_user AS b ON a.user_id = b.id LEFT JOIN limi_music AS c ON a.music_id = c.id LEFT JOIN limi_video_click AS d ON (a.id = d.video_id AND a.user_id=d.user_id) LEFT JOIN limi_user_relation AS e ON (e.attention_id=a.user_id AND e.user_id=7 )WHERE a.view_auth=1 AND a.status=0 AND a.user_id NOT IN (SELECT black_user_id FROM limi_user_black WHERE user_id=7) ORDER BY RAND() LIMIT 20 [ RunTime:0.085475s ]
---------------------------------------------------------------
[ 2018-06-19T14:27:37+08:00 ] 127.0.0.1 GET /index.php/app1_4/video/getVideoList?id=697&time=&token=ed10d872ad933a13d3d6000f5a9c27713041adba&page=1
[ info ] limiapp.com/index.php/app1_4/video/getVideoList?id=697&time=&token=ed10d872ad933a13d3d6000f5a9c27713041adba&page=1 [运行时间：14.915363s][吞吐率：0.07req/s] [内存消耗：3,441.99kb] [文件加载：56]
[ info ] [ LANG ] D:\xampp\htdocs\limiapp\thinkphp\lang\zh-cn.php
[ info ] [ ROUTE ] array (
  'type' => 'module',
  'module' => 
  array (
    0 => 'apps1_4',
    1 => 'video',
    2 => 'getVideoList',
  ),
  'convert' => false,
)
[ info ] [ HEADER ] array (
  'cache-control' => 'no-cache',
  'postman-token' => '2f15dbf2-d876-4ee2-b717-b38c9cb7b9ab',
  'user-agent' => 'PostmanRuntime/7.1.5',
  'accept' => '*/*',
  'host' => 'limiapp.com',
  'cookie' => 'XDEBUG_SESSION=PHPSTORM',
  'accept-encoding' => 'gzip, deflate',
  'connection' => 'keep-alive',
)
[ info ] [ PARAM ] array (
  'id' => '697',
  'time' => '',
  'token' => 'ed10d872ad933a13d3d6000f5a9c27713041adba',
  'page' => '1',
  'video' => 'getVideoList',
)
[ info ] [ DB ] INIT mysql
[ info ] [ BEHAVIOR ] Run app\behavior\Server @app_begin [ RunTime:0.318682s ]
[ info ] [ BEHAVIOR ] Run app\behavior\Appset @app_begin [ RunTime:0.001479s ]
[ info ] [ BEHAVIOR ] Run app\apps1_2\behavior\Auth @action_begin [ RunTime:0.174189s ]
[ info ] [ RUN ] app\apps1_4\controller\Video->getVideoList[ D:\xampp\htdocs\limiapp\application\apps1_4\controller\Video.php ]
[ info ] [ LOG ] INIT File
[ sql ] [ DB ] CONNECT:[ UseTime:0.129898s ] mysql:host=47.97.218.145;port=3306;dbname=limiapp;charset=utf8
[ sql ] [ SQL ] SHOW COLUMNS FROM `limi_sys_set` [ RunTime:0.088317s ]
[ sql ] [ SQL ] SELECT * FROM `limi_sys_set` WHERE  `key` = 5 LIMIT 1 [ RunTime:0.084359s ]
[ sql ] [ SQL ] SHOW COLUMNS FROM `limi_user` [ RunTime:0.084956s ]
[ sql ] [ SQL ] SELECT `status` FROM `limi_user` WHERE  `id` = 697 LIMIT 1 [ RunTime:0.083027s ]
[ sql ] [ SQL ] SELECT `token` FROM `limi_user` WHERE  `id` = 697 LIMIT 1 [ RunTime:0.083854s ]
[ sql ] [ SQL ] SELECT `user_info_status`,`identity_status`,`identity_time` FROM `limi_user` WHERE  `id` = 697 LIMIT 1 [ RunTime:0.084332s ]
[ sql ] [ SQL ] SELECT  a.id,a.user_id,a.title,a.video_cover,a.video,a.width,a.height,a.view_num, CASE d.type WHEN 1 THEN 1 WHEN 0 THEN 0 ELSE 0 END as is_click,CASE e.is_cancel WHEN 1 THEN 0 WHEN 0 THEN 1 ELSE 0 END as is_attention,a.click_num,a.discuss_num,a.tags,a.music_id,b.nickname user_nickname,CONCAT("http://cloud.youhongtech.com",b.head_pic) AS user_head_pic,c.name music_name,CONCAT("http://video.youhongtech.com",c.pic) AS music_pic FROM limi_video AS a LEFT JOIN limi_user AS b ON a.user_id = b.id LEFT JOIN limi_music AS c ON a.music_id = c.id LEFT JOIN limi_video_click AS d ON (a.id = d.video_id AND a.user_id=d.user_id) LEFT JOIN limi_user_relation AS e ON (e.attention_id=a.user_id AND e.user_id=697 )WHERE a.view_auth=1 AND a.status=0 AND a.user_id NOT IN (SELECT black_user_id FROM limi_user_black WHERE user_id=697) ORDER BY RAND() LIMIT 20 [ RunTime:0.085167s ]
---------------------------------------------------------------
[ 2018-06-19T14:30:28+08:00 ] 127.0.0.1 GET /index.php/app1_4/video/getVideoList?id=697&time=&token=ed10d872ad933a13d3d6000f5a9c27713041adba&page=1
[ info ] limiapp.com/index.php/app1_4/video/getVideoList?id=697&time=&token=ed10d872ad933a13d3d6000f5a9c27713041adba&page=1 [运行时间：0.836060s][吞吐率：1.20req/s] [内存消耗：3,404.22kb] [文件加载：56]
[ info ] [ LANG ] D:\xampp\htdocs\limiapp\thinkphp\lang\zh-cn.php
[ info ] [ ROUTE ] array (
  'type' => 'module',
  'module' => 
  array (
    0 => 'apps1_4',
    1 => 'video',
    2 => 'getVideoList',
  ),
  'convert' => false,
)
[ info ] [ HEADER ] array (
  'cache-control' => 'no-cache',
  'postman-token' => 'ce5e1a15-7c30-4fbc-8c46-2f8d61883b95',
  'user-agent' => 'PostmanRuntime/7.1.5',
  'accept' => '*/*',
  'host' => 'limiapp.com',
  'cookie' => 'XDEBUG_SESSION=PHPSTORM',
  'accept-encoding' => 'gzip, deflate',
  'connection' => 'keep-alive',
)
[ info ] [ PARAM ] array (
  'id' => '697',
  'time' => '',
  'token' => 'ed10d872ad933a13d3d6000f5a9c27713041adba',
  'page' => '1',
  'video' => 'getVideoList',
)
[ info ] [ DB ] INIT mysql
[ info ] [ BEHAVIOR ] Run app\behavior\Server @app_begin [ RunTime:0.320480s ]
[ info ] [ BEHAVIOR ] Run app\behavior\Appset @app_begin [ RunTime:0.001436s ]
[ info ] [ BEHAVIOR ] Run app\apps1_2\behavior\Auth @action_begin [ RunTime:0.176856s ]
[ info ] [ RUN ] app\apps1_4\controller\Video->getVideoList[ D:\xampp\htdocs\limiapp\application\apps1_4\controller\Video.php ]
[ info ] [ LOG ] INIT File
[ sql ] [ DB ] CONNECT:[ UseTime:0.132948s ] mysql:host=47.97.218.145;port=3306;dbname=limiapp;charset=utf8
[ sql ] [ SQL ] SHOW COLUMNS FROM `limi_sys_set` [ RunTime:0.085094s ]
[ sql ] [ SQL ] SELECT * FROM `limi_sys_set` WHERE  `key` = 5 LIMIT 1 [ RunTime:0.084675s ]
[ sql ] [ SQL ] SHOW COLUMNS FROM `limi_user` [ RunTime:0.085452s ]
[ sql ] [ SQL ] SELECT `status` FROM `limi_user` WHERE  `id` = 697 LIMIT 1 [ RunTime:0.084952s ]
[ sql ] [ SQL ] SELECT `token` FROM `limi_user` WHERE  `id` = 697 LIMIT 1 [ RunTime:0.085355s ]
[ sql ] [ SQL ] SELECT `user_info_status`,`identity_status`,`identity_time` FROM `limi_user` WHERE  `id` = 697 LIMIT 1 [ RunTime:0.085899s ]
[ sql ] [ SQL ] SELECT  a.id,a.user_id,a.title,a.video_cover,a.video,a.width,a.height,a.view_num, CASE d.type WHEN 1 THEN 1 WHEN 0 THEN 0 ELSE 0 END as is_click,CASE e.is_cancel WHEN 1 THEN 0 WHEN 0 THEN 1 ELSE 0 END as is_attention,a.click_num,a.discuss_num,a.tags,a.music_id,b.nickname user_nickname,CONCAT("http://cloud.youhongtech.com",b.head_pic) AS user_head_pic,c.name music_name,CONCAT("http://video.youhongtech.com",c.pic) AS music_pic FROM limi_video AS a LEFT JOIN limi_user AS b ON a.user_id = b.id LEFT JOIN limi_music AS c ON a.music_id = c.id LEFT JOIN limi_video_click AS d ON (a.id = d.video_id AND d.user_id=697) LEFT JOIN limi_user_relation AS e ON (e.attention_id=a.user_id AND e.user_id=697 )WHERE a.view_auth=1 AND a.status=0 AND a.user_id NOT IN (SELECT black_user_id FROM limi_user_black WHERE user_id=697) ORDER BY RAND() LIMIT 20 [ RunTime:0.086751s ]
---------------------------------------------------------------
[ 2018-06-19T14:53:46+08:00 ] 127.0.0.1 GET /index.php/app1_4/video/getVideoList?id=697&time=&token=ed10d872ad933a13d3d6000f5a9c27713041adba&page=1
[ info ] limiapp.com/index.php/app1_4/video/getVideoList?id=697&time=&token=ed10d872ad933a13d3d6000f5a9c27713041adba&page=1 [运行时间：5.305513s][吞吐率：0.19req/s] [内存消耗：3,359.45kb] [文件加载：54]
[ info ] [ LANG ] D:\xampp\htdocs\limiapp\thinkphp\lang\zh-cn.php
[ info ] [ ROUTE ] array (
  'type' => 'module',
  'module' => 
  array (
    0 => 'apps1_4',
    1 => 'video',
    2 => 'getVideoList',
  ),
  'convert' => false,
)
[ info ] [ HEADER ] array (
  'cache-control' => 'no-cache',
  'postman-token' => 'ceb082ea-2603-492b-8669-7cbe4bbe9b27',
  'user-agent' => 'PostmanRuntime/7.1.5',
  'accept' => '*/*',
  'host' => 'limiapp.com',
  'cookie' => 'XDEBUG_SESSION=PHPSTORM',
  'accept-encoding' => 'gzip, deflate',
  'connection' => 'keep-alive',
)
[ info ] [ PARAM ] array (
  'id' => '697',
  'time' => '',
  'token' => 'ed10d872ad933a13d3d6000f5a9c27713041adba',
  'page' => '1',
  'video' => 'getVideoList',
)
[ info ] [ DB ] INIT mysql
[ info ] [ BEHAVIOR ] Run app\behavior\Server @app_begin [ RunTime:0.316678s ]
[ info ] [ BEHAVIOR ] Run app\behavior\Appset @app_begin [ RunTime:0.002190s ]
[ info ] [ BEHAVIOR ] Run app\apps1_2\behavior\Auth @action_begin [ RunTime:0.176038s ]
[ info ] [ RUN ] app\apps1_4\controller\Video->getVideoList[ D:\xampp\htdocs\limiapp\application\apps1_4\controller\Video.php ]
[ info ] [ LOG ] INIT File
[ sql ] [ DB ] CONNECT:[ UseTime:0.128699s ] mysql:host=47.97.218.145;port=3306;dbname=limiapp;charset=utf8
[ sql ] [ SQL ] SHOW COLUMNS FROM `limi_sys_set` [ RunTime:0.084261s ]
[ sql ] [ SQL ] SELECT * FROM `limi_sys_set` WHERE  `key` = 5 LIMIT 1 [ RunTime:0.084958s ]
[ sql ] [ SQL ] SHOW COLUMNS FROM `limi_user` [ RunTime:0.084625s ]
[ sql ] [ SQL ] SELECT `status` FROM `limi_user` WHERE  `id` = 697 LIMIT 1 [ RunTime:0.084936s ]
[ sql ] [ SQL ] SELECT `token` FROM `limi_user` WHERE  `id` = 697 LIMIT 1 [ RunTime:0.083851s ]
[ sql ] [ SQL ] SELECT `user_info_status`,`identity_status`,`identity_time` FROM `limi_user` WHERE  `id` = 697 LIMIT 1 [ RunTime:0.083282s ]
[ sql ] [ SQL ] SELECT  a.id,a.user_id,a.title,a.video_cover,a.video,a.width,a.height,a.view_num, CASE d.type WHEN 1 THEN 1 WHEN 0 THEN 0 ELSE 0 END as is_click,CASE e.is_cancel WHEN 1 THEN 0 WHEN 0 THEN 1 ELSE 0 END as is_attention,a.click_num,a.discuss_num,a.tags,a.music_id,b.nickname user_nickname,CONCAT("http://cloud.youhongtech.com",b.head_pic) AS user_head_pic,c.name music_name,CONCAT("http://video.youhongtech.com",c.pic) AS music_pic FROM limi_video AS a LEFT JOIN limi_user AS b ON a.user_id = b.id LEFT JOIN limi_music AS c ON a.music_id = c.id LEFT JOIN limi_video_click AS d ON (a.id = d.video_id AND d.user_id=697) LEFT JOIN limi_user_relation AS e ON (e.attention_id=a.user_id AND e.user_id=697 )WHERE a.view_auth=1 AND a.status=0 AND a.user_id NOT IN (SELECT black_user_id FROM limi_user_black WHERE user_id=697) ORDER BY RAND() LIMIT 20 [ RunTime:0.086163s ]
