---------------------------------------------------------------
[ 2018-06-29T10:03:21+08:00 ] 127.0.0.1 GET /index.php/app1_5/Video/personalDetails?id=3&user_id=3&page=1&type=0&time=1528104018
[ info ] limiapp.com/index.php/app1_5/Video/personalDetails?id=3&user_id=3&page=1&type=0&time=1528104018 [运行时间：1.770102s][吞吐率：0.56req/s] [内存消耗：3,450.78kb] [文件加载：55]
[ info ] [ LANG ] D:\xampp\htdocs\limiapp\thinkphp\lang\zh-cn.php
[ info ] [ ROUTE ] array (
  'type' => 'module',
  'module' => 
  array (
    0 => 'apps1_5',
    1 => 'Video',
    2 => 'personalDetails',
  ),
  'convert' => false,
)
[ info ] [ HEADER ] array (
  'cache-control' => 'no-cache',
  'postman-token' => 'db23427e-d8bb-4277-a38b-f89df351a413',
  'user-agent' => 'PostmanRuntime/7.1.1',
  'accept' => '*/*',
  'host' => 'limiapp.com',
  'cookie' => 'XDEBUG_SESSION=PHPSTORM',
  'accept-encoding' => 'gzip, deflate',
  'connection' => 'keep-alive',
)
[ info ] [ PARAM ] array (
  'id' => '3',
  'user_id' => '3',
  'page' => '1',
  'type' => '0',
  'time' => '1528104018',
  'Video' => 'personalDetails',
)
[ info ] [ DB ] INIT mysql
[ info ] [ BEHAVIOR ] Run app\behavior\Server @app_begin [ RunTime:0.316018s ]
[ info ] [ BEHAVIOR ] Run app\behavior\Appset @app_begin [ RunTime:0.002000s ]
[ info ] [ BEHAVIOR ] Run app\apps1_5\behavior\Auth @action_begin [ RunTime:0.190011s ]
[ info ] [ RUN ] app\apps1_5\controller\Video->personalDetails[ D:\xampp\htdocs\limiapp\application\apps1_5\controller\Video.php ]
[ info ] [ LOG ] INIT File
---------------------------------------------------------------
[ 2018-06-29T10:03:35+08:00 ] 127.0.0.1 GET /index.php/app1_5/Video/personalDetails?id=3&user_id=3&page=1&type=1&time=1528104018
[ info ] limiapp.com/index.php/app1_5/Video/personalDetails?id=3&user_id=3&page=1&type=1&time=1528104018 [运行时间：1.832105s][吞吐率：0.55req/s] [内存消耗：3,456.66kb] [文件加载：55]
[ info ] [ LANG ] D:\xampp\htdocs\limiapp\thinkphp\lang\zh-cn.php
[ info ] [ ROUTE ] array (
  'type' => 'module',
  'module' => 
  array (
    0 => 'apps1_5',
    1 => 'Video',
    2 => 'personalDetails',
  ),
  'convert' => false,
)
[ info ] [ HEADER ] array (
  'cache-control' => 'no-cache',
  'postman-token' => 'e5d9e2ab-0b5a-418a-b028-b3323e17afc5',
  'user-agent' => 'PostmanRuntime/7.1.1',
  'accept' => '*/*',
  'host' => 'limiapp.com',
  'cookie' => 'XDEBUG_SESSION=PHPSTORM',
  'accept-encoding' => 'gzip, deflate',
  'connection' => 'keep-alive',
)
[ info ] [ PARAM ] array (
  'id' => '3',
  'user_id' => '3',
  'page' => '1',
  'type' => '1',
  'time' => '1528104018',
  'Video' => 'personalDetails',
)
[ info ] [ DB ] INIT mysql
[ info ] [ BEHAVIOR ] Run app\behavior\Server @app_begin [ RunTime:0.297017s ]
[ info ] [ BEHAVIOR ] Run app\behavior\Appset @app_begin [ RunTime:0.001000s ]
[ info ] [ BEHAVIOR ] Run app\apps1_5\behavior\Auth @action_begin [ RunTime:0.171010s ]
[ info ] [ RUN ] app\apps1_5\controller\Video->personalDetails[ D:\xampp\htdocs\limiapp\application\apps1_5\controller\Video.php ]
[ info ] [ LOG ] INIT File
---------------------------------------------------------------
[ 2018-06-29T10:04:53+08:00 ] 127.0.0.1 GET /index.php/app1_5/Video/personalDetails?id=3&user_id=3&page=1&type=1&time=1528104018
[ info ] limiapp.com/index.php/app1_5/Video/personalDetails?id=3&user_id=3&page=1&type=1&time=1528104018 [运行时间：1.855106s][吞吐率：0.54req/s] [内存消耗：3,456.66kb] [文件加载：55]
[ info ] [ LANG ] D:\xampp\htdocs\limiapp\thinkphp\lang\zh-cn.php
[ info ] [ ROUTE ] array (
  'type' => 'module',
  'module' => 
  array (
    0 => 'apps1_5',
    1 => 'Video',
    2 => 'personalDetails',
  ),
  'convert' => false,
)
[ info ] [ HEADER ] array (
  'cache-control' => 'no-cache',
  'postman-token' => '6443be9d-c59b-4c9e-b623-2ea22181b5f9',
  'user-agent' => 'PostmanRuntime/7.1.1',
  'accept' => '*/*',
  'host' => 'limiapp.com',
  'cookie' => 'XDEBUG_SESSION=PHPSTORM',
  'accept-encoding' => 'gzip, deflate',
  'connection' => 'keep-alive',
)
[ info ] [ PARAM ] array (
  'id' => '3',
  'user_id' => '3',
  'page' => '1',
  'type' => '1',
  'time' => '1528104018',
  'Video' => 'personalDetails',
)
[ info ] [ DB ] INIT mysql
[ info ] [ BEHAVIOR ] Run app\behavior\Server @app_begin [ RunTime:0.305018s ]
[ info ] [ BEHAVIOR ] Run app\behavior\Appset @app_begin [ RunTime:0.001000s ]
[ info ] [ BEHAVIOR ] Run app\apps1_5\behavior\Auth @action_begin [ RunTime:0.177010s ]
[ info ] [ RUN ] app\apps1_5\controller\Video->personalDetails[ D:\xampp\htdocs\limiapp\application\apps1_5\controller\Video.php ]
[ info ] [ LOG ] INIT File
---------------------------------------------------------------
[ 2018-06-29T10:09:39+08:00 ] 127.0.0.1 GET /index.php/app1_5/Video/personalDetails?id=3&user_id=3&page=1&type=1&time=1528104018
[ info ] limiapp.com/index.php/app1_5/Video/personalDetails?id=3&user_id=3&page=1&type=1&time=1528104018 [运行时间：35.724043s][吞吐率：0.03req/s] [内存消耗：3,380.94kb] [文件加载：53]
[ info ] [ LANG ] D:\xampp\htdocs\limiapp\thinkphp\lang\zh-cn.php
[ info ] [ ROUTE ] array (
  'type' => 'module',
  'module' => 
  array (
    0 => 'apps1_5',
    1 => 'Video',
    2 => 'personalDetails',
  ),
  'convert' => false,
)
[ info ] [ HEADER ] array (
  'cache-control' => 'no-cache',
  'postman-token' => '949f45de-2ac4-44cc-aeec-9aa6e65ec224',
  'user-agent' => 'PostmanRuntime/7.1.1',
  'accept' => '*/*',
  'host' => 'limiapp.com',
  'cookie' => 'XDEBUG_SESSION=PHPSTORM',
  'accept-encoding' => 'gzip, deflate',
  'connection' => 'keep-alive',
)
[ info ] [ PARAM ] array (
  'id' => '3',
  'user_id' => '3',
  'page' => '1',
  'type' => '1',
  'time' => '1528104018',
  'Video' => 'personalDetails',
)
[ info ] [ DB ] INIT mysql
[ info ] [ BEHAVIOR ] Run app\behavior\Server @app_begin [ RunTime:0.301017s ]
[ info ] [ BEHAVIOR ] Run app\behavior\Appset @app_begin [ RunTime:0.002000s ]
[ info ] [ BEHAVIOR ] Run app\apps1_5\behavior\Auth @action_begin [ RunTime:0.175010s ]
[ info ] [ RUN ] app\apps1_5\controller\Video->personalDetails[ D:\xampp\htdocs\limiapp\application\apps1_5\controller\Video.php ]
[ info ] [ LOG ] INIT File
---------------------------------------------------------------
[ 2018-06-29T10:13:00+08:00 ] 127.0.0.1 GET /index.php/app1_5/Video/personalDetails?id=3&user_id=3&page=1&type=0&time=1528104018
[ info ] limiapp.com/index.php/app1_5/Video/personalDetails?id=3&user_id=3&page=1&type=0&time=1528104018 [运行时间：2.001114s][吞吐率：0.50req/s] [内存消耗：3,459.41kb] [文件加载：55]
[ info ] [ LANG ] D:\xampp\htdocs\limiapp\thinkphp\lang\zh-cn.php
[ info ] [ ROUTE ] array (
  'type' => 'module',
  'module' => 
  array (
    0 => 'apps1_5',
    1 => 'Video',
    2 => 'personalDetails',
  ),
  'convert' => false,
)
[ info ] [ HEADER ] array (
  'cache-control' => 'no-cache',
  'postman-token' => 'ae585871-5e43-4a30-bb5d-99c8b3a5a90e',
  'user-agent' => 'PostmanRuntime/7.1.1',
  'accept' => '*/*',
  'host' => 'limiapp.com',
  'cookie' => 'XDEBUG_SESSION=PHPSTORM',
  'accept-encoding' => 'gzip, deflate',
  'connection' => 'keep-alive',
)
[ info ] [ PARAM ] array (
  'id' => '3',
  'user_id' => '3',
  'page' => '1',
  'type' => '0',
  'time' => '1528104018',
  'Video' => 'personalDetails',
)
[ info ] [ DB ] INIT mysql
[ info ] [ BEHAVIOR ] Run app\behavior\Server @app_begin [ RunTime:0.298017s ]
[ info ] [ BEHAVIOR ] Run app\behavior\Appset @app_begin [ RunTime:0.002000s ]
[ info ] [ BEHAVIOR ] Run app\apps1_5\behavior\Auth @action_begin [ RunTime:0.174010s ]
[ info ] [ RUN ] app\apps1_5\controller\Video->personalDetails[ D:\xampp\htdocs\limiapp\application\apps1_5\controller\Video.php ]
[ info ] [ LOG ] INIT File
---------------------------------------------------------------
[ 2018-06-29T10:14:28+08:00 ] 127.0.0.1 GET /index.php/app1_5/Video/personalDetails?id=3&user_id=3&page=1&type=0&time=1528104018
[ info ] limiapp.com/index.php/app1_5/Video/personalDetails?id=3&user_id=3&page=1&type=0&time=1528104018 [运行时间：2.087120s][吞吐率：0.48req/s] [内存消耗：3,459.44kb] [文件加载：55]
[ info ] [ LANG ] D:\xampp\htdocs\limiapp\thinkphp\lang\zh-cn.php
[ info ] [ ROUTE ] array (
  'type' => 'module',
  'module' => 
  array (
    0 => 'apps1_5',
    1 => 'Video',
    2 => 'personalDetails',
  ),
  'convert' => false,
)
[ info ] [ HEADER ] array (
  'cache-control' => 'no-cache',
  'postman-token' => '1ae94b08-170f-4d77-a28f-5b7b205a72ad',
  'user-agent' => 'PostmanRuntime/7.1.1',
  'accept' => '*/*',
  'host' => 'limiapp.com',
  'cookie' => 'XDEBUG_SESSION=PHPSTORM',
  'accept-encoding' => 'gzip, deflate',
  'connection' => 'keep-alive',
)
[ info ] [ PARAM ] array (
  'id' => '3',
  'user_id' => '3',
  'page' => '1',
  'type' => '0',
  'time' => '1528104018',
  'Video' => 'personalDetails',
)
[ info ] [ DB ] INIT mysql
[ info ] [ BEHAVIOR ] Run app\behavior\Server @app_begin [ RunTime:0.310017s ]
[ info ] [ BEHAVIOR ] Run app\behavior\Appset @app_begin [ RunTime:0.002000s ]
[ info ] [ BEHAVIOR ] Run app\apps1_5\behavior\Auth @action_begin [ RunTime:0.180011s ]
[ info ] [ RUN ] app\apps1_5\controller\Video->personalDetails[ D:\xampp\htdocs\limiapp\application\apps1_5\controller\Video.php ]
[ info ] [ LOG ] INIT File
---------------------------------------------------------------
[ 2018-06-29T10:17:35+08:00 ] 127.0.0.1 GET /index.php/app1_5/Video/personalDetails?id=3&user_id=3&page=1&type=0&time=1528104018
[ info ] limiapp.com/index.php/app1_5/Video/personalDetails?id=3&user_id=3&page=1&type=0&time=1528104018 [运行时间：1.913109s][吞吐率：0.52req/s] [内存消耗：3,451.48kb] [文件加载：55]
[ info ] [ LANG ] D:\xampp\htdocs\limiapp\thinkphp\lang\zh-cn.php
[ info ] [ ROUTE ] array (
  'type' => 'module',
  'module' => 
  array (
    0 => 'apps1_5',
    1 => 'Video',
    2 => 'personalDetails',
  ),
  'convert' => false,
)
[ info ] [ HEADER ] array (
  'cache-control' => 'no-cache',
  'postman-token' => '3559bd26-342a-46ed-81af-3d8f1f2c1d00',
  'user-agent' => 'PostmanRuntime/7.1.1',
  'accept' => '*/*',
  'host' => 'limiapp.com',
  'cookie' => 'XDEBUG_SESSION=PHPSTORM',
  'accept-encoding' => 'gzip, deflate',
  'connection' => 'keep-alive',
)
[ info ] [ PARAM ] array (
  'id' => '3',
  'user_id' => '3',
  'page' => '1',
  'type' => '0',
  'time' => '1528104018',
  'Video' => 'personalDetails',
)
[ info ] [ DB ] INIT mysql
[ info ] [ BEHAVIOR ] Run app\behavior\Server @app_begin [ RunTime:0.310018s ]
[ info ] [ BEHAVIOR ] Run app\behavior\Appset @app_begin [ RunTime:0.002000s ]
[ info ] [ BEHAVIOR ] Run app\apps1_5\behavior\Auth @action_begin [ RunTime:0.182011s ]
[ info ] [ RUN ] app\apps1_5\controller\Video->personalDetails[ D:\xampp\htdocs\limiapp\application\apps1_5\controller\Video.php ]
[ info ] [ LOG ] INIT File
---------------------------------------------------------------
[ 2018-06-29T14:06:45+08:00 ] 127.0.0.1 POST /index.php/app1_5/Music/musicCollect
[ info ] limiapp.com/index.php/app1_5/Music/musicCollect [运行时间：0.850049s][吞吐率：1.18req/s] [内存消耗：3,153.13kb] [文件加载：55]
[ info ] [ LANG ] D:\xampp\htdocs\limiapp\thinkphp\lang\zh-cn.php
[ info ] [ ROUTE ] array (
  'type' => 'module',
  'module' => 
  array (
    0 => 'apps1_5',
    1 => 'Music',
    2 => 'musicCollect',
  ),
  'convert' => false,
)
[ info ] [ HEADER ] array (
  'cache-control' => 'no-cache',
  'postman-token' => '4d6b5576-6d5c-49dd-a677-ca6e2fcbe029',
  'user-agent' => 'PostmanRuntime/7.1.1',
  'accept' => '*/*',
  'host' => 'limiapp.com',
  'cookie' => 'XDEBUG_SESSION=PHPSTORM',
  'accept-encoding' => 'gzip, deflate',
  'content-type' => 'multipart/form-data; boundary=--------------------------436457571715913564557000',
  'content-length' => '521',
  'connection' => 'keep-alive',
)
[ info ] [ PARAM ] array (
  'id' => '3',
  'token' => 'd8a1f30f0f29f4a79cc8e8d87bc36bdb13f46df7',
  'music_id' => '25',
  'music_type' => '0',
  'Music' => 'musicCollect',
)
[ info ] [ DB ] INIT mysql
[ info ] [ BEHAVIOR ] Run app\behavior\Server @app_begin [ RunTime:0.421024s ]
[ info ] [ BEHAVIOR ] Run app\behavior\Appset @app_begin [ RunTime:0.001000s ]
[ info ] [ BEHAVIOR ] Run app\apps1_5\behavior\Auth @action_begin [ RunTime:0.175010s ]
[ info ] [ RUN ] app\apps1_5\controller\Music->musicCollect[ D:\xampp\htdocs\limiapp\application\apps1_5\controller\Music.php ]
[ info ] [ LOG ] INIT File
---------------------------------------------------------------
[ 2018-06-29T14:07:29+08:00 ] 127.0.0.1 POST /index.php/app1_5/Music/musicCollect
[ info ] limiapp.com/index.php/app1_5/Music/musicCollect [运行时间：0.974056s][吞吐率：1.03req/s] [内存消耗：3,163.00kb] [文件加载：55]
[ info ] [ LANG ] D:\xampp\htdocs\limiapp\thinkphp\lang\zh-cn.php
[ info ] [ ROUTE ] array (
  'type' => 'module',
  'module' => 
  array (
    0 => 'apps1_5',
    1 => 'Music',
    2 => 'musicCollect',
  ),
  'convert' => false,
)
[ info ] [ HEADER ] array (
  'cache-control' => 'no-cache',
  'postman-token' => '31393ffa-48eb-446e-815e-147903f25939',
  'user-agent' => 'PostmanRuntime/7.1.1',
  'accept' => '*/*',
  'host' => 'limiapp.com',
  'cookie' => 'XDEBUG_SESSION=PHPSTORM',
  'accept-encoding' => 'gzip, deflate',
  'content-type' => 'multipart/form-data; boundary=--------------------------822497565572048697284685',
  'content-length' => '521',
  'connection' => 'keep-alive',
)
[ info ] [ PARAM ] array (
  'id' => '3',
  'token' => 'd8a1f30f0f29f4a79cc8e8d87bc36bdb13f46df7',
  'music_id' => '25',
  'music_type' => '0',
  'Music' => 'musicCollect',
)
[ info ] [ DB ] INIT mysql
[ info ] [ BEHAVIOR ] Run app\behavior\Server @app_begin [ RunTime:0.298017s ]
[ info ] [ BEHAVIOR ] Run app\behavior\Appset @app_begin [ RunTime:0.002000s ]
[ info ] [ BEHAVIOR ] Run app\apps1_5\behavior\Auth @action_begin [ RunTime:0.174010s ]
[ info ] [ RUN ] app\apps1_5\controller\Music->musicCollect[ D:\xampp\htdocs\limiapp\application\apps1_5\controller\Music.php ]
[ info ] [ LOG ] INIT File
---------------------------------------------------------------
[ 2018-06-29T14:18:50+08:00 ] 127.0.0.1 GET /index.php/app1_4/Video/personalDetails?id=2&user_id=20&page=1&type=1&time=1528104018
[ info ] limiapp.com/index.php/app1_4/Video/personalDetails?id=2&user_id=20&page=1&type=1&time=1528104018 [运行时间：1.954112s][吞吐率：0.51req/s] [内存消耗：3,416.51kb] [文件加载：55]
[ info ] [ LANG ] D:\xampp\htdocs\limiapp\thinkphp\lang\zh-cn.php
[ info ] [ ROUTE ] array (
  'type' => 'module',
  'module' => 
  array (
    0 => 'apps1_4',
    1 => 'Video',
    2 => 'personalDetails',
  ),
  'convert' => false,
)
[ info ] [ HEADER ] array (
  'cache-control' => 'no-cache',
  'postman-token' => 'f3a5dedc-0ca3-4ec1-93b1-0ebb4fc03a13',
  'user-agent' => 'PostmanRuntime/7.1.1',
  'accept' => '*/*',
  'host' => 'limiapp.com',
  'cookie' => 'XDEBUG_SESSION=PHPSTORM',
  'accept-encoding' => 'gzip, deflate',
  'connection' => 'keep-alive',
)
[ info ] [ PARAM ] array (
  'id' => '2',
  'user_id' => '20',
  'page' => '1',
  'type' => '1',
  'time' => '1528104018',
  'Video' => 'personalDetails',
)
[ info ] [ DB ] INIT mysql
[ info ] [ BEHAVIOR ] Run app\behavior\Server @app_begin [ RunTime:0.296017s ]
[ info ] [ BEHAVIOR ] Run app\behavior\Appset @app_begin [ RunTime:0.001000s ]
[ info ] [ BEHAVIOR ] Run app\apps1_2\behavior\Auth @action_begin [ RunTime:0.175010s ]
[ info ] [ RUN ] app\apps1_4\controller\Video->personalDetails[ D:\xampp\htdocs\limiapp\application\apps1_4\controller\Video.php ]
[ info ] [ LOG ] INIT File
---------------------------------------------------------------
[ 2018-06-29T14:24:17+08:00 ] 127.0.0.1 GET /index.php/app1_5/Video/personalDetails?id=3&user_id=3&page=1&type=0&time=1528104018
[ info ] limiapp.com/index.php/app1_5/Video/personalDetails?id=3&user_id=3&page=1&type=0&time=1528104018 [运行时间：1.907109s][吞吐率：0.52req/s] [内存消耗：3,454.16kb] [文件加载：55]
[ info ] [ LANG ] D:\xampp\htdocs\limiapp\thinkphp\lang\zh-cn.php
[ info ] [ ROUTE ] array (
  'type' => 'module',
  'module' => 
  array (
    0 => 'apps1_5',
    1 => 'Video',
    2 => 'personalDetails',
  ),
  'convert' => false,
)
[ info ] [ HEADER ] array (
  'cache-control' => 'no-cache',
  'postman-token' => '11f95dfe-6cf2-4393-bbc7-aaf9e51d0972',
  'user-agent' => 'PostmanRuntime/7.1.1',
  'accept' => '*/*',
  'host' => 'limiapp.com',
  'cookie' => 'XDEBUG_SESSION=PHPSTORM',
  'accept-encoding' => 'gzip, deflate',
  'connection' => 'keep-alive',
)
[ info ] [ PARAM ] array (
  'id' => '3',
  'user_id' => '3',
  'page' => '1',
  'type' => '0',
  'time' => '1528104018',
  'Video' => 'personalDetails',
)
[ info ] [ DB ] INIT mysql
[ info ] [ BEHAVIOR ] Run app\behavior\Server @app_begin [ RunTime:0.310017s ]
[ info ] [ BEHAVIOR ] Run app\behavior\Appset @app_begin [ RunTime:0.002001s ]
[ info ] [ BEHAVIOR ] Run app\apps1_5\behavior\Auth @action_begin [ RunTime:0.182011s ]
[ info ] [ RUN ] app\apps1_5\controller\Video->personalDetails[ D:\xampp\htdocs\limiapp\application\apps1_5\controller\Video.php ]
[ info ] [ LOG ] INIT File
---------------------------------------------------------------
[ 2018-06-29T14:24:41+08:00 ] 127.0.0.1 POST /index.php/app1_5/Music/musicCollect
[ info ] limiapp.com/index.php/app1_5/Music/musicCollect [运行时间：1.113064s][吞吐率：0.90req/s] [内存消耗：3,167.03kb] [文件加载：55]
[ info ] [ LANG ] D:\xampp\htdocs\limiapp\thinkphp\lang\zh-cn.php
[ info ] [ ROUTE ] array (
  'type' => 'module',
  'module' => 
  array (
    0 => 'apps1_5',
    1 => 'Music',
    2 => 'musicCollect',
  ),
  'convert' => false,
)
[ info ] [ HEADER ] array (
  'cache-control' => 'no-cache',
  'postman-token' => '1199c624-86fa-4dd1-90ba-57cc3e62c50d',
  'user-agent' => 'PostmanRuntime/7.1.1',
  'accept' => '*/*',
  'host' => 'limiapp.com',
  'cookie' => 'XDEBUG_SESSION=PHPSTORM',
  'accept-encoding' => 'gzip, deflate',
  'content-type' => 'multipart/form-data; boundary=--------------------------877320718833569898429676',
  'content-length' => '521',
  'connection' => 'keep-alive',
)
[ info ] [ PARAM ] array (
  'id' => '3',
  'token' => 'd8a1f30f0f29f4a79cc8e8d87bc36bdb13f46df7',
  'music_id' => '25',
  'music_type' => '0',
  'Music' => 'musicCollect',
)
[ info ] [ DB ] INIT mysql
[ info ] [ BEHAVIOR ] Run app\behavior\Server @app_begin [ RunTime:0.313018s ]
[ info ] [ BEHAVIOR ] Run app\behavior\Appset @app_begin [ RunTime:0.001000s ]
[ info ] [ BEHAVIOR ] Run app\apps1_5\behavior\Auth @action_begin [ RunTime:0.183010s ]
[ info ] [ RUN ] app\apps1_5\controller\Music->musicCollect[ D:\xampp\htdocs\limiapp\application\apps1_5\controller\Music.php ]
[ info ] [ LOG ] INIT File
---------------------------------------------------------------
[ 2018-06-29T14:24:44+08:00 ] 127.0.0.1 POST /index.php/app1_5/Music/musicCollect
[ info ] limiapp.com/index.php/app1_5/Music/musicCollect [运行时间：1.061061s][吞吐率：0.94req/s] [内存消耗：3,167.03kb] [文件加载：55]
[ info ] [ LANG ] D:\xampp\htdocs\limiapp\thinkphp\lang\zh-cn.php
[ info ] [ ROUTE ] array (
  'type' => 'module',
  'module' => 
  array (
    0 => 'apps1_5',
    1 => 'Music',
    2 => 'musicCollect',
  ),
  'convert' => false,
)
[ info ] [ HEADER ] array (
  'cache-control' => 'no-cache',
  'postman-token' => '2d4afe8a-9278-42d9-9fd4-8b8582cefb55',
  'user-agent' => 'PostmanRuntime/7.1.1',
  'accept' => '*/*',
  'host' => 'limiapp.com',
  'cookie' => 'XDEBUG_SESSION=PHPSTORM',
  'accept-encoding' => 'gzip, deflate',
  'content-type' => 'multipart/form-data; boundary=--------------------------498511963750663384671729',
  'content-length' => '521',
  'connection' => 'keep-alive',
)
[ info ] [ PARAM ] array (
  'id' => '3',
  'token' => 'd8a1f30f0f29f4a79cc8e8d87bc36bdb13f46df7',
  'music_id' => '25',
  'music_type' => '0',
  'Music' => 'musicCollect',
)
[ info ] [ DB ] INIT mysql
[ info ] [ BEHAVIOR ] Run app\behavior\Server @app_begin [ RunTime:0.296016s ]
[ info ] [ BEHAVIOR ] Run app\behavior\Appset @app_begin [ RunTime:0.002001s ]
[ info ] [ BEHAVIOR ] Run app\apps1_5\behavior\Auth @action_begin [ RunTime:0.172010s ]
[ info ] [ RUN ] app\apps1_5\controller\Music->musicCollect[ D:\xampp\htdocs\limiapp\application\apps1_5\controller\Music.php ]
[ info ] [ LOG ] INIT File
---------------------------------------------------------------
[ 2018-06-29T14:25:31+08:00 ] 127.0.0.1 POST /index.php/app1_5/Music/musicCollect
[ info ] limiapp.com/index.php/app1_5/Music/musicCollect [运行时间：1.114064s][吞吐率：0.90req/s] [内存消耗：3,167.03kb] [文件加载：55]
[ info ] [ LANG ] D:\xampp\htdocs\limiapp\thinkphp\lang\zh-cn.php
[ info ] [ ROUTE ] array (
  'type' => 'module',
  'module' => 
  array (
    0 => 'apps1_5',
    1 => 'Music',
    2 => 'musicCollect',
  ),
  'convert' => false,
)
[ info ] [ HEADER ] array (
  'cache-control' => 'no-cache',
  'postman-token' => '80eab90d-0a6e-4e97-933d-be237c6f3998',
  'user-agent' => 'PostmanRuntime/7.1.1',
  'accept' => '*/*',
  'host' => 'limiapp.com',
  'cookie' => 'XDEBUG_SESSION=PHPSTORM',
  'accept-encoding' => 'gzip, deflate',
  'content-type' => 'multipart/form-data; boundary=--------------------------506679946156539063139811',
  'content-length' => '521',
  'connection' => 'keep-alive',
)
[ info ] [ PARAM ] array (
  'id' => '3',
  'token' => 'd8a1f30f0f29f4a79cc8e8d87bc36bdb13f46df7',
  'music_id' => '25',
  'music_type' => '0',
  'Music' => 'musicCollect',
)
[ info ] [ DB ] INIT mysql
[ info ] [ BEHAVIOR ] Run app\behavior\Server @app_begin [ RunTime:0.310018s ]
[ info ] [ BEHAVIOR ] Run app\behavior\Appset @app_begin [ RunTime:0.001000s ]
[ info ] [ BEHAVIOR ] Run app\apps1_5\behavior\Auth @action_begin [ RunTime:0.182010s ]
[ info ] [ RUN ] app\apps1_5\controller\Music->musicCollect[ D:\xampp\htdocs\limiapp\application\apps1_5\controller\Music.php ]
[ info ] [ LOG ] INIT File
---------------------------------------------------------------
[ 2018-06-29T14:25:33+08:00 ] 127.0.0.1 POST /index.php/app1_5/Music/musicCollect
[ info ] limiapp.com/index.php/app1_5/Music/musicCollect [运行时间：1.077061s][吞吐率：0.93req/s] [内存消耗：3,167.03kb] [文件加载：55]
[ info ] [ LANG ] D:\xampp\htdocs\limiapp\thinkphp\lang\zh-cn.php
[ info ] [ ROUTE ] array (
  'type' => 'module',
  'module' => 
  array (
    0 => 'apps1_5',
    1 => 'Music',
    2 => 'musicCollect',
  ),
  'convert' => false,
)
[ info ] [ HEADER ] array (
  'cache-control' => 'no-cache',
  'postman-token' => '35effad7-1b79-466f-8ca3-e896e13a9516',
  'user-agent' => 'PostmanRuntime/7.1.1',
  'accept' => '*/*',
  'host' => 'limiapp.com',
  'cookie' => 'XDEBUG_SESSION=PHPSTORM',
  'accept-encoding' => 'gzip, deflate',
  'content-type' => 'multipart/form-data; boundary=--------------------------887573890359129798671177',
  'content-length' => '521',
  'connection' => 'keep-alive',
)
[ info ] [ PARAM ] array (
  'id' => '3',
  'token' => 'd8a1f30f0f29f4a79cc8e8d87bc36bdb13f46df7',
  'music_id' => '25',
  'music_type' => '0',
  'Music' => 'musicCollect',
)
[ info ] [ DB ] INIT mysql
[ info ] [ BEHAVIOR ] Run app\behavior\Server @app_begin [ RunTime:0.303017s ]
[ info ] [ BEHAVIOR ] Run app\behavior\Appset @app_begin [ RunTime:0.001000s ]
[ info ] [ BEHAVIOR ] Run app\apps1_5\behavior\Auth @action_begin [ RunTime:0.176010s ]
[ info ] [ RUN ] app\apps1_5\controller\Music->musicCollect[ D:\xampp\htdocs\limiapp\application\apps1_5\controller\Music.php ]
[ info ] [ LOG ] INIT File
---------------------------------------------------------------
[ 2018-06-29T14:25:52+08:00 ] 127.0.0.1 GET /index.php/app1_5/Music/musicList?page=1
[ info ] limiapp.com/index.php/app1_5/Music/musicList?page=1 [运行时间：0.368021s][吞吐率：2.72req/s] [内存消耗：3,131.80kb] [文件加载：55]
[ info ] [ LANG ] D:\xampp\htdocs\limiapp\thinkphp\lang\zh-cn.php
[ info ] [ ROUTE ] array (
  'type' => 'module',
  'module' => 
  array (
    0 => 'apps1_5',
    1 => 'Music',
    2 => 'musicList',
  ),
  'convert' => false,
)
[ info ] [ HEADER ] array (
  'cache-control' => 'no-cache',
  'postman-token' => '4e9e6319-ed40-43b4-8977-d06489338abe',
  'user-agent' => 'PostmanRuntime/7.1.1',
  'accept' => '*/*',
  'host' => 'limiapp.com',
  'cookie' => 'XDEBUG_SESSION=PHPSTORM',
  'accept-encoding' => 'gzip, deflate',
  'connection' => 'keep-alive',
)
[ info ] [ PARAM ] array (
  'page' => '1',
  'Music' => 'musicList',
)
[ info ] [ DB ] INIT mysql
[ info ] [ BEHAVIOR ] Run app\behavior\Server @app_begin [ RunTime:0.297017s ]
[ info ] [ BEHAVIOR ] Run app\behavior\Appset @app_begin [ RunTime:0.002000s ]
[ info ] [ BEHAVIOR ] Run app\apps1_5\behavior\Auth @action_begin [ RunTime:0.001000s ]
[ info ] [ RUN ] app\apps1_5\controller\Music->musicList[ D:\xampp\htdocs\limiapp\application\apps1_5\controller\Music.php ]
[ info ] [ LOG ] INIT File
---------------------------------------------------------------
[ 2018-06-29T14:26:17+08:00 ] 127.0.0.1 GET /index.php/app1_5/Music/musicList?page=1&id=3&token=d8a1f30f0f29f4a79cc8e8d87bc36bdb13f46df7
[ info ] limiapp.com/index.php/app1_5/Music/musicList?page=1&id=3&token=d8a1f30f0f29f4a79cc8e8d87bc36bdb13f46df7 [运行时间：0.823047s][吞吐率：1.21req/s] [内存消耗：3,219.23kb] [文件加载：59]
[ info ] [ LANG ] D:\xampp\htdocs\limiapp\thinkphp\lang\zh-cn.php
[ info ] [ ROUTE ] array (
  'type' => 'module',
  'module' => 
  array (
    0 => 'apps1_5',
    1 => 'Music',
    2 => 'musicList',
  ),
  'convert' => false,
)
[ info ] [ HEADER ] array (
  'cache-control' => 'no-cache',
  'postman-token' => '183a706d-4d12-4be6-99d5-46a2bbc6062b',
  'user-agent' => 'PostmanRuntime/7.1.1',
  'accept' => '*/*',
  'host' => 'limiapp.com',
  'cookie' => 'XDEBUG_SESSION=PHPSTORM',
  'accept-encoding' => 'gzip, deflate',
  'connection' => 'keep-alive',
)
[ info ] [ PARAM ] array (
  'page' => '1',
  'id' => '3',
  'token' => 'd8a1f30f0f29f4a79cc8e8d87bc36bdb13f46df7',
  'Music' => 'musicList',
)
[ info ] [ DB ] INIT mysql
[ info ] [ BEHAVIOR ] Run app\behavior\Server @app_begin [ RunTime:0.298018s ]
[ info ] [ BEHAVIOR ] Run app\behavior\Appset @app_begin [ RunTime:0.001000s ]
[ info ] [ BEHAVIOR ] Run app\apps1_5\behavior\Auth @action_begin [ RunTime:0.174010s ]
[ info ] [ RUN ] app\apps1_5\controller\Music->musicList[ D:\xampp\htdocs\limiapp\application\apps1_5\controller\Music.php ]
[ info ] [ LOG ] INIT File
[ error ] [2]Invalid argument supplied for foreach()[D:\xampp\htdocs\limiapp\application\apps1_5\controller\Music.php:107]
---------------------------------------------------------------
[ 2018-06-29T14:27:55+08:00 ] 127.0.0.1 GET /index.php/app1_5/Music/musicList?page=1&id=3&token=d8a1f30f0f29f4a79cc8e8d87bc36bdb13f46df7
[ info ] limiapp.com/index.php/app1_5/Music/musicList?page=1&id=3&token=d8a1f30f0f29f4a79cc8e8d87bc36bdb13f46df7 [运行时间：0.830047s][吞吐率：1.20req/s] [内存消耗：3,219.77kb] [文件加载：59]
[ info ] [ LANG ] D:\xampp\htdocs\limiapp\thinkphp\lang\zh-cn.php
[ info ] [ ROUTE ] array (
  'type' => 'module',
  'module' => 
  array (
    0 => 'apps1_5',
    1 => 'Music',
    2 => 'musicList',
  ),
  'convert' => false,
)
[ info ] [ HEADER ] array (
  'cache-control' => 'no-cache',
  'postman-token' => 'cc16156e-fb32-4791-9249-c6f84a2839a1',
  'user-agent' => 'PostmanRuntime/7.1.1',
  'accept' => '*/*',
  'host' => 'limiapp.com',
  'cookie' => 'XDEBUG_SESSION=PHPSTORM',
  'accept-encoding' => 'gzip, deflate',
  'connection' => 'keep-alive',
)
[ info ] [ PARAM ] array (
  'page' => '1',
  'id' => '3',
  'token' => 'd8a1f30f0f29f4a79cc8e8d87bc36bdb13f46df7',
  'Music' => 'musicList',
)
[ info ] [ DB ] INIT mysql
[ info ] [ BEHAVIOR ] Run app\behavior\Server @app_begin [ RunTime:0.309018s ]
[ info ] [ BEHAVIOR ] Run app\behavior\Appset @app_begin [ RunTime:0.001000s ]
[ info ] [ BEHAVIOR ] Run app\apps1_5\behavior\Auth @action_begin [ RunTime:0.178010s ]
[ info ] [ RUN ] app\apps1_5\controller\Music->musicList[ D:\xampp\htdocs\limiapp\application\apps1_5\controller\Music.php ]
[ info ] [ LOG ] INIT File
[ error ] [2]Invalid argument supplied for foreach()[D:\xampp\htdocs\limiapp\application\apps1_5\controller\Music.php:110]
---------------------------------------------------------------
[ 2018-06-29T14:29:10+08:00 ] 127.0.0.1 GET /index.php/app1_5/Music/musicList?page=1&id=3&token=d8a1f30f0f29f4a79cc8e8d87bc36bdb13f46df7
[ info ] limiapp.com/index.php/app1_5/Music/musicList?page=1&id=3&token=d8a1f30f0f29f4a79cc8e8d87bc36bdb13f46df7 [运行时间：57.551292s][吞吐率：0.02req/s] [内存消耗：3,089.16kb] [文件加载：53]
[ info ] [ LANG ] D:\xampp\htdocs\limiapp\thinkphp\lang\zh-cn.php
[ info ] [ ROUTE ] array (
  'type' => 'module',
  'module' => 
  array (
    0 => 'apps1_5',
    1 => 'Music',
    2 => 'musicList',
  ),
  'convert' => false,
)
[ info ] [ HEADER ] array (
  'cache-control' => 'no-cache',
  'postman-token' => '6c91aab9-9eb0-4ea5-a039-4e76d4d7991b',
  'user-agent' => 'PostmanRuntime/7.1.1',
  'accept' => '*/*',
  'host' => 'limiapp.com',
  'cookie' => 'XDEBUG_SESSION=PHPSTORM',
  'accept-encoding' => 'gzip, deflate',
  'connection' => 'keep-alive',
)
[ info ] [ PARAM ] array (
  'page' => '1',
  'id' => '3',
  'token' => 'd8a1f30f0f29f4a79cc8e8d87bc36bdb13f46df7',
  'Music' => 'musicList',
)
[ info ] [ DB ] INIT mysql
[ info ] [ BEHAVIOR ] Run app\behavior\Server @app_begin [ RunTime:0.312018s ]
[ info ] [ BEHAVIOR ] Run app\behavior\Appset @app_begin [ RunTime:0.001000s ]
[ info ] [ BEHAVIOR ] Run app\apps1_5\behavior\Auth @action_begin [ RunTime:0.181010s ]
[ info ] [ RUN ] app\apps1_5\controller\Music->musicList[ D:\xampp\htdocs\limiapp\application\apps1_5\controller\Music.php ]
[ info ] [ LOG ] INIT File
---------------------------------------------------------------
[ 2018-06-29T14:29:14+08:00 ] 127.0.0.1 GET /index.php/app1_5/Music/musicList?page=1&id=3&token=d8a1f30f0f29f4a79cc8e8d87bc36bdb13f46df7
[ info ] limiapp.com/index.php/app1_5/Music/musicList?page=1&id=3&token=d8a1f30f0f29f4a79cc8e8d87bc36bdb13f46df7 [运行时间：1.087063s][吞吐率：0.92req/s] [内存消耗：3,220.71kb] [文件加载：60]
[ info ] [ LANG ] D:\xampp\htdocs\limiapp\thinkphp\lang\zh-cn.php
[ info ] [ ROUTE ] array (
  'type' => 'module',
  'module' => 
  array (
    0 => 'apps1_5',
    1 => 'Music',
    2 => 'musicList',
  ),
  'convert' => false,
)
[ info ] [ HEADER ] array (
  'cache-control' => 'no-cache',
  'postman-token' => '2772f6f7-b93c-4325-9eb9-e8f138f4446a',
  'user-agent' => 'PostmanRuntime/7.1.1',
  'accept' => '*/*',
  'host' => 'limiapp.com',
  'cookie' => 'XDEBUG_SESSION=PHPSTORM',
  'accept-encoding' => 'gzip, deflate',
  'connection' => 'keep-alive',
)
[ info ] [ PARAM ] array (
  'page' => '1',
  'id' => '3',
  'token' => 'd8a1f30f0f29f4a79cc8e8d87bc36bdb13f46df7',
  'Music' => 'musicList',
)
[ info ] [ DB ] INIT mysql
[ info ] [ BEHAVIOR ] Run app\behavior\Server @app_begin [ RunTime:0.311017s ]
[ info ] [ BEHAVIOR ] Run app\behavior\Appset @app_begin [ RunTime:0.001000s ]
[ info ] [ BEHAVIOR ] Run app\apps1_5\behavior\Auth @action_begin [ RunTime:0.181010s ]
[ info ] [ RUN ] app\apps1_5\controller\Music->musicList[ D:\xampp\htdocs\limiapp\application\apps1_5\controller\Music.php ]
[ info ] [ LOG ] INIT File
[ error ] [10501]SQLSTATE[42S22]: Column not found: 1054 Unknown column 'type' in 'where clause'[D:\xampp\htdocs\limiapp\thinkphp\library\think\db\Connection.php:388]
---------------------------------------------------------------
[ 2018-06-29T14:30:34+08:00 ] 127.0.0.1 GET /index.php/app1_5/Music/musicList?page=1&id=3&token=d8a1f30f0f29f4a79cc8e8d87bc36bdb13f46df7
[ info ] limiapp.com/index.php/app1_5/Music/musicList?page=1&id=3&token=d8a1f30f0f29f4a79cc8e8d87bc36bdb13f46df7 [运行时间：2.630150s][吞吐率：0.38req/s] [内存消耗：3,218.52kb] [文件加载：55]
[ info ] [ LANG ] D:\xampp\htdocs\limiapp\thinkphp\lang\zh-cn.php
[ info ] [ ROUTE ] array (
  'type' => 'module',
  'module' => 
  array (
    0 => 'apps1_5',
    1 => 'Music',
    2 => 'musicList',
  ),
  'convert' => false,
)
[ info ] [ HEADER ] array (
  'cache-control' => 'no-cache',
  'postman-token' => 'd38ab5f3-01b8-44b1-a3ae-241212eeff86',
  'user-agent' => 'PostmanRuntime/7.1.1',
  'accept' => '*/*',
  'host' => 'limiapp.com',
  'cookie' => 'XDEBUG_SESSION=PHPSTORM',
  'accept-encoding' => 'gzip, deflate',
  'connection' => 'keep-alive',
)
[ info ] [ PARAM ] array (
  'page' => '1',
  'id' => '3',
  'token' => 'd8a1f30f0f29f4a79cc8e8d87bc36bdb13f46df7',
  'Music' => 'musicList',
)
[ info ] [ DB ] INIT mysql
[ info ] [ BEHAVIOR ] Run app\behavior\Server @app_begin [ RunTime:0.302017s ]
[ info ] [ BEHAVIOR ] Run app\behavior\Appset @app_begin [ RunTime:0.002000s ]
[ info ] [ BEHAVIOR ] Run app\apps1_5\behavior\Auth @action_begin [ RunTime:0.174010s ]
[ info ] [ RUN ] app\apps1_5\controller\Music->musicList[ D:\xampp\htdocs\limiapp\application\apps1_5\controller\Music.php ]
[ info ] [ LOG ] INIT File
---------------------------------------------------------------
[ 2018-06-29T15:06:53+08:00 ] 127.0.0.1 GET /index.php/app1_5/Music/musicList?page=1&id=3&token=d8a1f30f0f29f4a79cc8e8d87bc36bdb13f46df7&type=college
[ info ] limiapp.com/index.php/app1_5/Music/musicList?page=1&id=3&token=d8a1f30f0f29f4a79cc8e8d87bc36bdb13f46df7&type=college [运行时间：0.708040s][吞吐率：1.41req/s] [内存消耗：3,142.30kb] [文件加载：55]
[ info ] [ LANG ] D:\xampp\htdocs\limiapp\thinkphp\lang\zh-cn.php
[ info ] [ ROUTE ] array (
  'type' => 'module',
  'module' => 
  array (
    0 => 'apps1_5',
    1 => 'Music',
    2 => 'musicList',
  ),
  'convert' => false,
)
[ info ] [ HEADER ] array (
  'cache-control' => 'no-cache',
  'postman-token' => '53797e82-cc54-4d05-a7e2-08a03f4f8b9b',
  'user-agent' => 'PostmanRuntime/7.1.1',
  'accept' => '*/*',
  'host' => 'limiapp.com',
  'cookie' => 'XDEBUG_SESSION=PHPSTORM',
  'accept-encoding' => 'gzip, deflate',
  'connection' => 'keep-alive',
)
[ info ] [ PARAM ] array (
  'page' => '1',
  'id' => '3',
  'token' => 'd8a1f30f0f29f4a79cc8e8d87bc36bdb13f46df7',
  'type' => 'college',
  'Music' => 'musicList',
)
[ info ] [ DB ] INIT mysql
[ info ] [ BEHAVIOR ] Run app\behavior\Server @app_begin [ RunTime:0.298017s ]
[ info ] [ BEHAVIOR ] Run app\behavior\Appset @app_begin [ RunTime:0.001000s ]
[ info ] [ BEHAVIOR ] Run app\apps1_5\behavior\Auth @action_begin [ RunTime:0.173010s ]
[ info ] [ RUN ] app\apps1_5\controller\Music->musicList[ D:\xampp\htdocs\limiapp\application\apps1_5\controller\Music.php ]
[ info ] [ LOG ] INIT File
---------------------------------------------------------------
[ 2018-06-29T15:07:00+08:00 ] 127.0.0.1 GET /index.php/app1_5/Music/musicList?page=1&id=3&token=d8a1f30f0f29f4a79cc8e8d87bc36bdb13f46df7&type=collect
[ info ] limiapp.com/index.php/app1_5/Music/musicList?page=1&id=3&token=d8a1f30f0f29f4a79cc8e8d87bc36bdb13f46df7&type=collect [运行时间：1.104063s][吞吐率：0.91req/s] [内存消耗：3,156.86kb] [文件加载：55]
[ info ] [ LANG ] D:\xampp\htdocs\limiapp\thinkphp\lang\zh-cn.php
[ info ] [ ROUTE ] array (
  'type' => 'module',
  'module' => 
  array (
    0 => 'apps1_5',
    1 => 'Music',
    2 => 'musicList',
  ),
  'convert' => false,
)
[ info ] [ HEADER ] array (
  'cache-control' => 'no-cache',
  'postman-token' => '35a8292c-94a9-498f-905e-d5f00d7501ae',
  'user-agent' => 'PostmanRuntime/7.1.1',
  'accept' => '*/*',
  'host' => 'limiapp.com',
  'cookie' => 'XDEBUG_SESSION=PHPSTORM',
  'accept-encoding' => 'gzip, deflate',
  'connection' => 'keep-alive',
)
[ info ] [ PARAM ] array (
  'page' => '1',
  'id' => '3',
  'token' => 'd8a1f30f0f29f4a79cc8e8d87bc36bdb13f46df7',
  'type' => 'collect',
  'Music' => 'musicList',
)
[ info ] [ DB ] INIT mysql
[ info ] [ BEHAVIOR ] Run app\behavior\Server @app_begin [ RunTime:0.317018s ]
[ info ] [ BEHAVIOR ] Run app\behavior\Appset @app_begin [ RunTime:0.001000s ]
[ info ] [ BEHAVIOR ] Run app\apps1_5\behavior\Auth @action_begin [ RunTime:0.193011s ]
[ info ] [ RUN ] app\apps1_5\controller\Music->musicList[ D:\xampp\htdocs\limiapp\application\apps1_5\controller\Music.php ]
[ info ] [ LOG ] INIT File
---------------------------------------------------------------
[ 2018-06-29T15:07:28+08:00 ] 127.0.0.1 GET /index.php/app1_5/Music/musicList?page=1&id=3&token=d8a1f30f0f29f4a79cc8e8d87bc36bdb13f46df7&type=collect
[ info ] limiapp.com/index.php/app1_5/Music/musicList?page=1&id=3&token=d8a1f30f0f29f4a79cc8e8d87bc36bdb13f46df7&type=collect [运行时间：1.064061s][吞吐率：0.94req/s] [内存消耗：3,156.86kb] [文件加载：55]
[ info ] [ LANG ] D:\xampp\htdocs\limiapp\thinkphp\lang\zh-cn.php
[ info ] [ ROUTE ] array (
  'type' => 'module',
  'module' => 
  array (
    0 => 'apps1_5',
    1 => 'Music',
    2 => 'musicList',
  ),
  'convert' => false,
)
[ info ] [ HEADER ] array (
  'cache-control' => 'no-cache',
  'postman-token' => 'd3ff14b7-6721-4777-a744-0fc6e161fe40',
  'user-agent' => 'PostmanRuntime/7.1.1',
  'accept' => '*/*',
  'host' => 'limiapp.com',
  'cookie' => 'XDEBUG_SESSION=PHPSTORM',
  'accept-encoding' => 'gzip, deflate',
  'connection' => 'keep-alive',
)
[ info ] [ PARAM ] array (
  'page' => '1',
  'id' => '3',
  'token' => 'd8a1f30f0f29f4a79cc8e8d87bc36bdb13f46df7',
  'type' => 'collect',
  'Music' => 'musicList',
)
[ info ] [ DB ] INIT mysql
[ info ] [ BEHAVIOR ] Run app\behavior\Server @app_begin [ RunTime:0.299017s ]
[ info ] [ BEHAVIOR ] Run app\behavior\Appset @app_begin [ RunTime:0.001000s ]
[ info ] [ BEHAVIOR ] Run app\apps1_5\behavior\Auth @action_begin [ RunTime:0.171010s ]
[ info ] [ RUN ] app\apps1_5\controller\Music->musicList[ D:\xampp\htdocs\limiapp\application\apps1_5\controller\Music.php ]
[ info ] [ LOG ] INIT File
---------------------------------------------------------------
[ 2018-06-29T15:08:29+08:00 ] 127.0.0.1 POST /index.php/app1_5/Music/musicCollect
[ info ] limiapp.com/index.php/app1_5/Music/musicCollect [运行时间：0.400023s][吞吐率：2.50req/s] [内存消耗：3,164.98kb] [文件加载：57]
[ info ] [ LANG ] D:\xampp\htdocs\limiapp\thinkphp\lang\zh-cn.php
[ info ] [ ROUTE ] array (
  'type' => 'module',
  'module' => 
  array (
    0 => 'apps1_5',
    1 => 'Music',
    2 => 'musicCollect',
  ),
  'convert' => false,
)
[ info ] [ HEADER ] array (
  'cache-control' => 'no-cache',
  'postman-token' => 'ddeab9b5-8973-4af5-a6b0-e3404527b962',
  'user-agent' => 'PostmanRuntime/7.1.1',
  'accept' => '*/*',
  'host' => 'limiapp.com',
  'cookie' => 'XDEBUG_SESSION=PHPSTORM',
  'accept-encoding' => 'gzip, deflate',
  'content-type' => 'multipart/form-data; boundary=--------------------------175409902180471634035012',
  'content-length' => '520',
  'connection' => 'keep-alive',
)
[ info ] [ PARAM ] array (
  'id' => '3',
  'token' => 'd8a1f30f0f29f4a79cc8e8d87bc36bdb13f46df7',
  'music_id' => '3',
  'music_type' => '1',
  'Music' => 'musicCollect',
)
[ info ] [ DB ] INIT mysql
[ info ] [ BEHAVIOR ] Run app\behavior\Server @app_begin [ RunTime:0.308018s ]
[ info ] [ BEHAVIOR ] Run app\behavior\Appset @app_begin [ RunTime:0.001000s ]
[ info ] [ LOG ] INIT File
---------------------------------------------------------------
[ 2018-06-29T15:09:15+08:00 ] 127.0.0.1 POST /index.php/app1_5/Music/musicCol
[ info ] limiapp.com/index.php/app1_5/Music/musicCol [运行时间：0.378022s][吞吐率：2.65req/s] [内存消耗：3,171.71kb] [文件加载：57]
[ info ] [ LANG ] D:\xampp\htdocs\limiapp\thinkphp\lang\zh-cn.php
[ info ] [ ROUTE ] array (
  'type' => 'module',
  'module' => 
  array (
    0 => 'apps1_5',
    1 => 'Music',
    2 => 'musicCol',
  ),
  'convert' => false,
)
[ info ] [ HEADER ] array (
  'cache-control' => 'no-cache',
  'postman-token' => '00333161-4a9e-484d-b608-614c0ac39371',
  'user-agent' => 'PostmanRuntime/7.1.1',
  'accept' => '*/*',
  'host' => 'limiapp.com',
  'cookie' => 'XDEBUG_SESSION=PHPSTORM',
  'accept-encoding' => 'gzip, deflate',
  'content-type' => 'multipart/form-data; boundary=--------------------------541241077180213112445872',
  'content-length' => '520',
  'connection' => 'keep-alive',
)
[ info ] [ PARAM ] array (
  'id' => '3',
  'token' => 'd8a1f30f0f29f4a79cc8e8d87bc36bdb13f46df7',
  'music_id' => '3',
  'music_type' => '1',
  'Music' => 'musicCol',
)
[ info ] [ DB ] INIT mysql
[ info ] [ BEHAVIOR ] Run app\behavior\Server @app_begin [ RunTime:0.309017s ]
[ info ] [ BEHAVIOR ] Run app\behavior\Appset @app_begin [ RunTime:0.002001s ]
[ info ] [ LOG ] INIT File
---------------------------------------------------------------
[ 2018-06-29T15:09:32+08:00 ] 127.0.0.1 POST /index.php/app1_5/Music/musicCollect
[ info ] limiapp.com/index.php/app1_5/Music/musicCollect [运行时间：0.973056s][吞吐率：1.03req/s] [内存消耗：3,159.51kb] [文件加载：55]
[ info ] [ LANG ] D:\xampp\htdocs\limiapp\thinkphp\lang\zh-cn.php
[ info ] [ ROUTE ] array (
  'type' => 'module',
  'module' => 
  array (
    0 => 'apps1_5',
    1 => 'Music',
    2 => 'musicCollect',
  ),
  'convert' => false,
)
[ info ] [ HEADER ] array (
  'cache-control' => 'no-cache',
  'postman-token' => '9cb3112f-0317-4c49-92f8-9c5accb96b95',
  'user-agent' => 'PostmanRuntime/7.1.1',
  'accept' => '*/*',
  'host' => 'limiapp.com',
  'cookie' => 'XDEBUG_SESSION=PHPSTORM',
  'accept-encoding' => 'gzip, deflate',
  'content-type' => 'multipart/form-data; boundary=--------------------------872015041894558732780310',
  'content-length' => '520',
  'connection' => 'keep-alive',
)
[ info ] [ PARAM ] array (
  'id' => '3',
  'token' => 'd8a1f30f0f29f4a79cc8e8d87bc36bdb13f46df7',
  'music_id' => '3',
  'music_type' => '1',
  'Music' => 'musicCollect',
)
[ info ] [ DB ] INIT mysql
[ info ] [ BEHAVIOR ] Run app\behavior\Server @app_begin [ RunTime:0.296017s ]
[ info ] [ BEHAVIOR ] Run app\behavior\Appset @app_begin [ RunTime:0.002000s ]
[ info ] [ BEHAVIOR ] Run app\apps1_5\behavior\Auth @action_begin [ RunTime:0.173010s ]
[ info ] [ RUN ] app\apps1_5\controller\Music->musicCollect[ D:\xampp\htdocs\limiapp\application\apps1_5\controller\Music.php ]
[ info ] [ LOG ] INIT File
---------------------------------------------------------------
[ 2018-06-29T15:09:45+08:00 ] 127.0.0.1 GET /index.php/app1_5/Music/musicList?page=1&id=3&token=d8a1f30f0f29f4a79cc8e8d87bc36bdb13f46df7&type=collect
[ info ] limiapp.com/index.php/app1_5/Music/musicList?page=1&id=3&token=d8a1f30f0f29f4a79cc8e8d87bc36bdb13f46df7&type=collect [运行时间：1.210070s][吞吐率：0.83req/s] [内存消耗：3,223.08kb] [文件加载：60]
[ info ] [ LANG ] D:\xampp\htdocs\limiapp\thinkphp\lang\zh-cn.php
[ info ] [ ROUTE ] array (
  'type' => 'module',
  'module' => 
  array (
    0 => 'apps1_5',
    1 => 'Music',
    2 => 'musicList',
  ),
  'convert' => false,
)
[ info ] [ HEADER ] array (
  'cache-control' => 'no-cache',
  'postman-token' => '776f2e19-d27a-4520-81ec-5ccaa0a8d564',
  'user-agent' => 'PostmanRuntime/7.1.1',
  'accept' => '*/*',
  'host' => 'limiapp.com',
  'cookie' => 'XDEBUG_SESSION=PHPSTORM',
  'accept-encoding' => 'gzip, deflate',
  'connection' => 'keep-alive',
)
[ info ] [ PARAM ] array (
  'page' => '1',
  'id' => '3',
  'token' => 'd8a1f30f0f29f4a79cc8e8d87bc36bdb13f46df7',
  'type' => 'collect',
  'Music' => 'musicList',
)
[ info ] [ DB ] INIT mysql
[ info ] [ BEHAVIOR ] Run app\behavior\Server @app_begin [ RunTime:0.302017s ]
[ info ] [ BEHAVIOR ] Run app\behavior\Appset @app_begin [ RunTime:0.002000s ]
[ info ] [ BEHAVIOR ] Run app\apps1_5\behavior\Auth @action_begin [ RunTime:0.178010s ]
[ info ] [ RUN ] app\apps1_5\controller\Music->musicList[ D:\xampp\htdocs\limiapp\application\apps1_5\controller\Music.php ]
[ info ] [ LOG ] INIT File
[ error ] [10501]SQLSTATE[23000]: Integrity constraint violation: 1052 Column 'id' in where clause is ambiguous[D:\xampp\htdocs\limiapp\thinkphp\library\think\db\Connection.php:388]
---------------------------------------------------------------
[ 2018-06-29T15:11:39+08:00 ] 127.0.0.1 GET /index.php/app1_5/Music/musicList?page=1&id=3&token=d8a1f30f0f29f4a79cc8e8d87bc36bdb13f46df7&type=collect
[ info ] limiapp.com/index.php/app1_5/Music/musicList?page=1&id=3&token=d8a1f30f0f29f4a79cc8e8d87bc36bdb13f46df7&type=collect [运行时间：1.090062s][吞吐率：0.92req/s] [内存消耗：3,216.81kb] [文件加载：60]
[ info ] [ LANG ] D:\xampp\htdocs\limiapp\thinkphp\lang\zh-cn.php
[ info ] [ ROUTE ] array (
  'type' => 'module',
  'module' => 
  array (
    0 => 'apps1_5',
    1 => 'Music',
    2 => 'musicList',
  ),
  'convert' => false,
)
[ info ] [ HEADER ] array (
  'cache-control' => 'no-cache',
  'postman-token' => '0f3e012d-81e4-4047-96e7-773e12552043',
  'user-agent' => 'PostmanRuntime/7.1.1',
  'accept' => '*/*',
  'host' => 'limiapp.com',
  'cookie' => 'XDEBUG_SESSION=PHPSTORM',
  'accept-encoding' => 'gzip, deflate',
  'connection' => 'keep-alive',
)
[ info ] [ PARAM ] array (
  'page' => '1',
  'id' => '3',
  'token' => 'd8a1f30f0f29f4a79cc8e8d87bc36bdb13f46df7',
  'type' => 'collect',
  'Music' => 'musicList',
)
[ info ] [ DB ] INIT mysql
[ info ] [ BEHAVIOR ] Run app\behavior\Server @app_begin [ RunTime:0.316018s ]
[ info ] [ BEHAVIOR ] Run app\behavior\Appset @app_begin [ RunTime:0.001000s ]
[ info ] [ BEHAVIOR ] Run app\apps1_5\behavior\Auth @action_begin [ RunTime:0.181011s ]
[ info ] [ RUN ] app\apps1_5\controller\Music->musicList[ D:\xampp\htdocs\limiapp\application\apps1_5\controller\Music.php ]
[ info ] [ LOG ] INIT File
[ error ] [10501]SQLSTATE[42S22]: Column not found: 1054 Unknown column 'm.delete_time' in 'where clause'[D:\xampp\htdocs\limiapp\thinkphp\library\think\db\Connection.php:388]
---------------------------------------------------------------
[ 2018-06-29T15:13:16+08:00 ] 127.0.0.1 GET /index.php/app1_5/Music/musicList?page=1&id=3&token=d8a1f30f0f29f4a79cc8e8d87bc36bdb13f46df7&type=collect
[ info ] limiapp.com/index.php/app1_5/Music/musicList?page=1&id=3&token=d8a1f30f0f29f4a79cc8e8d87bc36bdb13f46df7&type=collect [运行时间：1.231071s][吞吐率：0.81req/s] [内存消耗：3,169.33kb] [文件加载：55]
[ info ] [ LANG ] D:\xampp\htdocs\limiapp\thinkphp\lang\zh-cn.php
[ info ] [ ROUTE ] array (
  'type' => 'module',
  'module' => 
  array (
    0 => 'apps1_5',
    1 => 'Music',
    2 => 'musicList',
  ),
  'convert' => false,
)
[ info ] [ HEADER ] array (
  'cache-control' => 'no-cache',
  'postman-token' => '3b73a61a-d59f-48b8-8adf-f39fafaa10ac',
  'user-agent' => 'PostmanRuntime/7.1.1',
  'accept' => '*/*',
  'host' => 'limiapp.com',
  'cookie' => 'XDEBUG_SESSION=PHPSTORM',
  'accept-encoding' => 'gzip, deflate',
  'connection' => 'keep-alive',
)
[ info ] [ PARAM ] array (
  'page' => '1',
  'id' => '3',
  'token' => 'd8a1f30f0f29f4a79cc8e8d87bc36bdb13f46df7',
  'type' => 'collect',
  'Music' => 'musicList',
)
[ info ] [ DB ] INIT mysql
[ info ] [ BEHAVIOR ] Run app\behavior\Server @app_begin [ RunTime:0.303017s ]
[ info ] [ BEHAVIOR ] Run app\behavior\Appset @app_begin [ RunTime:0.001000s ]
[ info ] [ BEHAVIOR ] Run app\apps1_5\behavior\Auth @action_begin [ RunTime:0.176010s ]
[ info ] [ RUN ] app\apps1_5\controller\Music->musicList[ D:\xampp\htdocs\limiapp\application\apps1_5\controller\Music.php ]
[ info ] [ LOG ] INIT File
---------------------------------------------------------------
[ 2018-06-29T15:15:14+08:00 ] 127.0.0.1 GET /index.php/app1_5/Music/musicList?page=1&id=3&token=d8a1f30f0f29f4a79cc8e8d87bc36bdb13f46df7&type=collect
[ info ] limiapp.com/index.php/app1_5/Music/musicList?page=1&id=3&token=d8a1f30f0f29f4a79cc8e8d87bc36bdb13f46df7&type=collect [运行时间：1.286073s][吞吐率：0.78req/s] [内存消耗：3,169.55kb] [文件加载：55]
[ info ] [ LANG ] D:\xampp\htdocs\limiapp\thinkphp\lang\zh-cn.php
[ info ] [ ROUTE ] array (
  'type' => 'module',
  'module' => 
  array (
    0 => 'apps1_5',
    1 => 'Music',
    2 => 'musicList',
  ),
  'convert' => false,
)
[ info ] [ HEADER ] array (
  'cache-control' => 'no-cache',
  'postman-token' => '33fc8fd4-1b55-4b83-a94d-120ed6a13880',
  'user-agent' => 'PostmanRuntime/7.1.1',
  'accept' => '*/*',
  'host' => 'limiapp.com',
  'cookie' => 'XDEBUG_SESSION=PHPSTORM',
  'accept-encoding' => 'gzip, deflate',
  'connection' => 'keep-alive',
)
[ info ] [ PARAM ] array (
  'page' => '1',
  'id' => '3',
  'token' => 'd8a1f30f0f29f4a79cc8e8d87bc36bdb13f46df7',
  'type' => 'collect',
  'Music' => 'musicList',
)
[ info ] [ DB ] INIT mysql
[ info ] [ BEHAVIOR ] Run app\behavior\Server @app_begin [ RunTime:0.312018s ]
[ info ] [ BEHAVIOR ] Run app\behavior\Appset @app_begin [ RunTime:0.001000s ]
[ info ] [ BEHAVIOR ] Run app\apps1_5\behavior\Auth @action_begin [ RunTime:0.183010s ]
[ info ] [ RUN ] app\apps1_5\controller\Music->musicList[ D:\xampp\htdocs\limiapp\application\apps1_5\controller\Music.php ]
[ info ] [ LOG ] INIT File
---------------------------------------------------------------
[ 2018-06-29T15:16:49+08:00 ] 127.0.0.1 GET /index.php/app1_5/Music/musicList?page=1&id=3&token=d8a1f30f0f29f4a79cc8e8d87bc36bdb13f46df7
[ info ] limiapp.com/index.php/app1_5/Music/musicList?page=1&id=3&token=d8a1f30f0f29f4a79cc8e8d87bc36bdb13f46df7 [运行时间：2.685154s][吞吐率：0.37req/s] [内存消耗：3,215.06kb] [文件加载：55]
[ info ] [ LANG ] D:\xampp\htdocs\limiapp\thinkphp\lang\zh-cn.php
[ info ] [ ROUTE ] array (
  'type' => 'module',
  'module' => 
  array (
    0 => 'apps1_5',
    1 => 'Music',
    2 => 'musicList',
  ),
  'convert' => false,
)
[ info ] [ HEADER ] array (
  'cache-control' => 'no-cache',
  'postman-token' => '65e11ef0-234f-46ac-85cc-fbecb52f3401',
  'user-agent' => 'PostmanRuntime/7.1.1',
  'accept' => '*/*',
  'host' => 'limiapp.com',
  'cookie' => 'XDEBUG_SESSION=PHPSTORM',
  'accept-encoding' => 'gzip, deflate',
  'connection' => 'keep-alive',
)
[ info ] [ PARAM ] array (
  'page' => '1',
  'id' => '3',
  'token' => 'd8a1f30f0f29f4a79cc8e8d87bc36bdb13f46df7',
  'Music' => 'musicList',
)
[ info ] [ DB ] INIT mysql
[ info ] [ BEHAVIOR ] Run app\behavior\Server @app_begin [ RunTime:0.311017s ]
[ info ] [ BEHAVIOR ] Run app\behavior\Appset @app_begin [ RunTime:0.001001s ]
[ info ] [ BEHAVIOR ] Run app\apps1_5\behavior\Auth @action_begin [ RunTime:0.181010s ]
[ info ] [ RUN ] app\apps1_5\controller\Music->musicList[ D:\xampp\htdocs\limiapp\application\apps1_5\controller\Music.php ]
[ info ] [ LOG ] INIT File
---------------------------------------------------------------
[ 2018-06-29T15:19:12+08:00 ] 127.0.0.1 GET /index.php/app1_5/Music/musicList?page=1&id=3&token=d8a1f30f0f29f4a79cc8e8d87bc36bdb13f46df7
[ info ] limiapp.com/index.php/app1_5/Music/musicList?page=1&id=3&token=d8a1f30f0f29f4a79cc8e8d87bc36bdb13f46df7 [运行时间：2.621150s][吞吐率：0.38req/s] [内存消耗：3,215.73kb] [文件加载：55]
[ info ] [ LANG ] D:\xampp\htdocs\limiapp\thinkphp\lang\zh-cn.php
[ info ] [ ROUTE ] array (
  'type' => 'module',
  'module' => 
  array (
    0 => 'apps1_5',
    1 => 'Music',
    2 => 'musicList',
  ),
  'convert' => false,
)
[ info ] [ HEADER ] array (
  'cache-control' => 'no-cache',
  'postman-token' => 'e0127f95-673c-458e-8b7b-b90b234fa50d',
  'user-agent' => 'PostmanRuntime/7.1.1',
  'accept' => '*/*',
  'host' => 'limiapp.com',
  'cookie' => 'XDEBUG_SESSION=PHPSTORM',
  'accept-encoding' => 'gzip, deflate',
  'connection' => 'keep-alive',
)
[ info ] [ PARAM ] array (
  'page' => '1',
  'id' => '3',
  'token' => 'd8a1f30f0f29f4a79cc8e8d87bc36bdb13f46df7',
  'Music' => 'musicList',
)
[ info ] [ DB ] INIT mysql
[ info ] [ BEHAVIOR ] Run app\behavior\Server @app_begin [ RunTime:0.300017s ]
[ info ] [ BEHAVIOR ] Run app\behavior\Appset @app_begin [ RunTime:0.002000s ]
[ info ] [ BEHAVIOR ] Run app\apps1_5\behavior\Auth @action_begin [ RunTime:0.176010s ]
[ info ] [ RUN ] app\apps1_5\controller\Music->musicList[ D:\xampp\htdocs\limiapp\application\apps1_5\controller\Music.php ]
[ info ] [ LOG ] INIT File
---------------------------------------------------------------
[ 2018-06-29T15:19:27+08:00 ] 127.0.0.1 GET /index.php/app1_5/Music/musicList?page=1&id=3&token=d8a1f30f0f29f4a79cc8e8d87bc36bdb13f46df7&type=ch
[ info ] limiapp.com/index.php/app1_5/Music/musicList?page=1&id=3&token=d8a1f30f0f29f4a79cc8e8d87bc36bdb13f46df7&type=ch [运行时间：1.044060s][吞吐率：0.96req/s] [内存消耗：3,160.42kb] [文件加载：55]
[ info ] [ LANG ] D:\xampp\htdocs\limiapp\thinkphp\lang\zh-cn.php
[ info ] [ ROUTE ] array (
  'type' => 'module',
  'module' => 
  array (
    0 => 'apps1_5',
    1 => 'Music',
    2 => 'musicList',
  ),
  'convert' => false,
)
[ info ] [ HEADER ] array (
  'cache-control' => 'no-cache',
  'postman-token' => 'c17532da-7a3f-4c01-b66d-df78b52b1bdf',
  'user-agent' => 'PostmanRuntime/7.1.1',
  'accept' => '*/*',
  'host' => 'limiapp.com',
  'cookie' => 'XDEBUG_SESSION=PHPSTORM',
  'accept-encoding' => 'gzip, deflate',
  'connection' => 'keep-alive',
)
[ info ] [ PARAM ] array (
  'page' => '1',
  'id' => '3',
  'token' => 'd8a1f30f0f29f4a79cc8e8d87bc36bdb13f46df7',
  'type' => 'ch',
  'Music' => 'musicList',
)
[ info ] [ DB ] INIT mysql
[ info ] [ BEHAVIOR ] Run app\behavior\Server @app_begin [ RunTime:0.299017s ]
[ info ] [ BEHAVIOR ] Run app\behavior\Appset @app_begin [ RunTime:0.001000s ]
[ info ] [ BEHAVIOR ] Run app\apps1_5\behavior\Auth @action_begin [ RunTime:0.175010s ]
[ info ] [ RUN ] app\apps1_5\controller\Music->musicList[ D:\xampp\htdocs\limiapp\application\apps1_5\controller\Music.php ]
[ info ] [ LOG ] INIT File
---------------------------------------------------------------
[ 2018-06-29T15:19:49+08:00 ] 127.0.0.1 GET /index.php/app1_5/Music/musicList?page=1&id=3&token=d8a1f30f0f29f4a79cc8e8d87bc36bdb13f46df7&type=ja
[ info ] limiapp.com/index.php/app1_5/Music/musicList?page=1&id=3&token=d8a1f30f0f29f4a79cc8e8d87bc36bdb13f46df7&type=ja [运行时间：0.832047s][吞吐率：1.20req/s] [内存消耗：3,152.93kb] [文件加载：55]
[ info ] [ LANG ] D:\xampp\htdocs\limiapp\thinkphp\lang\zh-cn.php
[ info ] [ ROUTE ] array (
  'type' => 'module',
  'module' => 
  array (
    0 => 'apps1_5',
    1 => 'Music',
    2 => 'musicList',
  ),
  'convert' => false,
)
[ info ] [ HEADER ] array (
  'cache-control' => 'no-cache',
  'postman-token' => 'def21315-8e37-45cf-9cfe-de370df4542c',
  'user-agent' => 'PostmanRuntime/7.1.1',
  'accept' => '*/*',
  'host' => 'limiapp.com',
  'cookie' => 'XDEBUG_SESSION=PHPSTORM',
  'accept-encoding' => 'gzip, deflate',
  'connection' => 'keep-alive',
)
[ info ] [ PARAM ] array (
  'page' => '1',
  'id' => '3',
  'token' => 'd8a1f30f0f29f4a79cc8e8d87bc36bdb13f46df7',
  'type' => 'ja',
  'Music' => 'musicList',
)
[ info ] [ DB ] INIT mysql
[ info ] [ BEHAVIOR ] Run app\behavior\Server @app_begin [ RunTime:0.309018s ]
[ info ] [ BEHAVIOR ] Run app\behavior\Appset @app_begin [ RunTime:0.001000s ]
[ info ] [ BEHAVIOR ] Run app\apps1_5\behavior\Auth @action_begin [ RunTime:0.180010s ]
[ info ] [ RUN ] app\apps1_5\controller\Music->musicList[ D:\xampp\htdocs\limiapp\application\apps1_5\controller\Music.php ]
[ info ] [ LOG ] INIT File
---------------------------------------------------------------
[ 2018-06-29T15:19:58+08:00 ] 127.0.0.1 GET /index.php/app1_5/Music/musicList?page=1&id=3&token=d8a1f30f0f29f4a79cc8e8d87bc36bdb13f46df7&type=en
[ info ] limiapp.com/index.php/app1_5/Music/musicList?page=1&id=3&token=d8a1f30f0f29f4a79cc8e8d87bc36bdb13f46df7&type=en [运行时间：1.137065s][吞吐率：0.88req/s] [内存消耗：3,163.28kb] [文件加载：55]
[ info ] [ LANG ] D:\xampp\htdocs\limiapp\thinkphp\lang\zh-cn.php
[ info ] [ ROUTE ] array (
  'type' => 'module',
  'module' => 
  array (
    0 => 'apps1_5',
    1 => 'Music',
    2 => 'musicList',
  ),
  'convert' => false,
)
[ info ] [ HEADER ] array (
  'cache-control' => 'no-cache',
  'postman-token' => 'b81d2de6-368b-4dbd-a94b-27d1fe1446b9',
  'user-agent' => 'PostmanRuntime/7.1.1',
  'accept' => '*/*',
  'host' => 'limiapp.com',
  'cookie' => 'XDEBUG_SESSION=PHPSTORM',
  'accept-encoding' => 'gzip, deflate',
  'connection' => 'keep-alive',
)
[ info ] [ PARAM ] array (
  'page' => '1',
  'id' => '3',
  'token' => 'd8a1f30f0f29f4a79cc8e8d87bc36bdb13f46df7',
  'type' => 'en',
  'Music' => 'musicList',
)
[ info ] [ DB ] INIT mysql
[ info ] [ BEHAVIOR ] Run app\behavior\Server @app_begin [ RunTime:0.300017s ]
[ info ] [ BEHAVIOR ] Run app\behavior\Appset @app_begin [ RunTime:0.002000s ]
[ info ] [ BEHAVIOR ] Run app\apps1_5\behavior\Auth @action_begin [ RunTime:0.175010s ]
[ info ] [ RUN ] app\apps1_5\controller\Music->musicList[ D:\xampp\htdocs\limiapp\application\apps1_5\controller\Music.php ]
[ info ] [ LOG ] INIT File
---------------------------------------------------------------
[ 2018-06-29T15:20:50+08:00 ] 127.0.0.1 GET /index.php/app1_5/Music/musicList?page=1&id=3&token=d8a1f30f0f29f4a79cc8e8d87bc36bdb13f46df7&type=en
[ info ] limiapp.com/index.php/app1_5/Music/musicList?page=1&id=3&token=d8a1f30f0f29f4a79cc8e8d87bc36bdb13f46df7&type=en [运行时间：1.192069s][吞吐率：0.84req/s] [内存消耗：3,163.38kb] [文件加载：55]
[ info ] [ LANG ] D:\xampp\htdocs\limiapp\thinkphp\lang\zh-cn.php
[ info ] [ ROUTE ] array (
  'type' => 'module',
  'module' => 
  array (
    0 => 'apps1_5',
    1 => 'Music',
    2 => 'musicList',
  ),
  'convert' => false,
)
[ info ] [ HEADER ] array (
  'cache-control' => 'no-cache',
  'postman-token' => 'e01ac969-a4ae-4af6-86e5-f5b85faccb19',
  'user-agent' => 'PostmanRuntime/7.1.1',
  'accept' => '*/*',
  'host' => 'limiapp.com',
  'cookie' => 'XDEBUG_SESSION=PHPSTORM',
  'accept-encoding' => 'gzip, deflate',
  'connection' => 'keep-alive',
)
[ info ] [ PARAM ] array (
  'page' => '1',
  'id' => '3',
  'token' => 'd8a1f30f0f29f4a79cc8e8d87bc36bdb13f46df7',
  'type' => 'en',
  'Music' => 'musicList',
)
[ info ] [ DB ] INIT mysql
[ info ] [ BEHAVIOR ] Run app\behavior\Server @app_begin [ RunTime:0.312018s ]
[ info ] [ BEHAVIOR ] Run app\behavior\Appset @app_begin [ RunTime:0.002000s ]
[ info ] [ BEHAVIOR ] Run app\apps1_5\behavior\Auth @action_begin [ RunTime:0.182010s ]
[ info ] [ RUN ] app\apps1_5\controller\Music->musicList[ D:\xampp\htdocs\limiapp\application\apps1_5\controller\Music.php ]
[ info ] [ LOG ] INIT File
---------------------------------------------------------------
[ 2018-06-29T15:20:56+08:00 ] 127.0.0.1 GET /index.php/app1_5/Music/musicList?page=1&id=3&token=d8a1f30f0f29f4a79cc8e8d87bc36bdb13f46df7&type=ja
[ info ] limiapp.com/index.php/app1_5/Music/musicList?page=1&id=3&token=d8a1f30f0f29f4a79cc8e8d87bc36bdb13f46df7&type=ja [运行时间：0.837047s][吞吐率：1.19req/s] [内存消耗：3,151.45kb] [文件加载：55]
[ info ] [ LANG ] D:\xampp\htdocs\limiapp\thinkphp\lang\zh-cn.php
[ info ] [ ROUTE ] array (
  'type' => 'module',
  'module' => 
  array (
    0 => 'apps1_5',
    1 => 'Music',
    2 => 'musicList',
  ),
  'convert' => false,
)
[ info ] [ HEADER ] array (
  'cache-control' => 'no-cache',
  'postman-token' => '3d0d4405-de88-4dfd-a0bd-a7f7ed942d70',
  'user-agent' => 'PostmanRuntime/7.1.1',
  'accept' => '*/*',
  'host' => 'limiapp.com',
  'cookie' => 'XDEBUG_SESSION=PHPSTORM',
  'accept-encoding' => 'gzip, deflate',
  'connection' => 'keep-alive',
)
[ info ] [ PARAM ] array (
  'page' => '1',
  'id' => '3',
  'token' => 'd8a1f30f0f29f4a79cc8e8d87bc36bdb13f46df7',
  'type' => 'ja',
  'Music' => 'musicList',
)
[ info ] [ DB ] INIT mysql
[ info ] [ BEHAVIOR ] Run app\behavior\Server @app_begin [ RunTime:0.311018s ]
[ info ] [ BEHAVIOR ] Run app\behavior\Appset @app_begin [ RunTime:0.001000s ]
[ info ] [ BEHAVIOR ] Run app\apps1_5\behavior\Auth @action_begin [ RunTime:0.180011s ]
[ info ] [ RUN ] app\apps1_5\controller\Music->musicList[ D:\xampp\htdocs\limiapp\application\apps1_5\controller\Music.php ]
[ info ] [ LOG ] INIT File
---------------------------------------------------------------
[ 2018-06-29T15:21:02+08:00 ] 127.0.0.1 GET /index.php/app1_5/Music/musicList?page=1&id=3&token=d8a1f30f0f29f4a79cc8e8d87bc36bdb13f46df7&type=ch
[ info ] limiapp.com/index.php/app1_5/Music/musicList?page=1&id=3&token=d8a1f30f0f29f4a79cc8e8d87bc36bdb13f46df7&type=ch [运行时间：1.057060s][吞吐率：0.95req/s] [内存消耗：3,160.53kb] [文件加载：55]
[ info ] [ LANG ] D:\xampp\htdocs\limiapp\thinkphp\lang\zh-cn.php
[ info ] [ ROUTE ] array (
  'type' => 'module',
  'module' => 
  array (
    0 => 'apps1_5',
    1 => 'Music',
    2 => 'musicList',
  ),
  'convert' => false,
)
[ info ] [ HEADER ] array (
  'cache-control' => 'no-cache',
  'postman-token' => '114ed2d9-58a5-46ed-b4b7-99660a011563',
  'user-agent' => 'PostmanRuntime/7.1.1',
  'accept' => '*/*',
  'host' => 'limiapp.com',
  'cookie' => 'XDEBUG_SESSION=PHPSTORM',
  'accept-encoding' => 'gzip, deflate',
  'connection' => 'keep-alive',
)
[ info ] [ PARAM ] array (
  'page' => '1',
  'id' => '3',
  'token' => 'd8a1f30f0f29f4a79cc8e8d87bc36bdb13f46df7',
  'type' => 'ch',
  'Music' => 'musicList',
)
[ info ] [ DB ] INIT mysql
[ info ] [ BEHAVIOR ] Run app\behavior\Server @app_begin [ RunTime:0.301017s ]
[ info ] [ BEHAVIOR ] Run app\behavior\Appset @app_begin [ RunTime:0.002000s ]
[ info ] [ BEHAVIOR ] Run app\apps1_5\behavior\Auth @action_begin [ RunTime:0.177010s ]
[ info ] [ RUN ] app\apps1_5\controller\Music->musicList[ D:\xampp\htdocs\limiapp\application\apps1_5\controller\Music.php ]
[ info ] [ LOG ] INIT File
---------------------------------------------------------------
[ 2018-06-29T15:22:33+08:00 ] 127.0.0.1 GET /index.php/app1_5/Music/musicList?page=1&id=3&token=d8a1f30f0f29f4a79cc8e8d87bc36bdb13f46df7&type=ch
[ info ] limiapp.com/index.php/app1_5/Music/musicList?page=1&id=3&token=d8a1f30f0f29f4a79cc8e8d87bc36bdb13f46df7&type=ch [运行时间：1.101063s][吞吐率：0.91req/s] [内存消耗：3,160.64kb] [文件加载：55]
[ info ] [ LANG ] D:\xampp\htdocs\limiapp\thinkphp\lang\zh-cn.php
[ info ] [ ROUTE ] array (
  'type' => 'module',
  'module' => 
  array (
    0 => 'apps1_5',
    1 => 'Music',
    2 => 'musicList',
  ),
  'convert' => false,
)
[ info ] [ HEADER ] array (
  'cache-control' => 'no-cache',
  'postman-token' => '5c8114a6-7218-4854-8b00-ccbc904a35b3',
  'user-agent' => 'PostmanRuntime/7.1.1',
  'accept' => '*/*',
  'host' => 'limiapp.com',
  'cookie' => 'XDEBUG_SESSION=PHPSTORM',
  'accept-encoding' => 'gzip, deflate',
  'connection' => 'keep-alive',
)
[ info ] [ PARAM ] array (
  'page' => '1',
  'id' => '3',
  'token' => 'd8a1f30f0f29f4a79cc8e8d87bc36bdb13f46df7',
  'type' => 'ch',
  'Music' => 'musicList',
)
[ info ] [ DB ] INIT mysql
[ info ] [ BEHAVIOR ] Run app\behavior\Server @app_begin [ RunTime:0.310018s ]
[ info ] [ BEHAVIOR ] Run app\behavior\Appset @app_begin [ RunTime:0.001000s ]
[ info ] [ BEHAVIOR ] Run app\apps1_5\behavior\Auth @action_begin [ RunTime:0.183011s ]
[ info ] [ RUN ] app\apps1_5\controller\Music->musicList[ D:\xampp\htdocs\limiapp\application\apps1_5\controller\Music.php ]
[ info ] [ LOG ] INIT File
---------------------------------------------------------------
[ 2018-06-29T15:22:47+08:00 ] 127.0.0.1 GET /index.php/app1_5/Music/musicList?page=1&id=3&token=d8a1f30f0f29f4a79cc8e8d87bc36bdb13f46df7&type=collect
[ info ] limiapp.com/index.php/app1_5/Music/musicList?page=1&id=3&token=d8a1f30f0f29f4a79cc8e8d87bc36bdb13f46df7&type=collect [运行时间：1.231071s][吞吐率：0.81req/s] [内存消耗：3,170.48kb] [文件加载：55]
[ info ] [ LANG ] D:\xampp\htdocs\limiapp\thinkphp\lang\zh-cn.php
[ info ] [ ROUTE ] array (
  'type' => 'module',
  'module' => 
  array (
    0 => 'apps1_5',
    1 => 'Music',
    2 => 'musicList',
  ),
  'convert' => false,
)
[ info ] [ HEADER ] array (
  'cache-control' => 'no-cache',
  'postman-token' => '8783d2f9-1827-4248-bd14-ad1e15683232',
  'user-agent' => 'PostmanRuntime/7.1.1',
  'accept' => '*/*',
  'host' => 'limiapp.com',
  'cookie' => 'XDEBUG_SESSION=PHPSTORM',
  'accept-encoding' => 'gzip, deflate',
  'connection' => 'keep-alive',
)
[ info ] [ PARAM ] array (
  'page' => '1',
  'id' => '3',
  'token' => 'd8a1f30f0f29f4a79cc8e8d87bc36bdb13f46df7',
  'type' => 'collect',
  'Music' => 'musicList',
)
[ info ] [ DB ] INIT mysql
[ info ] [ BEHAVIOR ] Run app\behavior\Server @app_begin [ RunTime:0.301017s ]
[ info ] [ BEHAVIOR ] Run app\behavior\Appset @app_begin [ RunTime:0.001000s ]
[ info ] [ BEHAVIOR ] Run app\apps1_5\behavior\Auth @action_begin [ RunTime:0.176010s ]
[ info ] [ RUN ] app\apps1_5\controller\Music->musicList[ D:\xampp\htdocs\limiapp\application\apps1_5\controller\Music.php ]
[ info ] [ LOG ] INIT File
---------------------------------------------------------------
[ 2018-06-29T15:23:03+08:00 ] 127.0.0.1 GET /index.php/app1_5/Music/musicList?page=1&id=3&token=d8a1f30f0f29f4a79cc8e8d87bc36bdb13f46df7&type=en
[ info ] limiapp.com/index.php/app1_5/Music/musicList?page=1&id=3&token=d8a1f30f0f29f4a79cc8e8d87bc36bdb13f46df7&type=en [运行时间：1.189068s][吞吐率：0.84req/s] [内存消耗：3,163.48kb] [文件加载：55]
[ info ] [ LANG ] D:\xampp\htdocs\limiapp\thinkphp\lang\zh-cn.php
[ info ] [ ROUTE ] array (
  'type' => 'module',
  'module' => 
  array (
    0 => 'apps1_5',
    1 => 'Music',
    2 => 'musicList',
  ),
  'convert' => false,
)
[ info ] [ HEADER ] array (
  'cache-control' => 'no-cache',
  'postman-token' => '1a07913b-a88c-4898-928f-24fd4c988ac4',
  'user-agent' => 'PostmanRuntime/7.1.1',
  'accept' => '*/*',
  'host' => 'limiapp.com',
  'cookie' => 'XDEBUG_SESSION=PHPSTORM',
  'accept-encoding' => 'gzip, deflate',
  'connection' => 'keep-alive',
)
[ info ] [ PARAM ] array (
  'page' => '1',
  'id' => '3',
  'token' => 'd8a1f30f0f29f4a79cc8e8d87bc36bdb13f46df7',
  'type' => 'en',
  'Music' => 'musicList',
)
[ info ] [ DB ] INIT mysql
[ info ] [ BEHAVIOR ] Run app\behavior\Server @app_begin [ RunTime:0.312018s ]
[ info ] [ BEHAVIOR ] Run app\behavior\Appset @app_begin [ RunTime:0.001000s ]
[ info ] [ BEHAVIOR ] Run app\apps1_5\behavior\Auth @action_begin [ RunTime:0.182011s ]
[ info ] [ RUN ] app\apps1_5\controller\Music->musicList[ D:\xampp\htdocs\limiapp\application\apps1_5\controller\Music.php ]
[ info ] [ LOG ] INIT File
---------------------------------------------------------------
[ 2018-06-29T15:23:26+08:00 ] 127.0.0.1 GET /index.php/app1_5/Music/musicList?page=1&id=3&token=d8a1f30f0f29f4a79cc8e8d87bc36bdb13f46df7&type=collect
[ info ] limiapp.com/index.php/app1_5/Music/musicList?page=1&id=3&token=d8a1f30f0f29f4a79cc8e8d87bc36bdb13f46df7&type=collect [运行时间：1.256072s][吞吐率：0.80req/s] [内存消耗：3,170.48kb] [文件加载：55]
[ info ] [ LANG ] D:\xampp\htdocs\limiapp\thinkphp\lang\zh-cn.php
[ info ] [ ROUTE ] array (
  'type' => 'module',
  'module' => 
  array (
    0 => 'apps1_5',
    1 => 'Music',
    2 => 'musicList',
  ),
  'convert' => false,
)
[ info ] [ HEADER ] array (
  'cache-control' => 'no-cache',
  'postman-token' => '5ed2b55e-8170-4dfb-9148-4a97b9a4ded6',
  'user-agent' => 'PostmanRuntime/7.1.1',
  'accept' => '*/*',
  'host' => 'limiapp.com',
  'cookie' => 'XDEBUG_SESSION=PHPSTORM',
  'accept-encoding' => 'gzip, deflate',
  'connection' => 'keep-alive',
)
[ info ] [ PARAM ] array (
  'page' => '1',
  'id' => '3',
  'token' => 'd8a1f30f0f29f4a79cc8e8d87bc36bdb13f46df7',
  'type' => 'collect',
  'Music' => 'musicList',
)
[ info ] [ DB ] INIT mysql
[ info ] [ BEHAVIOR ] Run app\behavior\Server @app_begin [ RunTime:0.309018s ]
[ info ] [ BEHAVIOR ] Run app\behavior\Appset @app_begin [ RunTime:0.001000s ]
[ info ] [ BEHAVIOR ] Run app\apps1_5\behavior\Auth @action_begin [ RunTime:0.181011s ]
[ info ] [ RUN ] app\apps1_5\controller\Music->musicList[ D:\xampp\htdocs\limiapp\application\apps1_5\controller\Music.php ]
[ info ] [ LOG ] INIT File
---------------------------------------------------------------
[ 2018-06-29T17:05:02+08:00 ] 127.0.0.1 GET /index.php/app1_5/Video/personalDetails?id=3&user_id=3&page=1&type=0&time=1528104018
[ info ] limiapp.com/index.php/app1_5/Video/personalDetails?id=3&user_id=3&page=1&type=0&time=1528104018 [运行时间：1.923110s][吞吐率：0.52req/s] [内存消耗：3,454.34kb] [文件加载：55]
[ info ] [ LANG ] D:\xampp\htdocs\limiapp\thinkphp\lang\zh-cn.php
[ info ] [ ROUTE ] array (
  'type' => 'module',
  'module' => 
  array (
    0 => 'apps1_5',
    1 => 'Video',
    2 => 'personalDetails',
  ),
  'convert' => false,
)
[ info ] [ HEADER ] array (
  'cache-control' => 'no-cache',
  'postman-token' => '87d620b7-1461-4794-b639-372788325433',
  'user-agent' => 'PostmanRuntime/7.1.1',
  'accept' => '*/*',
  'host' => 'limiapp.com',
  'cookie' => 'XDEBUG_SESSION=PHPSTORM',
  'accept-encoding' => 'gzip, deflate',
  'connection' => 'keep-alive',
)
[ info ] [ PARAM ] array (
  'id' => '3',
  'user_id' => '3',
  'page' => '1',
  'type' => '0',
  'time' => '1528104018',
  'Video' => 'personalDetails',
)
[ info ] [ DB ] INIT mysql
[ info ] [ BEHAVIOR ] Run app\behavior\Server @app_begin [ RunTime:0.312018s ]
[ info ] [ BEHAVIOR ] Run app\behavior\Appset @app_begin [ RunTime:0.001000s ]
[ info ] [ BEHAVIOR ] Run app\apps1_5\behavior\Auth @action_begin [ RunTime:0.183011s ]
[ info ] [ RUN ] app\apps1_5\controller\Video->personalDetails[ D:\xampp\htdocs\limiapp\application\apps1_5\controller\Video.php ]
[ info ] [ LOG ] INIT File
---------------------------------------------------------------
[ 2018-06-29T17:06:11+08:00 ] 127.0.0.1 GET /index.php/app1_5/Video/personalDetails?id=3&user_id=3&page=1&type=0&time=1528104018
[ info ] limiapp.com/index.php/app1_5/Video/personalDetails?id=3&user_id=3&page=1&type=0&time=1528104018 [运行时间：1.831105s][吞吐率：0.55req/s] [内存消耗：3,454.65kb] [文件加载：55]
[ info ] [ LANG ] D:\xampp\htdocs\limiapp\thinkphp\lang\zh-cn.php
[ info ] [ ROUTE ] array (
  'type' => 'module',
  'module' => 
  array (
    0 => 'apps1_5',
    1 => 'Video',
    2 => 'personalDetails',
  ),
  'convert' => false,
)
[ info ] [ HEADER ] array (
  'cache-control' => 'no-cache',
  'postman-token' => '13989d0d-79db-41c8-b9a7-354c2467b92b',
  'user-agent' => 'PostmanRuntime/7.1.1',
  'accept' => '*/*',
  'host' => 'limiapp.com',
  'cookie' => 'XDEBUG_SESSION=PHPSTORM',
  'accept-encoding' => 'gzip, deflate',
  'connection' => 'keep-alive',
)
[ info ] [ PARAM ] array (
  'id' => '3',
  'user_id' => '3',
  'page' => '1',
  'type' => '0',
  'time' => '1528104018',
  'Video' => 'personalDetails',
)
[ info ] [ DB ] INIT mysql
[ info ] [ BEHAVIOR ] Run app\behavior\Server @app_begin [ RunTime:0.299017s ]
[ info ] [ BEHAVIOR ] Run app\behavior\Appset @app_begin [ RunTime:0.001000s ]
[ info ] [ BEHAVIOR ] Run app\apps1_5\behavior\Auth @action_begin [ RunTime:0.174010s ]
[ info ] [ RUN ] app\apps1_5\controller\Video->personalDetails[ D:\xampp\htdocs\limiapp\application\apps1_5\controller\Video.php ]
[ info ] [ LOG ] INIT File
---------------------------------------------------------------
[ 2018-06-29T17:11:02+08:00 ] 127.0.0.1 GET /index.php/app1_5/Video/personalDetails?id=3&user_id=3&page=1&type=0&time=1528104018
[ info ] limiapp.com/index.php/app1_5/Video/personalDetails?id=3&user_id=3&page=1&type=0&time=1528104018 [运行时间：1.882108s][吞吐率：0.53req/s] [内存消耗：3,454.82kb] [文件加载：55]
[ info ] [ LANG ] D:\xampp\htdocs\limiapp\thinkphp\lang\zh-cn.php
[ info ] [ ROUTE ] array (
  'type' => 'module',
  'module' => 
  array (
    0 => 'apps1_5',
    1 => 'Video',
    2 => 'personalDetails',
  ),
  'convert' => false,
)
[ info ] [ HEADER ] array (
  'cache-control' => 'no-cache',
  'postman-token' => '375efbdf-88b6-4d72-8b05-cdd92fc5aed7',
  'user-agent' => 'PostmanRuntime/7.1.1',
  'accept' => '*/*',
  'host' => 'limiapp.com',
  'cookie' => 'XDEBUG_SESSION=PHPSTORM',
  'accept-encoding' => 'gzip, deflate',
  'connection' => 'keep-alive',
)
[ info ] [ PARAM ] array (
  'id' => '3',
  'user_id' => '3',
  'page' => '1',
  'type' => '0',
  'time' => '1528104018',
  'Video' => 'personalDetails',
)
[ info ] [ DB ] INIT mysql
[ info ] [ BEHAVIOR ] Run app\behavior\Server @app_begin [ RunTime:0.303017s ]
[ info ] [ BEHAVIOR ] Run app\behavior\Appset @app_begin [ RunTime:0.002000s ]
[ info ] [ BEHAVIOR ] Run app\apps1_5\behavior\Auth @action_begin [ RunTime:0.176010s ]
[ info ] [ RUN ] app\apps1_5\controller\Video->personalDetails[ D:\xampp\htdocs\limiapp\application\apps1_5\controller\Video.php ]
[ info ] [ LOG ] INIT File
