---------------------------------------------------------------
[ 2018-05-30T19:23:30+08:00 ] 127.0.0.1 GET /index.php/app1_4/video/publishVide
[ info ] limiapp.com/index.php/app1_4/video/publishVide [运行时间：0.404767s][吞吐率：2.47req/s] [内存消耗：3,373.53kb] [文件加载：57]
[ info ] [ LANG ] D:\xampp\htdocs\limiapp\thinkphp\lang\zh-cn.php
[ info ] [ ROUTE ] array (
  'type' => 'module',
  'module' => 
  array (
    0 => 'apps1_4',
    1 => 'video',
    2 => 'publishVide',
  ),
  'convert' => false,
)
[ info ] [ HEADER ] array (
  'host' => 'limiapp.com',
  'user-agent' => 'Mozilla/5.0 (Windows NT 10.0; Win64; x64; rv:60.0) Gecko/20100101 Firefox/60.0',
  'accept' => 'text/html,application/xhtml+xml,application/xml;q=0.9,*/*;q=0.8',
  'accept-language' => 'zh-CN,zh;q=0.8,zh-TW;q=0.7,zh-HK;q=0.5,en-US;q=0.3,en;q=0.2',
  'accept-encoding' => 'gzip, deflate',
  'cookie' => 'XDEBUG_SESSION=PHPSTORM',
  'connection' => 'keep-alive',
  'upgrade-insecure-requests' => '1',
)
[ info ] [ PARAM ] array (
  'video' => 'publishVide',
)
[ info ] [ DB ] INIT mysql
[ info ] [ BEHAVIOR ] Run app\behavior\Server @app_begin [ RunTime:0.317376s ]
[ info ] [ BEHAVIOR ] Run app\behavior\Appset @app_begin [ RunTime:0.001334s ]
[ info ] [ LOG ] INIT File
[ sql ] [ DB ] CONNECT:[ UseTime:0.132017s ] mysql:host=47.97.218.145;port=3306;dbname=testapp;charset=utf8
[ sql ] [ SQL ] SHOW COLUMNS FROM `limi_sys_set` [ RunTime:0.087052s ]
[ sql ] [ SQL ] SELECT * FROM `limi_sys_set` WHERE  `key` = 5 LIMIT 1 [ RunTime:0.086085s ]
---------------------------------------------------------------
[ 2018-05-30T19:24:01+08:00 ] 127.0.0.1 GET /index.php/app1_4/video/publishVideo
[ info ] limiapp.com/index.php/app1_4/video/publishVideo [运行时间：17.430091s][吞吐率：0.06req/s] [内存消耗：3,255.18kb] [文件加载：53]
[ info ] [ LANG ] D:\xampp\htdocs\limiapp\thinkphp\lang\zh-cn.php
[ info ] [ ROUTE ] array (
  'type' => 'module',
  'module' => 
  array (
    0 => 'apps1_4',
    1 => 'video',
    2 => 'publishVideo',
  ),
  'convert' => false,
)
[ info ] [ HEADER ] array (
  'host' => 'limiapp.com',
  'user-agent' => 'Mozilla/5.0 (Windows NT 10.0; Win64; x64; rv:60.0) Gecko/20100101 Firefox/60.0',
  'accept' => 'text/html,application/xhtml+xml,application/xml;q=0.9,*/*;q=0.8',
  'accept-language' => 'zh-CN,zh;q=0.8,zh-TW;q=0.7,zh-HK;q=0.5,en-US;q=0.3,en;q=0.2',
  'accept-encoding' => 'gzip, deflate',
  'cookie' => 'XDEBUG_SESSION=PHPSTORM',
  'connection' => 'keep-alive',
  'upgrade-insecure-requests' => '1',
)
[ info ] [ PARAM ] array (
  'video' => 'publishVideo',
)
[ info ] [ DB ] INIT mysql
[ info ] [ BEHAVIOR ] Run app\behavior\Server @app_begin [ RunTime:0.333300s ]
[ info ] [ BEHAVIOR ] Run app\behavior\Appset @app_begin [ RunTime:0.000927s ]
[ info ] [ BEHAVIOR ] Run app\apps1_2\behavior\Auth @action_begin [ RunTime:0.002068s ]
[ info ] [ RUN ] app\apps1_4\controller\Video->publishVideo[ D:\xampp\htdocs\limiapp\application\apps1_4\controller\Video.php ]
[ info ] [ LOG ] INIT File
[ sql ] [ DB ] CONNECT:[ UseTime:0.137689s ] mysql:host=47.97.218.145;port=3306;dbname=testapp;charset=utf8
[ sql ] [ SQL ] SHOW COLUMNS FROM `limi_sys_set` [ RunTime:0.090273s ]
[ sql ] [ SQL ] SELECT * FROM `limi_sys_set` WHERE  `key` = 5 LIMIT 1 [ RunTime:0.090804s ]
---------------------------------------------------------------
[ 2018-05-30T19:24:32+08:00 ] 127.0.0.1 GET /index.php/app1_4/videos/publishVideo
[ info ] limiapp.com/index.php/app1_4/videos/publishVideo [运行时间：0.382324s][吞吐率：2.62req/s] [内存消耗：2,445.73kb] [文件加载：50]
[ info ] [ LANG ] D:\xampp\htdocs\limiapp\thinkphp\lang\zh-cn.php
[ info ] [ ROUTE ] array (
  'type' => 'module',
  'module' => 
  array (
    0 => 'apps1_4',
    1 => 'videos',
    2 => 'publishVideo',
  ),
  'convert' => false,
)
[ info ] [ HEADER ] array (
  'host' => 'limiapp.com',
  'user-agent' => 'Mozilla/5.0 (Windows NT 10.0; Win64; x64; rv:60.0) Gecko/20100101 Firefox/60.0',
  'accept' => 'text/html,application/xhtml+xml,application/xml;q=0.9,*/*;q=0.8',
  'accept-language' => 'zh-CN,zh;q=0.8,zh-TW;q=0.7,zh-HK;q=0.5,en-US;q=0.3,en;q=0.2',
  'accept-encoding' => 'gzip, deflate',
  'cookie' => 'XDEBUG_SESSION=PHPSTORM',
  'connection' => 'keep-alive',
  'upgrade-insecure-requests' => '1',
)
[ info ] [ PARAM ] array (
  'videos' => 'publishVideo',
)
[ info ] [ DB ] INIT mysql
[ info ] [ BEHAVIOR ] Run app\behavior\Server @app_begin [ RunTime:0.327150s ]
[ info ] [ BEHAVIOR ] Run app\behavior\Appset @app_begin [ RunTime:0.000773s ]
[ info ] [ LOG ] INIT File
[ sql ] [ DB ] CONNECT:[ UseTime:0.134546s ] mysql:host=47.97.218.145;port=3306;dbname=testapp;charset=utf8
[ sql ] [ SQL ] SHOW COLUMNS FROM `limi_sys_set` [ RunTime:0.088708s ]
[ sql ] [ SQL ] SELECT * FROM `limi_sys_set` WHERE  `key` = 5 LIMIT 1 [ RunTime:0.089928s ]
---------------------------------------------------------------
[ 2018-05-30T19:24:50+08:00 ] 127.0.0.1 GET /index.php/app1_4/video/publishVideo
[ info ] limiapp.com/index.php/app1_4/video/publishVideo [运行时间：5.888289s][吞吐率：0.17req/s] [内存消耗：3,255.18kb] [文件加载：53]
[ info ] [ LANG ] D:\xampp\htdocs\limiapp\thinkphp\lang\zh-cn.php
[ info ] [ ROUTE ] array (
  'type' => 'module',
  'module' => 
  array (
    0 => 'apps1_4',
    1 => 'video',
    2 => 'publishVideo',
  ),
  'convert' => false,
)
[ info ] [ HEADER ] array (
  'host' => 'limiapp.com',
  'user-agent' => 'Mozilla/5.0 (Windows NT 10.0; Win64; x64; rv:60.0) Gecko/20100101 Firefox/60.0',
  'accept' => 'text/html,application/xhtml+xml,application/xml;q=0.9,*/*;q=0.8',
  'accept-language' => 'zh-CN,zh;q=0.8,zh-TW;q=0.7,zh-HK;q=0.5,en-US;q=0.3,en;q=0.2',
  'accept-encoding' => 'gzip, deflate',
  'cookie' => 'XDEBUG_SESSION=PHPSTORM',
  'connection' => 'keep-alive',
  'upgrade-insecure-requests' => '1',
)
[ info ] [ PARAM ] array (
  'video' => 'publishVideo',
)
[ info ] [ DB ] INIT mysql
[ info ] [ BEHAVIOR ] Run app\behavior\Server @app_begin [ RunTime:0.289012s ]
[ info ] [ BEHAVIOR ] Run app\behavior\Appset @app_begin [ RunTime:0.001610s ]
[ info ] [ BEHAVIOR ] Run app\apps1_2\behavior\Auth @action_begin [ RunTime:0.001675s ]
[ info ] [ RUN ] app\apps1_4\controller\Video->publishVideo[ D:\xampp\htdocs\limiapp\application\apps1_4\controller\Video.php ]
[ info ] [ LOG ] INIT File
[ sql ] [ DB ] CONNECT:[ UseTime:0.117101s ] mysql:host=47.97.218.145;port=3306;dbname=testapp;charset=utf8
[ sql ] [ SQL ] SHOW COLUMNS FROM `limi_sys_set` [ RunTime:0.077367s ]
[ sql ] [ SQL ] SELECT * FROM `limi_sys_set` WHERE  `key` = 5 LIMIT 1 [ RunTime:0.078463s ]
---------------------------------------------------------------
[ 2018-05-30T19:25:35+08:00 ] 127.0.0.1 GET /index.php/app1_4/Pushvideo/getNextVideo
[ info ] limiapp.com/index.php/app1_4/Pushvideo/getNextVideo [运行时间：5.853915s][吞吐率：0.17req/s] [内存消耗：2,970.13kb] [文件加载：52]
[ info ] [ LANG ] D:\xampp\htdocs\limiapp\thinkphp\lang\zh-cn.php
[ info ] [ ROUTE ] array (
  'type' => 'module',
  'module' => 
  array (
    0 => 'apps1_4',
    1 => 'Pushvideo',
    2 => 'getNextVideo',
  ),
  'convert' => false,
)
[ info ] [ HEADER ] array (
  'host' => 'limiapp.com',
  'user-agent' => 'Mozilla/5.0 (Windows NT 10.0; Win64; x64; rv:60.0) Gecko/20100101 Firefox/60.0',
  'accept' => 'text/html,application/xhtml+xml,application/xml;q=0.9,*/*;q=0.8',
  'accept-language' => 'zh-CN,zh;q=0.8,zh-TW;q=0.7,zh-HK;q=0.5,en-US;q=0.3,en;q=0.2',
  'accept-encoding' => 'gzip, deflate',
  'cookie' => 'XDEBUG_SESSION=PHPSTORM',
  'connection' => 'keep-alive',
  'upgrade-insecure-requests' => '1',
)
[ info ] [ PARAM ] array (
  'Pushvideo' => 'getNextVideo',
)
[ info ] [ DB ] INIT mysql
[ info ] [ BEHAVIOR ] Run app\behavior\Server @app_begin [ RunTime:0.293555s ]
[ info ] [ BEHAVIOR ] Run app\behavior\Appset @app_begin [ RunTime:0.000958s ]
[ info ] [ LOG ] INIT File
[ sql ] [ DB ] CONNECT:[ UseTime:0.117879s ] mysql:host=47.97.218.145;port=3306;dbname=testapp;charset=utf8
[ sql ] [ SQL ] SHOW COLUMNS FROM `limi_sys_set` [ RunTime:0.083945s ]
[ sql ] [ SQL ] SELECT * FROM `limi_sys_set` WHERE  `key` = 5 LIMIT 1 [ RunTime:0.076927s ]
---------------------------------------------------------------
[ 2018-05-30T19:30:07+08:00 ] 127.0.0.1 POST /index.php/app1_4/video/publishVideo
[ info ] limiapp.com/index.php/app1_4/video/publishVideo [运行时间：14.428174s][吞吐率：0.07req/s] [内存消耗：3,255.54kb] [文件加载：53]
[ info ] [ LANG ] D:\xampp\htdocs\limiapp\thinkphp\lang\zh-cn.php
[ info ] [ ROUTE ] array (
  'type' => 'module',
  'module' => 
  array (
    0 => 'apps1_4',
    1 => 'video',
    2 => 'publishVideo',
  ),
  'convert' => false,
)
[ info ] [ HEADER ] array (
  'cache-control' => 'no-cache',
  'postman-token' => 'cf1e9013-3ec7-4dcf-ad1b-40330931b20d',
  'user-agent' => 'PostmanRuntime/7.1.5',
  'accept' => '*/*',
  'host' => 'limiapp.com',
  'cookie' => 'XDEBUG_SESSION=PHPSTORM',
  'accept-encoding' => 'gzip, deflate',
  'content-type' => 'multipart/form-data; boundary=--------------------------843140093469646302740757',
  'content-length' => '197',
  'connection' => 'keep-alive',
)
[ info ] [ PARAM ] array (
  'videos' => 'cf2ef9af81b046b785a1f7ed045164a61111',
  'video' => 'publishVideo',
)
[ info ] [ DB ] INIT mysql
[ info ] [ BEHAVIOR ] Run app\behavior\Server @app_begin [ RunTime:0.291883s ]
[ info ] [ BEHAVIOR ] Run app\behavior\Appset @app_begin [ RunTime:0.001243s ]
[ info ] [ BEHAVIOR ] Run app\apps1_2\behavior\Auth @action_begin [ RunTime:0.002630s ]
[ info ] [ RUN ] app\apps1_4\controller\Video->publishVideo[ D:\xampp\htdocs\limiapp\application\apps1_4\controller\Video.php ]
[ info ] [ LOG ] INIT File
[ sql ] [ DB ] CONNECT:[ UseTime:0.119877s ] mysql:host=47.97.218.145;port=3306;dbname=testapp;charset=utf8
[ sql ] [ SQL ] SHOW COLUMNS FROM `limi_sys_set` [ RunTime:0.077628s ]
[ sql ] [ SQL ] SELECT * FROM `limi_sys_set` WHERE  `key` = 5 LIMIT 1 [ RunTime:0.078417s ]
---------------------------------------------------------------
[ 2018-05-30T19:30:36+08:00 ] 127.0.0.1 POST /index.php/app1_4/video/publishVideo
[ info ] limiapp.com/index.php/app1_4/video/publishVideo [运行时间：9.867763s][吞吐率：0.10req/s] [内存消耗：3,359.16kb] [文件加载：55]
[ info ] [ LANG ] D:\xampp\htdocs\limiapp\thinkphp\lang\zh-cn.php
[ info ] [ ROUTE ] array (
  'type' => 'module',
  'module' => 
  array (
    0 => 'apps1_4',
    1 => 'video',
    2 => 'publishVideo',
  ),
  'convert' => false,
)
[ info ] [ HEADER ] array (
  'cache-control' => 'no-cache',
  'postman-token' => 'da859649-07e0-4490-b1a6-9bd19a03cc6e',
  'user-agent' => 'PostmanRuntime/7.1.5',
  'accept' => '*/*',
  'host' => 'limiapp.com',
  'cookie' => 'XDEBUG_SESSION=PHPSTORM',
  'accept-encoding' => 'gzip, deflate',
  'content-type' => 'multipart/form-data; boundary=--------------------------529258207881247801507039',
  'content-length' => '1119',
  'connection' => 'keep-alive',
)
[ info ] [ PARAM ] array (
  'id' => '1',
  'token' => '1d4f9067421ea4a1e7b70c72aab2509287a2cfe3',
  'title' => '测试发布说一句',
  'tags' => '美女',
  'view_auth' => '1',
  'music_id' => '2',
  'video_addr' => 'cf2ef9af81b046b785a1f7ed045164a61111',
  'video_cover' => 'http://video.youhongtech.com/1b7c7ed99c134e62b40254891a96ef81/covers/8dace67c896a4ee4982902e0ff6c4d65-00002.jpg',
  'video' => 'publishVideo',
)
[ info ] [ DB ] INIT mysql
[ info ] [ BEHAVIOR ] Run app\behavior\Server @app_begin [ RunTime:0.316147s ]
[ info ] [ BEHAVIOR ] Run app\behavior\Appset @app_begin [ RunTime:0.001947s ]
[ info ] [ BEHAVIOR ] Run app\apps1_2\behavior\Auth @action_begin [ RunTime:0.176905s ]
[ info ] [ RUN ] app\apps1_4\controller\Video->publishVideo[ D:\xampp\htdocs\limiapp\application\apps1_4\controller\Video.php ]
[ info ] [ LOG ] INIT File
[ sql ] [ DB ] CONNECT:[ UseTime:0.129304s ] mysql:host=47.97.218.145;port=3306;dbname=testapp;charset=utf8
[ sql ] [ SQL ] SHOW COLUMNS FROM `limi_sys_set` [ RunTime:0.085081s ]
[ sql ] [ SQL ] SELECT * FROM `limi_sys_set` WHERE  `key` = 5 LIMIT 1 [ RunTime:0.085786s ]
[ sql ] [ SQL ] SHOW COLUMNS FROM `limi_user` [ RunTime:0.086484s ]
[ sql ] [ SQL ] SELECT `status` FROM `limi_user` WHERE  `id` = 1 LIMIT 1 [ RunTime:0.085032s ]
[ sql ] [ SQL ] SELECT `token` FROM `limi_user` WHERE  `id` = 1 LIMIT 1 [ RunTime:0.084778s ]
[ sql ] [ SQL ] SELECT `user_info_status`,`identity_status`,`identity_time` FROM `limi_user` WHERE  `id` = 1 LIMIT 1 [ RunTime:0.085670s ]
---------------------------------------------------------------
[ 2018-05-30T19:30:45+08:00 ] 127.0.0.1 POST /index.php/app1_4/video/publishVideo
[ info ] limiapp.com/index.php/app1_4/video/publishVideo [运行时间：0.684697s][吞吐率：1.46req/s] [内存消耗：3,352.86kb] [文件加载：55]
[ info ] [ LANG ] D:\xampp\htdocs\limiapp\thinkphp\lang\zh-cn.php
[ info ] [ ROUTE ] array (
  'type' => 'module',
  'module' => 
  array (
    0 => 'apps1_4',
    1 => 'video',
    2 => 'publishVideo',
  ),
  'convert' => false,
)
[ info ] [ HEADER ] array (
  'cache-control' => 'no-cache',
  'postman-token' => 'e72a0422-1171-4e67-8a08-d6853f48e991',
  'user-agent' => 'PostmanRuntime/7.1.5',
  'accept' => '*/*',
  'host' => 'limiapp.com',
  'cookie' => 'XDEBUG_SESSION=PHPSTORM',
  'accept-encoding' => 'gzip, deflate',
  'content-type' => 'multipart/form-data; boundary=--------------------------168256593208837385730729',
  'content-length' => '1116',
  'connection' => 'keep-alive',
)
[ info ] [ PARAM ] array (
  'id' => '1',
  'token' => '1d4f9067421ea4a1e7b70c72aab2509287a2cfe3',
  'title' => '测试发布说一句',
  'tags' => '美女',
  'view_auth' => '1',
  'music_id' => '2',
  'video_addr' => 'cf2ef9af81b046b785a1f7ed045164a61',
  'video_cover' => 'http://video.youhongtech.com/1b7c7ed99c134e62b40254891a96ef81/covers/8dace67c896a4ee4982902e0ff6c4d65-00002.jpg',
  'video' => 'publishVideo',
)
[ info ] [ DB ] INIT mysql
[ info ] [ BEHAVIOR ] Run app\behavior\Server @app_begin [ RunTime:0.288290s ]
[ info ] [ BEHAVIOR ] Run app\behavior\Appset @app_begin [ RunTime:0.001448s ]
[ info ] [ BEHAVIOR ] Run app\apps1_2\behavior\Auth @action_begin [ RunTime:0.165907s ]
[ info ] [ RUN ] app\apps1_4\controller\Video->publishVideo[ D:\xampp\htdocs\limiapp\application\apps1_4\controller\Video.php ]
[ info ] [ LOG ] INIT File
[ sql ] [ DB ] CONNECT:[ UseTime:0.118744s ] mysql:host=47.97.218.145;port=3306;dbname=testapp;charset=utf8
[ sql ] [ SQL ] SHOW COLUMNS FROM `limi_sys_set` [ RunTime:0.077786s ]
[ sql ] [ SQL ] SELECT * FROM `limi_sys_set` WHERE  `key` = 5 LIMIT 1 [ RunTime:0.077700s ]
[ sql ] [ SQL ] SHOW COLUMNS FROM `limi_user` [ RunTime:0.079691s ]
[ sql ] [ SQL ] SELECT `status` FROM `limi_user` WHERE  `id` = 1 LIMIT 1 [ RunTime:0.078446s ]
[ sql ] [ SQL ] SELECT `token` FROM `limi_user` WHERE  `id` = 1 LIMIT 1 [ RunTime:0.078600s ]
[ sql ] [ SQL ] SELECT `user_info_status`,`identity_status`,`identity_time` FROM `limi_user` WHERE  `id` = 1 LIMIT 1 [ RunTime:0.078084s ]
---------------------------------------------------------------
[ 2018-05-30T19:30:53+08:00 ] 127.0.0.1 POST /index.php/app1_4/video/publishVideo
[ info ] limiapp.com/index.php/app1_4/video/publishVideo [运行时间：2.247266s][吞吐率：0.44req/s] [内存消耗：3,384.24kb] [文件加载：56]
[ info ] [ LANG ] D:\xampp\htdocs\limiapp\thinkphp\lang\zh-cn.php
[ info ] [ ROUTE ] array (
  'type' => 'module',
  'module' => 
  array (
    0 => 'apps1_4',
    1 => 'video',
    2 => 'publishVideo',
  ),
  'convert' => false,
)
[ info ] [ HEADER ] array (
  'cache-control' => 'no-cache',
  'postman-token' => '4f127043-173e-41f5-99f0-3911d6867ef1',
  'user-agent' => 'PostmanRuntime/7.1.5',
  'accept' => '*/*',
  'host' => 'limiapp.com',
  'cookie' => 'XDEBUG_SESSION=PHPSTORM',
  'accept-encoding' => 'gzip, deflate',
  'content-type' => 'multipart/form-data; boundary=--------------------------970764737434997622569171',
  'content-length' => '1115',
  'connection' => 'keep-alive',
)
[ info ] [ PARAM ] array (
  'id' => '1',
  'token' => '1d4f9067421ea4a1e7b70c72aab2509287a2cfe3',
  'title' => '测试发布说一句',
  'tags' => '美女',
  'view_auth' => '1',
  'music_id' => '2',
  'video_addr' => 'cf2ef9af81b046b785a1f7ed045164a6',
  'video_cover' => 'http://video.youhongtech.com/1b7c7ed99c134e62b40254891a96ef81/covers/8dace67c896a4ee4982902e0ff6c4d65-00002.jpg',
  'video' => 'publishVideo',
)
[ info ] [ DB ] INIT mysql
[ info ] [ BEHAVIOR ] Run app\behavior\Server @app_begin [ RunTime:0.331715s ]
[ info ] [ BEHAVIOR ] Run app\behavior\Appset @app_begin [ RunTime:0.001641s ]
[ info ] [ BEHAVIOR ] Run app\apps1_2\behavior\Auth @action_begin [ RunTime:0.186945s ]
[ info ] [ RUN ] app\apps1_4\controller\Video->publishVideo[ D:\xampp\htdocs\limiapp\application\apps1_4\controller\Video.php ]
[ info ] [ LOG ] INIT File
[ sql ] [ DB ] CONNECT:[ UseTime:0.137052s ] mysql:host=47.97.218.145;port=3306;dbname=testapp;charset=utf8
[ sql ] [ SQL ] SHOW COLUMNS FROM `limi_sys_set` [ RunTime:0.089881s ]
[ sql ] [ SQL ] SELECT * FROM `limi_sys_set` WHERE  `key` = 5 LIMIT 1 [ RunTime:0.089744s ]
[ sql ] [ SQL ] SHOW COLUMNS FROM `limi_user` [ RunTime:0.091034s ]
[ sql ] [ SQL ] SELECT `status` FROM `limi_user` WHERE  `id` = 1 LIMIT 1 [ RunTime:0.090221s ]
[ sql ] [ SQL ] SELECT `token` FROM `limi_user` WHERE  `id` = 1 LIMIT 1 [ RunTime:0.088896s ]
[ sql ] [ SQL ] SELECT `user_info_status`,`identity_status`,`identity_time` FROM `limi_user` WHERE  `id` = 1 LIMIT 1 [ RunTime:0.089772s ]
[ sql ] [ SQL ] SHOW COLUMNS FROM `limi_video` [ RunTime:0.091893s ]
[ sql ] [ SQL ] SELECT `create_time` FROM `limi_video` WHERE  `user_id` = 1 ORDER BY id desc LIMIT 1  FOR UPDATE [ RunTime:0.090278s ]
[ sql ] [ SQL ] INSERT INTO `limi_video` (`user_id` , `tags` , `video` , `title` , `view_auth` , `music_id` , `music_start` , `music_end` , `is_show` , `is_verify` , `create_time`) VALUES (1 , '美女' , 'cf2ef9af81b046b785a1f7ed045164a6' , '测试发布说一句' , 1 , 1 , NULL , NULL , 1 , 1 , '2018-05-30 19:30:51') [ RunTime:0.090107s ]
[ sql ] [ SQL ] SELECT * FROM `limi_video` WHERE  `id` = 1276 LIMIT 1 [ RunTime:0.090767s ]
