---------------------------------------------------------------
[ 2018-07-09T10:00:47+08:00 ] 127.0.0.1 GET /index.php/app1_5/Music/musicList?page=2&id=3&token=d8a1f30f0f29f4a79cc8e8d87bc36bdb13f46df7&type=0&m_id=0
[ info ] limiapp.com/index.php/app1_5/Music/musicList?page=2&id=3&token=d8a1f30f0f29f4a79cc8e8d87bc36bdb13f46df7&type=0&m_id=0 [运行时间：0.952054s][吞吐率：1.05req/s] [内存消耗：3,160.08kb] [文件加载：55]
[ info ] [ LANG ] D:\xampp\htdocs\limiapp\thinkphp\lang\zh-cn.php
[ info ] [ ROUTE ] array (
  'type' => 'module',
  'module' => 
  array (
    0 => 'apps1_5',
    1 => 'Music',
    2 => 'musicList',
  ),
  'convert' => false,
)
[ info ] [ HEADER ] array (
  'cache-control' => 'no-cache',
  'postman-token' => 'b620e323-5a0e-4132-80ad-7c164cba5ee6',
  'user-agent' => 'PostmanRuntime/7.1.1',
  'accept' => '*/*',
  'host' => 'limiapp.com',
  'cookie' => 'XDEBUG_SESSION=PHPSTORM',
  'accept-encoding' => 'gzip, deflate',
  'connection' => 'keep-alive',
)
[ info ] [ PARAM ] array (
  'page' => '2',
  'id' => '3',
  'token' => 'd8a1f30f0f29f4a79cc8e8d87bc36bdb13f46df7',
  'type' => '0',
  'm_id' => '0',
  'Music' => 'musicList',
)
[ info ] [ DB ] INIT mysql
[ info ] [ BEHAVIOR ] Run app\behavior\Server @app_begin [ RunTime:0.349020s ]
[ info ] [ BEHAVIOR ] Run app\behavior\Appset @app_begin [ RunTime:0.001000s ]
[ info ] [ BEHAVIOR ] Run app\apps1_5\behavior\Auth @action_begin [ RunTime:0.182010s ]
[ info ] [ RUN ] app\apps1_5\controller\Music->musicList[ D:\xampp\htdocs\limiapp\application\apps1_5\controller\Music.php ]
[ info ] [ LOG ] INIT File
---------------------------------------------------------------
[ 2018-07-09T10:01:09+08:00 ] 127.0.0.1 GET /index.php/app1_5/Music/musicList?page=2&id=3&token=d8a1f30f0f29f4a79cc8e8d87bc36bdb13f46df7&type=0&m_id=0
[ info ] limiapp.com/index.php/app1_5/Music/musicList?page=2&id=3&token=d8a1f30f0f29f4a79cc8e8d87bc36bdb13f46df7&type=0&m_id=0 [运行时间：1.106063s][吞吐率：0.90req/s] [内存消耗：3,160.11kb] [文件加载：55]
[ info ] [ LANG ] D:\xampp\htdocs\limiapp\thinkphp\lang\zh-cn.php
[ info ] [ ROUTE ] array (
  'type' => 'module',
  'module' => 
  array (
    0 => 'apps1_5',
    1 => 'Music',
    2 => 'musicList',
  ),
  'convert' => false,
)
[ info ] [ HEADER ] array (
  'cache-control' => 'no-cache',
  'postman-token' => '0b2ea064-d3a4-404a-9194-1db0db688f5e',
  'user-agent' => 'PostmanRuntime/7.1.1',
  'accept' => '*/*',
  'host' => 'limiapp.com',
  'cookie' => 'XDEBUG_SESSION=PHPSTORM',
  'accept-encoding' => 'gzip, deflate',
  'connection' => 'keep-alive',
)
[ info ] [ PARAM ] array (
  'page' => '2',
  'id' => '3',
  'token' => 'd8a1f30f0f29f4a79cc8e8d87bc36bdb13f46df7',
  'type' => '0',
  'm_id' => '0',
  'Music' => 'musicList',
)
[ info ] [ DB ] INIT mysql
[ info ] [ BEHAVIOR ] Run app\behavior\Server @app_begin [ RunTime:0.404023s ]
[ info ] [ BEHAVIOR ] Run app\behavior\Appset @app_begin [ RunTime:0.033002s ]
[ info ] [ BEHAVIOR ] Run app\apps1_5\behavior\Auth @action_begin [ RunTime:0.231013s ]
[ info ] [ RUN ] app\apps1_5\controller\Music->musicList[ D:\xampp\htdocs\limiapp\application\apps1_5\controller\Music.php ]
[ info ] [ LOG ] INIT File
---------------------------------------------------------------
[ 2018-07-09T10:01:20+08:00 ] 127.0.0.1 GET /index.php/app1_5/Music/musicList?page=2&id=3&token=d8a1f30f0f29f4a79cc8e8d87bc36bdb13f46df7&type=0&m_id=1
[ info ] limiapp.com/index.php/app1_5/Music/musicList?page=2&id=3&token=d8a1f30f0f29f4a79cc8e8d87bc36bdb13f46df7&type=0&m_id=1 [运行时间：0.704041s][吞吐率：1.42req/s] [内存消耗：3,156.53kb] [文件加载：55]
[ info ] [ LANG ] D:\xampp\htdocs\limiapp\thinkphp\lang\zh-cn.php
[ info ] [ ROUTE ] array (
  'type' => 'module',
  'module' => 
  array (
    0 => 'apps1_5',
    1 => 'Music',
    2 => 'musicList',
  ),
  'convert' => false,
)
[ info ] [ HEADER ] array (
  'cache-control' => 'no-cache',
  'postman-token' => '54d1949d-e11d-4665-b1ab-62e2c56a6976',
  'user-agent' => 'PostmanRuntime/7.1.1',
  'accept' => '*/*',
  'host' => 'limiapp.com',
  'cookie' => 'XDEBUG_SESSION=PHPSTORM',
  'accept-encoding' => 'gzip, deflate',
  'connection' => 'keep-alive',
)
[ info ] [ PARAM ] array (
  'page' => '2',
  'id' => '3',
  'token' => 'd8a1f30f0f29f4a79cc8e8d87bc36bdb13f46df7',
  'type' => '0',
  'm_id' => '1',
  'Music' => 'musicList',
)
[ info ] [ DB ] INIT mysql
[ info ] [ BEHAVIOR ] Run app\behavior\Server @app_begin [ RunTime:0.299017s ]
[ info ] [ BEHAVIOR ] Run app\behavior\Appset @app_begin [ RunTime:0.001001s ]
[ info ] [ BEHAVIOR ] Run app\apps1_5\behavior\Auth @action_begin [ RunTime:0.172010s ]
[ info ] [ RUN ] app\apps1_5\controller\Music->musicList[ D:\xampp\htdocs\limiapp\application\apps1_5\controller\Music.php ]
[ info ] [ LOG ] INIT File
---------------------------------------------------------------
[ 2018-07-09T10:01:27+08:00 ] 127.0.0.1 GET /index.php/app1_5/Music/musicList?page=2&id=3&token=d8a1f30f0f29f4a79cc8e8d87bc36bdb13f46df7&type=0&m_id=2
[ info ] limiapp.com/index.php/app1_5/Music/musicList?page=2&id=3&token=d8a1f30f0f29f4a79cc8e8d87bc36bdb13f46df7&type=0&m_id=2 [运行时间：0.724041s][吞吐率：1.38req/s] [内存消耗：3,155.78kb] [文件加载：55]
[ info ] [ LANG ] D:\xampp\htdocs\limiapp\thinkphp\lang\zh-cn.php
[ info ] [ ROUTE ] array (
  'type' => 'module',
  'module' => 
  array (
    0 => 'apps1_5',
    1 => 'Music',
    2 => 'musicList',
  ),
  'convert' => false,
)
[ info ] [ HEADER ] array (
  'cache-control' => 'no-cache',
  'postman-token' => '83f4441f-1635-4fb2-8c10-a863e4aa5f01',
  'user-agent' => 'PostmanRuntime/7.1.1',
  'accept' => '*/*',
  'host' => 'limiapp.com',
  'cookie' => 'XDEBUG_SESSION=PHPSTORM',
  'accept-encoding' => 'gzip, deflate',
  'connection' => 'keep-alive',
)
[ info ] [ PARAM ] array (
  'page' => '2',
  'id' => '3',
  'token' => 'd8a1f30f0f29f4a79cc8e8d87bc36bdb13f46df7',
  'type' => '0',
  'm_id' => '2',
  'Music' => 'musicList',
)
[ info ] [ DB ] INIT mysql
[ info ] [ BEHAVIOR ] Run app\behavior\Server @app_begin [ RunTime:0.298017s ]
[ info ] [ BEHAVIOR ] Run app\behavior\Appset @app_begin [ RunTime:0.001000s ]
[ info ] [ BEHAVIOR ] Run app\apps1_5\behavior\Auth @action_begin [ RunTime:0.174010s ]
[ info ] [ RUN ] app\apps1_5\controller\Music->musicList[ D:\xampp\htdocs\limiapp\application\apps1_5\controller\Music.php ]
[ info ] [ LOG ] INIT File
---------------------------------------------------------------
[ 2018-07-09T10:01:39+08:00 ] 127.0.0.1 GET /index.php/app1_5/Music/musicList?page=2&id=3&token=d8a1f30f0f29f4a79cc8e8d87bc36bdb13f46df7&type=0&m_id=0
[ info ] limiapp.com/index.php/app1_5/Music/musicList?page=2&id=3&token=d8a1f30f0f29f4a79cc8e8d87bc36bdb13f46df7&type=0&m_id=0 [运行时间：0.881051s][吞吐率：1.14req/s] [内存消耗：3,160.11kb] [文件加载：55]
[ info ] [ LANG ] D:\xampp\htdocs\limiapp\thinkphp\lang\zh-cn.php
[ info ] [ ROUTE ] array (
  'type' => 'module',
  'module' => 
  array (
    0 => 'apps1_5',
    1 => 'Music',
    2 => 'musicList',
  ),
  'convert' => false,
)
[ info ] [ HEADER ] array (
  'cache-control' => 'no-cache',
  'postman-token' => '6f7febd6-b1df-48c2-8473-1f5e4aaa9cbb',
  'user-agent' => 'PostmanRuntime/7.1.1',
  'accept' => '*/*',
  'host' => 'limiapp.com',
  'cookie' => 'XDEBUG_SESSION=PHPSTORM',
  'accept-encoding' => 'gzip, deflate',
  'connection' => 'keep-alive',
)
[ info ] [ PARAM ] array (
  'page' => '2',
  'id' => '3',
  'token' => 'd8a1f30f0f29f4a79cc8e8d87bc36bdb13f46df7',
  'type' => '0',
  'm_id' => '0',
  'Music' => 'musicList',
)
[ info ] [ DB ] INIT mysql
[ info ] [ BEHAVIOR ] Run app\behavior\Server @app_begin [ RunTime:0.302017s ]
[ info ] [ BEHAVIOR ] Run app\behavior\Appset @app_begin [ RunTime:0.002000s ]
[ info ] [ BEHAVIOR ] Run app\apps1_5\behavior\Auth @action_begin [ RunTime:0.177010s ]
[ info ] [ RUN ] app\apps1_5\controller\Music->musicList[ D:\xampp\htdocs\limiapp\application\apps1_5\controller\Music.php ]
[ info ] [ LOG ] INIT File
---------------------------------------------------------------
[ 2018-07-09T10:02:19+08:00 ] 127.0.0.1 GET /index.php/app1_5/Music/musicList?page=2&id=3&token=d8a1f30f0f29f4a79cc8e8d87bc36bdb13f46df7&type=1&m_id=0
[ info ] limiapp.com/index.php/app1_5/Music/musicList?page=2&id=3&token=d8a1f30f0f29f4a79cc8e8d87bc36bdb13f46df7&type=1&m_id=0 [运行时间：0.638037s][吞吐率：1.57req/s] [内存消耗：3,148.45kb] [文件加载：55]
[ info ] [ LANG ] D:\xampp\htdocs\limiapp\thinkphp\lang\zh-cn.php
[ info ] [ ROUTE ] array (
  'type' => 'module',
  'module' => 
  array (
    0 => 'apps1_5',
    1 => 'Music',
    2 => 'musicList',
  ),
  'convert' => false,
)
[ info ] [ HEADER ] array (
  'cache-control' => 'no-cache',
  'postman-token' => '2d893db8-c89a-4e0b-b45d-e8bad203c742',
  'user-agent' => 'PostmanRuntime/7.1.1',
  'accept' => '*/*',
  'host' => 'limiapp.com',
  'cookie' => 'XDEBUG_SESSION=PHPSTORM',
  'accept-encoding' => 'gzip, deflate',
  'connection' => 'keep-alive',
)
[ info ] [ PARAM ] array (
  'page' => '2',
  'id' => '3',
  'token' => 'd8a1f30f0f29f4a79cc8e8d87bc36bdb13f46df7',
  'type' => '1',
  'm_id' => '0',
  'Music' => 'musicList',
)
[ info ] [ DB ] INIT mysql
[ info ] [ BEHAVIOR ] Run app\behavior\Server @app_begin [ RunTime:0.310017s ]
[ info ] [ BEHAVIOR ] Run app\behavior\Appset @app_begin [ RunTime:0.001001s ]
[ info ] [ BEHAVIOR ] Run app\apps1_5\behavior\Auth @action_begin [ RunTime:0.175010s ]
[ info ] [ RUN ] app\apps1_5\controller\Music->musicList[ D:\xampp\htdocs\limiapp\application\apps1_5\controller\Music.php ]
[ info ] [ LOG ] INIT File
---------------------------------------------------------------
[ 2018-07-09T10:02:24+08:00 ] 127.0.0.1 GET /index.php/app1_5/Music/musicList?page=2&id=3&token=d8a1f30f0f29f4a79cc8e8d87bc36bdb13f46df7&type=1&m_id=1
[ info ] limiapp.com/index.php/app1_5/Music/musicList?page=2&id=3&token=d8a1f30f0f29f4a79cc8e8d87bc36bdb13f46df7&type=1&m_id=1 [运行时间：0.667038s][吞吐率：1.50req/s] [内存消耗：3,148.45kb] [文件加载：55]
[ info ] [ LANG ] D:\xampp\htdocs\limiapp\thinkphp\lang\zh-cn.php
[ info ] [ ROUTE ] array (
  'type' => 'module',
  'module' => 
  array (
    0 => 'apps1_5',
    1 => 'Music',
    2 => 'musicList',
  ),
  'convert' => false,
)
[ info ] [ HEADER ] array (
  'cache-control' => 'no-cache',
  'postman-token' => '95d1c35f-61c6-4057-aec9-3db298d62716',
  'user-agent' => 'PostmanRuntime/7.1.1',
  'accept' => '*/*',
  'host' => 'limiapp.com',
  'cookie' => 'XDEBUG_SESSION=PHPSTORM',
  'accept-encoding' => 'gzip, deflate',
  'connection' => 'keep-alive',
)
[ info ] [ PARAM ] array (
  'page' => '2',
  'id' => '3',
  'token' => 'd8a1f30f0f29f4a79cc8e8d87bc36bdb13f46df7',
  'type' => '1',
  'm_id' => '1',
  'Music' => 'musicList',
)
[ info ] [ DB ] INIT mysql
[ info ] [ BEHAVIOR ] Run app\behavior\Server @app_begin [ RunTime:0.313018s ]
[ info ] [ BEHAVIOR ] Run app\behavior\Appset @app_begin [ RunTime:0.002000s ]
[ info ] [ BEHAVIOR ] Run app\apps1_5\behavior\Auth @action_begin [ RunTime:0.184010s ]
[ info ] [ RUN ] app\apps1_5\controller\Music->musicList[ D:\xampp\htdocs\limiapp\application\apps1_5\controller\Music.php ]
[ info ] [ LOG ] INIT File
---------------------------------------------------------------
[ 2018-07-09T10:05:07+08:00 ] 127.0.0.1 GET /index.php/app1_5/Music/musicList?page=2&id=3&token=d8a1f30f0f29f4a79cc8e8d87bc36bdb13f46df7&type=1&m_id=1
[ info ] limiapp.com/index.php/app1_5/Music/musicList?page=2&id=3&token=d8a1f30f0f29f4a79cc8e8d87bc36bdb13f46df7&type=1&m_id=1 [运行时间：68.779934s][吞吐率：0.01req/s] [内存消耗：3,074.47kb] [文件加载：53]
[ info ] [ LANG ] D:\xampp\htdocs\limiapp\thinkphp\lang\zh-cn.php
[ info ] [ ROUTE ] array (
  'type' => 'module',
  'module' => 
  array (
    0 => 'apps1_5',
    1 => 'Music',
    2 => 'musicList',
  ),
  'convert' => false,
)
[ info ] [ HEADER ] array (
  'cache-control' => 'no-cache',
  'postman-token' => 'e7aabfaf-083a-4e4e-9ae2-3c9293ec516b',
  'user-agent' => 'PostmanRuntime/7.1.1',
  'accept' => '*/*',
  'host' => 'limiapp.com',
  'cookie' => 'XDEBUG_SESSION=PHPSTORM',
  'accept-encoding' => 'gzip, deflate',
  'connection' => 'keep-alive',
)
[ info ] [ PARAM ] array (
  'page' => '2',
  'id' => '3',
  'token' => 'd8a1f30f0f29f4a79cc8e8d87bc36bdb13f46df7',
  'type' => '1',
  'm_id' => '1',
  'Music' => 'musicList',
)
[ info ] [ DB ] INIT mysql
[ info ] [ BEHAVIOR ] Run app\behavior\Server @app_begin [ RunTime:0.302017s ]
[ info ] [ BEHAVIOR ] Run app\behavior\Appset @app_begin [ RunTime:0.002000s ]
[ info ] [ BEHAVIOR ] Run app\apps1_5\behavior\Auth @action_begin [ RunTime:0.179011s ]
[ info ] [ RUN ] app\apps1_5\controller\Music->musicList[ D:\xampp\htdocs\limiapp\application\apps1_5\controller\Music.php ]
[ info ] [ LOG ] INIT File
---------------------------------------------------------------
[ 2018-07-09T10:05:26+08:00 ] 127.0.0.1 GET /index.php/app1_5/Music/musicList?page=1&id=3&token=d8a1f30f0f29f4a79cc8e8d87bc36bdb13f46df7&type=1&m_id=1
[ info ] limiapp.com/index.php/app1_5/Music/musicList?page=1&id=3&token=d8a1f30f0f29f4a79cc8e8d87bc36bdb13f46df7&type=1&m_id=1 [运行时间：19.525117s][吞吐率：0.05req/s] [内存消耗：3,082.59kb] [文件加载：53]
[ info ] [ LANG ] D:\xampp\htdocs\limiapp\thinkphp\lang\zh-cn.php
[ info ] [ ROUTE ] array (
  'type' => 'module',
  'module' => 
  array (
    0 => 'apps1_5',
    1 => 'Music',
    2 => 'musicList',
  ),
  'convert' => false,
)
[ info ] [ HEADER ] array (
  'cache-control' => 'no-cache',
  'postman-token' => '00bf2625-19a4-4995-9005-0efaf5ecc858',
  'user-agent' => 'PostmanRuntime/7.1.1',
  'accept' => '*/*',
  'host' => 'limiapp.com',
  'cookie' => 'XDEBUG_SESSION=PHPSTORM',
  'accept-encoding' => 'gzip, deflate',
  'connection' => 'keep-alive',
)
[ info ] [ PARAM ] array (
  'page' => '1',
  'id' => '3',
  'token' => 'd8a1f30f0f29f4a79cc8e8d87bc36bdb13f46df7',
  'type' => '1',
  'm_id' => '1',
  'Music' => 'musicList',
)
[ info ] [ DB ] INIT mysql
[ info ] [ BEHAVIOR ] Run app\behavior\Server @app_begin [ RunTime:0.300017s ]
[ info ] [ BEHAVIOR ] Run app\behavior\Appset @app_begin [ RunTime:0.001000s ]
[ info ] [ BEHAVIOR ] Run app\apps1_5\behavior\Auth @action_begin [ RunTime:0.175010s ]
[ info ] [ RUN ] app\apps1_5\controller\Music->musicList[ D:\xampp\htdocs\limiapp\application\apps1_5\controller\Music.php ]
[ info ] [ LOG ] INIT File
---------------------------------------------------------------
[ 2018-07-09T10:05:28+08:00 ] 127.0.0.1 GET /index.php/app1_5/Music/musicList?page=1&id=3&token=d8a1f30f0f29f4a79cc8e8d87bc36bdb13f46df7&type=1&m_id=1
[ info ] limiapp.com/index.php/app1_5/Music/musicList?page=1&id=3&token=d8a1f30f0f29f4a79cc8e8d87bc36bdb13f46df7&type=1&m_id=1 [运行时间：1.461084s][吞吐率：0.68req/s] [内存消耗：3,174.20kb] [文件加载：55]
[ info ] [ LANG ] D:\xampp\htdocs\limiapp\thinkphp\lang\zh-cn.php
[ info ] [ ROUTE ] array (
  'type' => 'module',
  'module' => 
  array (
    0 => 'apps1_5',
    1 => 'Music',
    2 => 'musicList',
  ),
  'convert' => false,
)
[ info ] [ HEADER ] array (
  'cache-control' => 'no-cache',
  'postman-token' => '36430afd-1c2e-4da8-8b03-018c0cadf909',
  'user-agent' => 'PostmanRuntime/7.1.1',
  'accept' => '*/*',
  'host' => 'limiapp.com',
  'cookie' => 'XDEBUG_SESSION=PHPSTORM',
  'accept-encoding' => 'gzip, deflate',
  'connection' => 'keep-alive',
)
[ info ] [ PARAM ] array (
  'page' => '1',
  'id' => '3',
  'token' => 'd8a1f30f0f29f4a79cc8e8d87bc36bdb13f46df7',
  'type' => '1',
  'm_id' => '1',
  'Music' => 'musicList',
)
[ info ] [ DB ] INIT mysql
[ info ] [ BEHAVIOR ] Run app\behavior\Server @app_begin [ RunTime:0.312018s ]
[ info ] [ BEHAVIOR ] Run app\behavior\Appset @app_begin [ RunTime:0.000000s ]
[ info ] [ BEHAVIOR ] Run app\apps1_5\behavior\Auth @action_begin [ RunTime:0.183011s ]
[ info ] [ RUN ] app\apps1_5\controller\Music->musicList[ D:\xampp\htdocs\limiapp\application\apps1_5\controller\Music.php ]
[ info ] [ LOG ] INIT File
---------------------------------------------------------------
[ 2018-07-09T10:05:34+08:00 ] 127.0.0.1 GET /index.php/app1_5/Music/musicList?page=1&id=3&token=d8a1f30f0f29f4a79cc8e8d87bc36bdb13f46df7&type=1&m_id=1
[ info ] limiapp.com/index.php/app1_5/Music/musicList?page=1&id=3&token=d8a1f30f0f29f4a79cc8e8d87bc36bdb13f46df7&type=1&m_id=1 [运行时间：1.460084s][吞吐率：0.68req/s] [内存消耗：3,174.20kb] [文件加载：55]
[ info ] [ LANG ] D:\xampp\htdocs\limiapp\thinkphp\lang\zh-cn.php
[ info ] [ ROUTE ] array (
  'type' => 'module',
  'module' => 
  array (
    0 => 'apps1_5',
    1 => 'Music',
    2 => 'musicList',
  ),
  'convert' => false,
)
[ info ] [ HEADER ] array (
  'cache-control' => 'no-cache',
  'postman-token' => '01a8ec82-ce22-4201-b290-c2e7f86cb484',
  'user-agent' => 'PostmanRuntime/7.1.1',
  'accept' => '*/*',
  'host' => 'limiapp.com',
  'cookie' => 'XDEBUG_SESSION=PHPSTORM',
  'accept-encoding' => 'gzip, deflate',
  'connection' => 'keep-alive',
)
[ info ] [ PARAM ] array (
  'page' => '1',
  'id' => '3',
  'token' => 'd8a1f30f0f29f4a79cc8e8d87bc36bdb13f46df7',
  'type' => '1',
  'm_id' => '1',
  'Music' => 'musicList',
)
[ info ] [ DB ] INIT mysql
[ info ] [ BEHAVIOR ] Run app\behavior\Server @app_begin [ RunTime:0.309017s ]
[ info ] [ BEHAVIOR ] Run app\behavior\Appset @app_begin [ RunTime:0.001000s ]
[ info ] [ BEHAVIOR ] Run app\apps1_5\behavior\Auth @action_begin [ RunTime:0.182010s ]
[ info ] [ RUN ] app\apps1_5\controller\Music->musicList[ D:\xampp\htdocs\limiapp\application\apps1_5\controller\Music.php ]
[ info ] [ LOG ] INIT File
---------------------------------------------------------------
[ 2018-07-09T10:06:19+08:00 ] 127.0.0.1 GET /index.php/app1_5/Music/musicList?page=1&id=3&token=d8a1f30f0f29f4a79cc8e8d87bc36bdb13f46df7&type=1&m_id=0
[ info ] limiapp.com/index.php/app1_5/Music/musicList?page=1&id=3&token=d8a1f30f0f29f4a79cc8e8d87bc36bdb13f46df7&type=1&m_id=0 [运行时间：0.833047s][吞吐率：1.20req/s] [内存消耗：3,154.05kb] [文件加载：55]
[ info ] [ LANG ] D:\xampp\htdocs\limiapp\thinkphp\lang\zh-cn.php
[ info ] [ ROUTE ] array (
  'type' => 'module',
  'module' => 
  array (
    0 => 'apps1_5',
    1 => 'Music',
    2 => 'musicList',
  ),
  'convert' => false,
)
[ info ] [ HEADER ] array (
  'cache-control' => 'no-cache',
  'postman-token' => '414750ca-4dbc-4407-a36d-0dc913eac7b2',
  'user-agent' => 'PostmanRuntime/7.1.1',
  'accept' => '*/*',
  'host' => 'limiapp.com',
  'cookie' => 'XDEBUG_SESSION=PHPSTORM',
  'accept-encoding' => 'gzip, deflate',
  'connection' => 'keep-alive',
)
[ info ] [ PARAM ] array (
  'page' => '1',
  'id' => '3',
  'token' => 'd8a1f30f0f29f4a79cc8e8d87bc36bdb13f46df7',
  'type' => '1',
  'm_id' => '0',
  'Music' => 'musicList',
)
[ info ] [ DB ] INIT mysql
[ info ] [ BEHAVIOR ] Run app\behavior\Server @app_begin [ RunTime:0.313018s ]
[ info ] [ BEHAVIOR ] Run app\behavior\Appset @app_begin [ RunTime:0.001000s ]
[ info ] [ BEHAVIOR ] Run app\apps1_5\behavior\Auth @action_begin [ RunTime:0.183011s ]
[ info ] [ RUN ] app\apps1_5\controller\Music->musicList[ D:\xampp\htdocs\limiapp\application\apps1_5\controller\Music.php ]
[ info ] [ LOG ] INIT File
---------------------------------------------------------------
[ 2018-07-09T10:06:24+08:00 ] 127.0.0.1 GET /index.php/app1_5/Music/musicList?page=1&id=3&token=d8a1f30f0f29f4a79cc8e8d87bc36bdb13f46df7&type=1&m_id=2
[ info ] limiapp.com/index.php/app1_5/Music/musicList?page=1&id=3&token=d8a1f30f0f29f4a79cc8e8d87bc36bdb13f46df7&type=1&m_id=2 [运行时间：0.910052s][吞吐率：1.10req/s] [内存消耗：3,156.98kb] [文件加载：55]
[ info ] [ LANG ] D:\xampp\htdocs\limiapp\thinkphp\lang\zh-cn.php
[ info ] [ ROUTE ] array (
  'type' => 'module',
  'module' => 
  array (
    0 => 'apps1_5',
    1 => 'Music',
    2 => 'musicList',
  ),
  'convert' => false,
)
[ info ] [ HEADER ] array (
  'cache-control' => 'no-cache',
  'postman-token' => 'f159cdd0-4b9d-40f1-95ed-0e5be1d18121',
  'user-agent' => 'PostmanRuntime/7.1.1',
  'accept' => '*/*',
  'host' => 'limiapp.com',
  'cookie' => 'XDEBUG_SESSION=PHPSTORM',
  'accept-encoding' => 'gzip, deflate',
  'connection' => 'keep-alive',
)
[ info ] [ PARAM ] array (
  'page' => '1',
  'id' => '3',
  'token' => 'd8a1f30f0f29f4a79cc8e8d87bc36bdb13f46df7',
  'type' => '1',
  'm_id' => '2',
  'Music' => 'musicList',
)
[ info ] [ DB ] INIT mysql
[ info ] [ BEHAVIOR ] Run app\behavior\Server @app_begin [ RunTime:0.310018s ]
[ info ] [ BEHAVIOR ] Run app\behavior\Appset @app_begin [ RunTime:0.001000s ]
[ info ] [ BEHAVIOR ] Run app\apps1_5\behavior\Auth @action_begin [ RunTime:0.182011s ]
[ info ] [ RUN ] app\apps1_5\controller\Music->musicList[ D:\xampp\htdocs\limiapp\application\apps1_5\controller\Music.php ]
[ info ] [ LOG ] INIT File
---------------------------------------------------------------
[ 2018-07-09T10:56:26+08:00 ] 127.0.0.1 GET /index.php/app1_5/user/myAttentionList?id=3&page=1
[ info ] limiapp.com/index.php/app1_5/user/myAttentionList?id=3&page=1 [运行时间：1.931111s][吞吐率：0.52req/s] [内存消耗：3,443.09kb] [文件加载：55]
[ info ] [ LANG ] D:\xampp\htdocs\limiapp\thinkphp\lang\zh-cn.php
[ info ] [ ROUTE ] array (
  'type' => 'module',
  'module' => 
  array (
    0 => 'apps1_5',
    1 => 'user',
    2 => 'myAttentionList',
  ),
  'convert' => false,
)
[ info ] [ HEADER ] array (
  'cache-control' => 'no-cache',
  'postman-token' => '76881b28-9dcb-4291-aa71-9f5c297d3e98',
  'user-agent' => 'PostmanRuntime/7.1.1',
  'accept' => '*/*',
  'host' => 'limiapp.com',
  'cookie' => 'XDEBUG_SESSION=PHPSTORM',
  'accept-encoding' => 'gzip, deflate',
  'connection' => 'keep-alive',
)
[ info ] [ PARAM ] array (
  'id' => '3',
  'page' => '1',
  'user' => 'myAttentionList',
)
[ info ] [ DB ] INIT mysql
[ info ] [ BEHAVIOR ] Run app\behavior\Server @app_begin [ RunTime:0.321018s ]
[ info ] [ BEHAVIOR ] Run app\behavior\Appset @app_begin [ RunTime:0.002001s ]
[ info ] [ BEHAVIOR ] Run app\apps1_5\behavior\Auth @action_begin [ RunTime:0.184010s ]
[ info ] [ RUN ] app\apps1_5\controller\User->myAttentionList[ D:\xampp\htdocs\limiapp\application\apps1_5\controller\User.php ]
[ info ] [ LOG ] INIT File
---------------------------------------------------------------
[ 2018-07-09T11:20:55+08:00 ] 127.0.0.1 GET /index.php/app1_5/user/cityList?provinceID=130000
[ info ] limiapp.com/index.php/app1_5/user/cityList?provinceID=130000 [运行时间：0.589034s][吞吐率：1.70req/s] [内存消耗：3,386.81kb] [文件加载：55]
[ info ] [ LANG ] D:\xampp\htdocs\limiapp\thinkphp\lang\zh-cn.php
[ info ] [ ROUTE ] array (
  'type' => 'module',
  'module' => 
  array (
    0 => 'apps1_5',
    1 => 'user',
    2 => 'cityList',
  ),
  'convert' => false,
)
[ info ] [ HEADER ] array (
  'cache-control' => 'no-cache',
  'postman-token' => '16470e15-679e-4e4e-9ea4-3f9d78b70f81',
  'user-agent' => 'PostmanRuntime/7.1.1',
  'accept' => '*/*',
  'host' => 'limiapp.com',
  'cookie' => 'XDEBUG_SESSION=PHPSTORM',
  'accept-encoding' => 'gzip, deflate',
  'connection' => 'keep-alive',
)
[ info ] [ PARAM ] array (
  'provinceID' => '130000',
  'user' => 'cityList',
)
[ info ] [ DB ] INIT mysql
[ info ] [ BEHAVIOR ] Run app\behavior\Server @app_begin [ RunTime:0.330019s ]
[ info ] [ BEHAVIOR ] Run app\behavior\Appset @app_begin [ RunTime:0.002000s ]
[ info ] [ BEHAVIOR ] Run app\apps1_5\behavior\Auth @action_begin [ RunTime:0.001000s ]
[ info ] [ RUN ] app\apps1_5\controller\User->cityList[ D:\xampp\htdocs\limiapp\application\apps1_5\controller\User.php ]
[ info ] [ LOG ] INIT File
---------------------------------------------------------------
[ 2018-07-09T11:21:29+08:00 ] 127.0.0.1 GET /index.php/app1_5/user/provinceList
[ info ] limiapp.com/index.php/app1_5/user/provinceList [运行时间：0.546031s][吞吐率：1.83req/s] [内存消耗：3,387.66kb] [文件加载：55]
[ info ] [ LANG ] D:\xampp\htdocs\limiapp\thinkphp\lang\zh-cn.php
[ info ] [ ROUTE ] array (
  'type' => 'module',
  'module' => 
  array (
    0 => 'apps1_5',
    1 => 'user',
    2 => 'provinceList',
  ),
  'convert' => false,
)
[ info ] [ HEADER ] array (
  'cache-control' => 'no-cache',
  'postman-token' => 'e8db6dc2-eadb-41a8-ac20-15be4491b4d4',
  'user-agent' => 'PostmanRuntime/7.1.1',
  'accept' => '*/*',
  'host' => 'limiapp.com',
  'cookie' => 'XDEBUG_SESSION=PHPSTORM',
  'accept-encoding' => 'gzip, deflate',
  'connection' => 'keep-alive',
)
[ info ] [ PARAM ] array (
  'user' => 'provinceList',
)
[ info ] [ DB ] INIT mysql
[ info ] [ BEHAVIOR ] Run app\behavior\Server @app_begin [ RunTime:0.310018s ]
[ info ] [ BEHAVIOR ] Run app\behavior\Appset @app_begin [ RunTime:0.001000s ]
[ info ] [ BEHAVIOR ] Run app\apps1_5\behavior\Auth @action_begin [ RunTime:0.001000s ]
[ info ] [ RUN ] app\apps1_5\controller\User->provinceList[ D:\xampp\htdocs\limiapp\application\apps1_5\controller\User.php ]
[ info ] [ LOG ] INIT File
---------------------------------------------------------------
[ 2018-07-09T11:50:55+08:00 ] 127.0.0.1 GET /index.php/app1_5/Music/musicList?page=1&id=3&token=d8a1f30f0f29f4a79cc8e8d87bc36bdb13f46df7&type=0&m_id=0
[ info ] limiapp.com/index.php/app1_5/Music/musicList?page=1&id=3&token=d8a1f30f0f29f4a79cc8e8d87bc36bdb13f46df7&type=0&m_id=0 [运行时间：1.284074s][吞吐率：0.78req/s] [内存消耗：3,173.35kb] [文件加载：55]
[ info ] [ LANG ] D:\xampp\htdocs\limiapp\thinkphp\lang\zh-cn.php
[ info ] [ ROUTE ] array (
  'type' => 'module',
  'module' => 
  array (
    0 => 'apps1_5',
    1 => 'Music',
    2 => 'musicList',
  ),
  'convert' => false,
)
[ info ] [ HEADER ] array (
  'cache-control' => 'no-cache',
  'postman-token' => 'd7750b55-73ff-4557-ab0e-3c27b4f4d63c',
  'user-agent' => 'PostmanRuntime/7.1.1',
  'accept' => '*/*',
  'host' => 'limiapp.com',
  'cookie' => 'XDEBUG_SESSION=PHPSTORM',
  'accept-encoding' => 'gzip, deflate',
  'connection' => 'keep-alive',
)
[ info ] [ PARAM ] array (
  'page' => '1',
  'id' => '3',
  'token' => 'd8a1f30f0f29f4a79cc8e8d87bc36bdb13f46df7',
  'type' => '0',
  'm_id' => '0',
  'Music' => 'musicList',
)
[ info ] [ DB ] INIT mysql
[ info ] [ BEHAVIOR ] Run app\behavior\Server @app_begin [ RunTime:0.315018s ]
[ info ] [ BEHAVIOR ] Run app\behavior\Appset @app_begin [ RunTime:0.002000s ]
[ info ] [ BEHAVIOR ] Run app\apps1_5\behavior\Auth @action_begin [ RunTime:0.183010s ]
[ info ] [ RUN ] app\apps1_5\controller\Music->musicList[ D:\xampp\htdocs\limiapp\application\apps1_5\controller\Music.php ]
[ info ] [ LOG ] INIT File
---------------------------------------------------------------
[ 2018-07-09T16:51:54+08:00 ] 127.0.0.1 GET /index.php/app1_5/Music/musicList?page=1&id=3&token=d8a1f30f0f29f4a79cc8e8d87bc36bdb13f46df7&type=0&m_id=0
[ info ] limiapp.com/index.php/app1_5/Music/musicList?page=1&id=3&token=d8a1f30f0f29f4a79cc8e8d87bc36bdb13f46df7&type=0&m_id=0 [运行时间：1.248072s][吞吐率：0.80req/s] [内存消耗：3,189.67kb] [文件加载：56]
[ info ] [ LANG ] D:\xampp\htdocs\limiapp\thinkphp\lang\zh-cn.php
[ info ] [ ROUTE ] array (
  'type' => 'module',
  'module' => 
  array (
    0 => 'apps1_5',
    1 => 'Music',
    2 => 'musicList',
  ),
  'convert' => false,
)
[ info ] [ HEADER ] array (
  'cache-control' => 'no-cache',
  'postman-token' => '484454b2-1e03-472e-82a7-8fcf46fdf2fb',
  'user-agent' => 'PostmanRuntime/7.1.1',
  'accept' => '*/*',
  'host' => 'limiapp.com',
  'cookie' => 'XDEBUG_SESSION=PHPSTORM',
  'accept-encoding' => 'gzip, deflate',
  'connection' => 'keep-alive',
)
[ info ] [ PARAM ] array (
  'page' => '1',
  'id' => '3',
  'token' => 'd8a1f30f0f29f4a79cc8e8d87bc36bdb13f46df7',
  'type' => '0',
  'm_id' => '0',
  'Music' => 'musicList',
)
[ info ] [ DB ] INIT mysql
[ info ] [ BEHAVIOR ] Run app\behavior\Server @app_begin [ RunTime:0.301018s ]
[ info ] [ BEHAVIOR ] Run app\behavior\Appset @app_begin [ RunTime:0.002000s ]
[ info ] [ BEHAVIOR ] Run app\apps1_5\behavior\Auth @action_begin [ RunTime:0.174010s ]
[ info ] [ RUN ] app\apps1_5\controller\Music->musicList[ D:\xampp\htdocs\limiapp\application\apps1_5\controller\Music.php ]
[ info ] [ LOG ] INIT File
---------------------------------------------------------------
[ 2018-07-09T17:23:10+08:00 ] 127.0.0.1 GET /index.php/app1_5/Music/musicList
[ info ] limiapp.com/index.php/app1_5/Music/musicList [运行时间：0.460026s][吞吐率：2.17req/s] [内存消耗：3,133.63kb] [文件加载：53]
[ info ] [ LANG ] D:\xampp\htdocs\limiapp\thinkphp\lang\zh-cn.php
[ info ] [ ROUTE ] array (
  'type' => 'module',
  'module' => 
  array (
    0 => 'apps1_5',
    1 => 'Music',
    2 => 'musicList',
  ),
  'convert' => false,
)
[ info ] [ HEADER ] array (
  'host' => 'limiapp.com',
  'connection' => 'keep-alive',
  'user-agent' => 'Mozilla/5.0 (Windows NT 6.1; Win64; x64) AppleWebKit/537.36 (KHTML, like Gecko) Chrome/63.0.3239.108 Safari/537.36',
  'upgrade-insecure-requests' => '1',
  'accept' => 'text/html,application/xhtml+xml,application/xml;q=0.9,image/webp,image/apng,*/*;q=0.8',
  'accept-encoding' => 'gzip, deflate',
  'accept-language' => 'zh-CN,zh;q=0.9',
)
[ info ] [ PARAM ] array (
  'Music' => 'musicList',
)
[ info ] [ DB ] INIT mysql
[ info ] [ BEHAVIOR ] Run app\behavior\Server @app_begin [ RunTime:0.295017s ]
[ info ] [ BEHAVIOR ] Run app\behavior\Appset @app_begin [ RunTime:0.001000s ]
[ info ] [ BEHAVIOR ] Run app\apps1_5\behavior\Auth @action_begin [ RunTime:0.001000s ]
[ info ] [ RUN ] app\apps1_5\controller\Music->musicList[ D:\xampp\htdocs\limiapp\application\apps1_5\controller\Music.php ]
[ info ] [ LOG ] INIT File
---------------------------------------------------------------
[ 2018-07-09T17:32:05+08:00 ] 127.0.0.1 GET /index.php/app1_5/Music/musicList
[ info ] limiapp.com/index.php/app1_5/Music/musicList [运行时间：0.360020s][吞吐率：2.78req/s] [内存消耗：3,133.89kb] [文件加载：53]
[ info ] [ LANG ] D:\xampp\htdocs\limiapp\thinkphp\lang\zh-cn.php
[ info ] [ ROUTE ] array (
  'type' => 'module',
  'module' => 
  array (
    0 => 'apps1_5',
    1 => 'Music',
    2 => 'musicList',
  ),
  'convert' => false,
)
[ info ] [ HEADER ] array (
  'host' => 'limiapp.com',
  'connection' => 'keep-alive',
  'cache-control' => 'max-age=0',
  'user-agent' => 'Mozilla/5.0 (Windows NT 6.1; Win64; x64) AppleWebKit/537.36 (KHTML, like Gecko) Chrome/63.0.3239.108 Safari/537.36',
  'upgrade-insecure-requests' => '1',
  'accept' => 'text/html,application/xhtml+xml,application/xml;q=0.9,image/webp,image/apng,*/*;q=0.8',
  'accept-encoding' => 'gzip, deflate',
  'accept-language' => 'zh-CN,zh;q=0.9',
)
[ info ] [ PARAM ] array (
  'Music' => 'musicList',
)
[ info ] [ DB ] INIT mysql
[ info ] [ BEHAVIOR ] Run app\behavior\Server @app_begin [ RunTime:0.296017s ]
[ info ] [ BEHAVIOR ] Run app\behavior\Appset @app_begin [ RunTime:0.002000s ]
[ info ] [ BEHAVIOR ] Run app\apps1_5\behavior\Auth @action_begin [ RunTime:0.001000s ]
[ info ] [ RUN ] app\apps1_5\controller\Music->musicList[ D:\xampp\htdocs\limiapp\application\apps1_5\controller\Music.php ]
[ info ] [ LOG ] INIT File
---------------------------------------------------------------
[ 2018-07-09T17:37:23+08:00 ] 127.0.0.1 GET /index.php/app1_5/Music/musicList?page=1&id=3&token=d8a1f30f0f29f4a79cc8e8d87bc36bdb13f46df7&type=0&m_id=0
[ info ] limiapp.com/index.php/app1_5/Music/musicList?page=1&id=3&token=d8a1f30f0f29f4a79cc8e8d87bc36bdb13f46df7&type=0&m_id=0 [运行时间：1.228070s][吞吐率：0.81req/s] [内存消耗：3,174.36kb] [文件加载：55]
[ info ] [ LANG ] D:\xampp\htdocs\limiapp\thinkphp\lang\zh-cn.php
[ info ] [ ROUTE ] array (
  'type' => 'module',
  'module' => 
  array (
    0 => 'apps1_5',
    1 => 'Music',
    2 => 'musicList',
  ),
  'convert' => false,
)
[ info ] [ HEADER ] array (
  'cache-control' => 'no-cache',
  'postman-token' => '5b19956a-2746-4740-9f5c-f01e5d7b3f0e',
  'user-agent' => 'PostmanRuntime/7.1.1',
  'accept' => '*/*',
  'host' => 'limiapp.com',
  'cookie' => 'XDEBUG_SESSION=PHPSTORM',
  'accept-encoding' => 'gzip, deflate',
  'connection' => 'keep-alive',
)
[ info ] [ PARAM ] array (
  'page' => '1',
  'id' => '3',
  'token' => 'd8a1f30f0f29f4a79cc8e8d87bc36bdb13f46df7',
  'type' => '0',
  'm_id' => '0',
  'Music' => 'musicList',
)
[ info ] [ DB ] INIT mysql
[ info ] [ BEHAVIOR ] Run app\behavior\Server @app_begin [ RunTime:0.298018s ]
[ info ] [ BEHAVIOR ] Run app\behavior\Appset @app_begin [ RunTime:0.002000s ]
[ info ] [ BEHAVIOR ] Run app\apps1_5\behavior\Auth @action_begin [ RunTime:0.178010s ]
[ info ] [ RUN ] app\apps1_5\controller\Music->musicList[ D:\xampp\htdocs\limiapp\application\apps1_5\controller\Music.php ]
[ info ] [ LOG ] INIT File
---------------------------------------------------------------
[ 2018-07-09T17:37:56+08:00 ] 127.0.0.1 GET /index.php/app1_5/Music/musicList?page=1&id=3&token=d8a1f30f0f29f4a79cc8e8d87bc36bdb13f46df7&type=0&m_id=1
[ info ] limiapp.com/index.php/app1_5/Music/musicList?page=1&id=3&token=d8a1f30f0f29f4a79cc8e8d87bc36bdb13f46df7&type=0&m_id=1 [运行时间：1.060060s][吞吐率：0.94req/s] [内存消耗：3,206.02kb] [文件加载：57]
[ info ] [ LANG ] D:\xampp\htdocs\limiapp\thinkphp\lang\zh-cn.php
[ info ] [ ROUTE ] array (
  'type' => 'module',
  'module' => 
  array (
    0 => 'apps1_5',
    1 => 'Music',
    2 => 'musicList',
  ),
  'convert' => false,
)
[ info ] [ HEADER ] array (
  'cache-control' => 'no-cache',
  'postman-token' => '704b81e0-6f08-4248-a5d1-e0a87dfb9cf5',
  'user-agent' => 'PostmanRuntime/7.1.1',
  'accept' => '*/*',
  'host' => 'limiapp.com',
  'cookie' => 'XDEBUG_SESSION=PHPSTORM',
  'accept-encoding' => 'gzip, deflate',
  'connection' => 'keep-alive',
)
[ info ] [ PARAM ] array (
  'page' => '1',
  'id' => '3',
  'token' => 'd8a1f30f0f29f4a79cc8e8d87bc36bdb13f46df7',
  'type' => '0',
  'm_id' => '1',
  'Music' => 'musicList',
)
[ info ] [ DB ] INIT mysql
[ info ] [ BEHAVIOR ] Run app\behavior\Server @app_begin [ RunTime:0.318018s ]
[ info ] [ BEHAVIOR ] Run app\behavior\Appset @app_begin [ RunTime:0.001000s ]
[ info ] [ BEHAVIOR ] Run app\apps1_5\behavior\Auth @action_begin [ RunTime:0.181011s ]
[ info ] [ RUN ] app\apps1_5\controller\Music->musicList[ D:\xampp\htdocs\limiapp\application\apps1_5\controller\Music.php ]
[ info ] [ LOG ] INIT File
[ error ] [0]Redis server went away[D:\xampp\htdocs\limiapp\application\apps1_5\controller\Music.php:154]
---------------------------------------------------------------
[ 2018-07-09T18:08:36+08:00 ] 127.0.0.1 GET /index.php/app1_5/Music/musicList?page=1&id=3&token=d8a1f30f0f29f4a79cc8e8d87bc36bdb13f46df7&type=0&m_id=1
[ info ] limiapp.com/index.php/app1_5/Music/musicList?page=1&id=3&token=d8a1f30f0f29f4a79cc8e8d87bc36bdb13f46df7&type=0&m_id=1 [运行时间：1.019059s][吞吐率：0.98req/s] [内存消耗：3,206.01kb] [文件加载：57]
[ info ] [ LANG ] D:\xampp\htdocs\limiapp\thinkphp\lang\zh-cn.php
[ info ] [ ROUTE ] array (
  'type' => 'module',
  'module' => 
  array (
    0 => 'apps1_5',
    1 => 'Music',
    2 => 'musicList',
  ),
  'convert' => false,
)
[ info ] [ HEADER ] array (
  'cache-control' => 'no-cache',
  'postman-token' => '61b825b7-c9af-498f-b8fb-75af9bf06bb6',
  'user-agent' => 'PostmanRuntime/7.1.1',
  'accept' => '*/*',
  'host' => 'limiapp.com',
  'cookie' => 'XDEBUG_SESSION=PHPSTORM',
  'accept-encoding' => 'gzip, deflate',
  'connection' => 'keep-alive',
)
[ info ] [ PARAM ] array (
  'page' => '1',
  'id' => '3',
  'token' => 'd8a1f30f0f29f4a79cc8e8d87bc36bdb13f46df7',
  'type' => '0',
  'm_id' => '1',
  'Music' => 'musicList',
)
[ info ] [ DB ] INIT mysql
[ info ] [ BEHAVIOR ] Run app\behavior\Server @app_begin [ RunTime:0.307017s ]
[ info ] [ BEHAVIOR ] Run app\behavior\Appset @app_begin [ RunTime:0.002000s ]
[ info ] [ BEHAVIOR ] Run app\apps1_5\behavior\Auth @action_begin [ RunTime:0.180010s ]
[ info ] [ RUN ] app\apps1_5\controller\Music->musicList[ D:\xampp\htdocs\limiapp\application\apps1_5\controller\Music.php ]
[ info ] [ LOG ] INIT File
[ error ] [0]Redis server went away[D:\xampp\htdocs\limiapp\application\apps1_5\controller\Music.php:154]
---------------------------------------------------------------
[ 2018-07-09T18:13:21+08:00 ] 127.0.0.1 GET /index.php/app1_5/Music/musicList?page=1&id=3&token=d8a1f30f0f29f4a79cc8e8d87bc36bdb13f46df7&type=0&m_id=1
[ info ] limiapp.com/index.php/app1_5/Music/musicList?page=1&id=3&token=d8a1f30f0f29f4a79cc8e8d87bc36bdb13f46df7&type=0&m_id=1 [运行时间：1.203069s][吞吐率：0.83req/s] [内存消耗：3,206.01kb] [文件加载：57]
[ info ] [ LANG ] D:\xampp\htdocs\limiapp\thinkphp\lang\zh-cn.php
[ info ] [ ROUTE ] array (
  'type' => 'module',
  'module' => 
  array (
    0 => 'apps1_5',
    1 => 'Music',
    2 => 'musicList',
  ),
  'convert' => false,
)
[ info ] [ HEADER ] array (
  'cache-control' => 'no-cache',
  'postman-token' => '2f4cd7a6-356d-4913-b850-8d30caf276b5',
  'user-agent' => 'PostmanRuntime/7.1.1',
  'accept' => '*/*',
  'host' => 'limiapp.com',
  'cookie' => 'XDEBUG_SESSION=PHPSTORM',
  'accept-encoding' => 'gzip, deflate',
  'connection' => 'keep-alive',
)
[ info ] [ PARAM ] array (
  'page' => '1',
  'id' => '3',
  'token' => 'd8a1f30f0f29f4a79cc8e8d87bc36bdb13f46df7',
  'type' => '0',
  'm_id' => '1',
  'Music' => 'musicList',
)
[ info ] [ DB ] INIT mysql
[ info ] [ BEHAVIOR ] Run app\behavior\Server @app_begin [ RunTime:0.304017s ]
[ info ] [ BEHAVIOR ] Run app\behavior\Appset @app_begin [ RunTime:0.002000s ]
[ info ] [ BEHAVIOR ] Run app\apps1_5\behavior\Auth @action_begin [ RunTime:0.177010s ]
[ info ] [ RUN ] app\apps1_5\controller\Music->musicList[ D:\xampp\htdocs\limiapp\application\apps1_5\controller\Music.php ]
[ info ] [ LOG ] INIT File
[ error ] [0]Redis server went away[D:\xampp\htdocs\limiapp\application\apps1_5\controller\Music.php:154]
---------------------------------------------------------------
[ 2018-07-09T18:17:05+08:00 ] 127.0.0.1 GET /index.php/app1_5/Music/musicList?page=1&id=3&token=d8a1f30f0f29f4a79cc8e8d87bc36bdb13f46df7&type=0&m_id=1
[ info ] limiapp.com/index.php/app1_5/Music/musicList?page=1&id=3&token=d8a1f30f0f29f4a79cc8e8d87bc36bdb13f46df7&type=0&m_id=1 [运行时间：1.048060s][吞吐率：0.95req/s] [内存消耗：3,206.01kb] [文件加载：57]
[ info ] [ LANG ] D:\xampp\htdocs\limiapp\thinkphp\lang\zh-cn.php
[ info ] [ ROUTE ] array (
  'type' => 'module',
  'module' => 
  array (
    0 => 'apps1_5',
    1 => 'Music',
    2 => 'musicList',
  ),
  'convert' => false,
)
[ info ] [ HEADER ] array (
  'cache-control' => 'no-cache',
  'postman-token' => '28c40a1b-e46a-4ad8-9818-59dbd9ad32ae',
  'user-agent' => 'PostmanRuntime/7.1.1',
  'accept' => '*/*',
  'host' => 'limiapp.com',
  'cookie' => 'XDEBUG_SESSION=PHPSTORM',
  'accept-encoding' => 'gzip, deflate',
  'connection' => 'keep-alive',
)
[ info ] [ PARAM ] array (
  'page' => '1',
  'id' => '3',
  'token' => 'd8a1f30f0f29f4a79cc8e8d87bc36bdb13f46df7',
  'type' => '0',
  'm_id' => '1',
  'Music' => 'musicList',
)
[ info ] [ DB ] INIT mysql
[ info ] [ BEHAVIOR ] Run app\behavior\Server @app_begin [ RunTime:0.325019s ]
[ info ] [ BEHAVIOR ] Run app\behavior\Appset @app_begin [ RunTime:0.001000s ]
[ info ] [ BEHAVIOR ] Run app\apps1_5\behavior\Auth @action_begin [ RunTime:0.184010s ]
[ info ] [ RUN ] app\apps1_5\controller\Music->musicList[ D:\xampp\htdocs\limiapp\application\apps1_5\controller\Music.php ]
[ info ] [ LOG ] INIT File
[ error ] [0]Redis server went away[D:\xampp\htdocs\limiapp\application\apps1_5\controller\Music.php:154]
