---------------------------------------------------------------
[ 2018-07-12T12:02:14+08:00 ] 127.0.0.1 GET /index.php/app1_5/video/indexVideoList?page=1&time=1528692726&type=0&id=3&token=d8a1f30f0f29f4a79cc8e8d87bc36bdb13f46df7
[ info ] limiapp.com/index.php/app1_5/video/indexVideoList?page=1&time=1528692726&type=0&id=3&token=d8a1f30f0f29f4a79cc8e8d87bc36bdb13f46df7 [运行时间：1.990114s][吞吐率：0.50req/s] [内存消耗：3,524.43kb] [文件加载：55]
[ info ] [ LANG ] D:\xampp\htdocs\limiapp\thinkphp\lang\zh-cn.php
[ info ] [ ROUTE ] array (
  'type' => 'module',
  'module' => 
  array (
    0 => 'apps1_5',
    1 => 'video',
    2 => 'indexVideoList',
  ),
  'convert' => false,
)
[ info ] [ HEADER ] array (
  'cache-control' => 'no-cache',
  'postman-token' => 'f12f1a00-5729-447e-ad7a-9e19bfccbc23',
  'user-agent' => 'PostmanRuntime/7.1.1',
  'accept' => '*/*',
  'host' => 'limiapp.com',
  'cookie' => 'XDEBUG_SESSION=PHPSTORM',
  'accept-encoding' => 'gzip, deflate',
  'connection' => 'keep-alive',
)
[ info ] [ PARAM ] array (
  'page' => '1',
  'time' => '1528692726',
  'type' => '0',
  'id' => '3',
  'token' => 'd8a1f30f0f29f4a79cc8e8d87bc36bdb13f46df7',
  'video' => 'indexVideoList',
)
[ info ] [ DB ] INIT mysql
[ info ] [ BEHAVIOR ] Run app\behavior\Server @app_begin [ RunTime:0.367020s ]
[ info ] [ BEHAVIOR ] Run app\behavior\Appset @app_begin [ RunTime:0.002001s ]
[ info ] [ BEHAVIOR ] Run app\apps1_5\behavior\Auth @action_begin [ RunTime:0.180010s ]
[ info ] [ RUN ] app\apps1_5\controller\Video->indexVideoList[ D:\xampp\htdocs\limiapp\application\apps1_5\controller\Video.php ]
[ info ] [ LOG ] INIT File
---------------------------------------------------------------
[ 2018-07-12T12:03:15+08:00 ] 127.0.0.1 GET /index.php/app1_5/video/indexVideoList?page=1&time=1528692726&type=0&id=3&token=d8a1f30f0f29f4a79cc8e8d87bc36bdb13f46df7
[ info ] limiapp.com/index.php/app1_5/video/indexVideoList?page=1&time=1528692726&type=0&id=3&token=d8a1f30f0f29f4a79cc8e8d87bc36bdb13f46df7 [运行时间：0.771045s][吞吐率：1.30req/s] [内存消耗：3,569.70kb] [文件加载：60]
[ info ] [ LANG ] D:\xampp\htdocs\limiapp\thinkphp\lang\zh-cn.php
[ info ] [ ROUTE ] array (
  'type' => 'module',
  'module' => 
  array (
    0 => 'apps1_5',
    1 => 'video',
    2 => 'indexVideoList',
  ),
  'convert' => false,
)
[ info ] [ HEADER ] array (
  'cache-control' => 'no-cache',
  'postman-token' => 'a092bd9c-4f35-4050-af38-c2a12ed3bace',
  'user-agent' => 'PostmanRuntime/7.1.1',
  'accept' => '*/*',
  'host' => 'limiapp.com',
  'cookie' => 'XDEBUG_SESSION=PHPSTORM',
  'accept-encoding' => 'gzip, deflate',
  'connection' => 'keep-alive',
)
[ info ] [ PARAM ] array (
  'page' => '1',
  'time' => '1528692726',
  'type' => '0',
  'id' => '3',
  'token' => 'd8a1f30f0f29f4a79cc8e8d87bc36bdb13f46df7',
  'video' => 'indexVideoList',
)
[ info ] [ DB ] INIT mysql
[ info ] [ BEHAVIOR ] Run app\behavior\Server @app_begin [ RunTime:0.315018s ]
[ info ] [ BEHAVIOR ] Run app\behavior\Appset @app_begin [ RunTime:0.002000s ]
[ info ] [ BEHAVIOR ] Run app\apps1_5\behavior\Auth @action_begin [ RunTime:0.183010s ]
[ info ] [ RUN ] app\apps1_5\controller\Video->indexVideoList[ D:\xampp\htdocs\limiapp\application\apps1_5\controller\Video.php ]
[ info ] [ LOG ] INIT File
[ error ] [1]Cannot access private property app\com\controller\Redis::$Redis[D:\xampp\htdocs\limiapp\application\apps1_5\controller\Video.php:30]
---------------------------------------------------------------
[ 2018-07-12T12:03:42+08:00 ] 127.0.0.1 GET /index.php/app1_5/video/indexVideoList?page=1&time=1528692726&type=0&id=3&token=d8a1f30f0f29f4a79cc8e8d87bc36bdb13f46df7
[ info ] limiapp.com/index.php/app1_5/video/indexVideoList?page=1&time=1528692726&type=0&id=3&token=d8a1f30f0f29f4a79cc8e8d87bc36bdb13f46df7 [运行时间：0.709040s][吞吐率：1.41req/s] [内存消耗：3,569.86kb] [文件加载：60]
[ info ] [ LANG ] D:\xampp\htdocs\limiapp\thinkphp\lang\zh-cn.php
[ info ] [ ROUTE ] array (
  'type' => 'module',
  'module' => 
  array (
    0 => 'apps1_5',
    1 => 'video',
    2 => 'indexVideoList',
  ),
  'convert' => false,
)
[ info ] [ HEADER ] array (
  'cache-control' => 'no-cache',
  'postman-token' => '84fca848-61ff-43c8-ae6c-e0402ee7f27a',
  'user-agent' => 'PostmanRuntime/7.1.1',
  'accept' => '*/*',
  'host' => 'limiapp.com',
  'cookie' => 'XDEBUG_SESSION=PHPSTORM',
  'accept-encoding' => 'gzip, deflate',
  'connection' => 'keep-alive',
)
[ info ] [ PARAM ] array (
  'page' => '1',
  'time' => '1528692726',
  'type' => '0',
  'id' => '3',
  'token' => 'd8a1f30f0f29f4a79cc8e8d87bc36bdb13f46df7',
  'video' => 'indexVideoList',
)
[ info ] [ DB ] INIT mysql
[ info ] [ BEHAVIOR ] Run app\behavior\Server @app_begin [ RunTime:0.312018s ]
[ info ] [ BEHAVIOR ] Run app\behavior\Appset @app_begin [ RunTime:0.002000s ]
[ info ] [ BEHAVIOR ] Run app\apps1_5\behavior\Auth @action_begin [ RunTime:0.181010s ]
[ info ] [ RUN ] app\apps1_5\controller\Video->indexVideoList[ D:\xampp\htdocs\limiapp\application\apps1_5\controller\Video.php ]
[ info ] [ LOG ] INIT File
[ error ] [1]Access to undeclared static property: app\com\controller\Redis::$Redis[D:\xampp\htdocs\limiapp\application\apps1_5\controller\Video.php:30]
---------------------------------------------------------------
[ 2018-07-12T12:04:59+08:00 ] 127.0.0.1 GET /index.php/app1_5/video/indexVideoList?page=1&time=1528692726&type=0&id=3&token=d8a1f30f0f29f4a79cc8e8d87bc36bdb13f46df7
[ info ] limiapp.com/index.php/app1_5/video/indexVideoList?page=1&time=1528692726&type=0&id=3&token=d8a1f30f0f29f4a79cc8e8d87bc36bdb13f46df7 [运行时间：0.754043s][吞吐率：1.33req/s] [内存消耗：3,569.78kb] [文件加载：60]
[ info ] [ LANG ] D:\xampp\htdocs\limiapp\thinkphp\lang\zh-cn.php
[ info ] [ ROUTE ] array (
  'type' => 'module',
  'module' => 
  array (
    0 => 'apps1_5',
    1 => 'video',
    2 => 'indexVideoList',
  ),
  'convert' => false,
)
[ info ] [ HEADER ] array (
  'cache-control' => 'no-cache',
  'postman-token' => '103a2010-1cb4-44e2-b474-971247c85f95',
  'user-agent' => 'PostmanRuntime/7.1.1',
  'accept' => '*/*',
  'host' => 'limiapp.com',
  'cookie' => 'XDEBUG_SESSION=PHPSTORM',
  'accept-encoding' => 'gzip, deflate',
  'connection' => 'keep-alive',
)
[ info ] [ PARAM ] array (
  'page' => '1',
  'time' => '1528692726',
  'type' => '0',
  'id' => '3',
  'token' => 'd8a1f30f0f29f4a79cc8e8d87bc36bdb13f46df7',
  'video' => 'indexVideoList',
)
[ info ] [ DB ] INIT mysql
[ info ] [ BEHAVIOR ] Run app\behavior\Server @app_begin [ RunTime:0.304018s ]
[ info ] [ BEHAVIOR ] Run app\behavior\Appset @app_begin [ RunTime:0.001000s ]
[ info ] [ BEHAVIOR ] Run app\apps1_5\behavior\Auth @action_begin [ RunTime:0.178010s ]
[ info ] [ RUN ] app\apps1_5\controller\Video->indexVideoList[ D:\xampp\htdocs\limiapp\application\apps1_5\controller\Video.php ]
[ info ] [ LOG ] INIT File
[ error ] [1]Access to undeclared static property: app\com\controller\Redis::$Redis[D:\xampp\htdocs\limiapp\application\apps1_5\controller\Video.php:31]
---------------------------------------------------------------
[ 2018-07-12T12:05:21+08:00 ] 127.0.0.1 GET /index.php/app1_5/video/indexVideoList?page=1&time=1528692726&type=0&id=3&token=d8a1f30f0f29f4a79cc8e8d87bc36bdb13f46df7
[ info ] limiapp.com/index.php/app1_5/video/indexVideoList?page=1&time=1528692726&type=0&id=3&token=d8a1f30f0f29f4a79cc8e8d87bc36bdb13f46df7 [运行时间：0.799046s][吞吐率：1.25req/s] [内存消耗：3,415.40kb] [文件加载：54]
[ info ] [ LANG ] D:\xampp\htdocs\limiapp\thinkphp\lang\zh-cn.php
[ info ] [ ROUTE ] array (
  'type' => 'module',
  'module' => 
  array (
    0 => 'apps1_5',
    1 => 'video',
    2 => 'indexVideoList',
  ),
  'convert' => false,
)
[ info ] [ HEADER ] array (
  'cache-control' => 'no-cache',
  'postman-token' => '0036ef23-a3ce-434b-9317-1e7677260d94',
  'user-agent' => 'PostmanRuntime/7.1.1',
  'accept' => '*/*',
  'host' => 'limiapp.com',
  'cookie' => 'XDEBUG_SESSION=PHPSTORM',
  'accept-encoding' => 'gzip, deflate',
  'connection' => 'keep-alive',
)
[ info ] [ PARAM ] array (
  'page' => '1',
  'time' => '1528692726',
  'type' => '0',
  'id' => '3',
  'token' => 'd8a1f30f0f29f4a79cc8e8d87bc36bdb13f46df7',
  'video' => 'indexVideoList',
)
[ info ] [ DB ] INIT mysql
[ info ] [ BEHAVIOR ] Run app\behavior\Server @app_begin [ RunTime:0.302017s ]
[ info ] [ BEHAVIOR ] Run app\behavior\Appset @app_begin [ RunTime:0.002000s ]
[ info ] [ BEHAVIOR ] Run app\apps1_5\behavior\Auth @action_begin [ RunTime:0.176010s ]
[ info ] [ RUN ] app\apps1_5\controller\Video->indexVideoList[ D:\xampp\htdocs\limiapp\application\apps1_5\controller\Video.php ]
[ info ] [ LOG ] INIT File
---------------------------------------------------------------
[ 2018-07-12T14:41:45+08:00 ] 127.0.0.1 GET /index.php/app1_5/video/indexVideoList?page=1&time=1528692726&type=0&id=3&token=d8a1f30f0f29f4a79cc8e8d87bc36bdb13f46df7
[ info ] limiapp.com/index.php/app1_5/video/indexVideoList?page=1&time=1528692726&type=0&id=3&token=d8a1f30f0f29f4a79cc8e8d87bc36bdb13f46df7 [运行时间：2.086120s][吞吐率：0.48req/s] [内存消耗：3,540.63kb] [文件加载：56]
[ info ] [ LANG ] D:\xampp\htdocs\limiapp\thinkphp\lang\zh-cn.php
[ info ] [ ROUTE ] array (
  'type' => 'module',
  'module' => 
  array (
    0 => 'apps1_5',
    1 => 'video',
    2 => 'indexVideoList',
  ),
  'convert' => false,
)
[ info ] [ HEADER ] array (
  'cache-control' => 'no-cache',
  'postman-token' => '8bc780b7-7384-437e-8268-d7057cda17f1',
  'user-agent' => 'PostmanRuntime/7.1.1',
  'accept' => '*/*',
  'host' => 'limiapp.com',
  'cookie' => 'XDEBUG_SESSION=PHPSTORM',
  'accept-encoding' => 'gzip, deflate',
  'connection' => 'keep-alive',
)
[ info ] [ PARAM ] array (
  'page' => '1',
  'time' => '1528692726',
  'type' => '0',
  'id' => '3',
  'token' => 'd8a1f30f0f29f4a79cc8e8d87bc36bdb13f46df7',
  'video' => 'indexVideoList',
)
[ info ] [ DB ] INIT mysql
[ info ] [ BEHAVIOR ] Run app\behavior\Server @app_begin [ RunTime:0.315018s ]
[ info ] [ BEHAVIOR ] Run app\behavior\Appset @app_begin [ RunTime:0.001000s ]
[ info ] [ BEHAVIOR ] Run app\apps1_5\behavior\Auth @action_begin [ RunTime:0.185011s ]
[ info ] [ RUN ] app\apps1_5\controller\Video->indexVideoList[ D:\xampp\htdocs\limiapp\application\apps1_5\controller\Video.php ]
[ info ] [ LOG ] INIT File
---------------------------------------------------------------
[ 2018-07-12T17:11:15+08:00 ] 127.0.0.1 GET /index.php/app1_4/Video/personalDetails?id=71&user_id=30&page=1&type=0&time=1528104018
[ info ] limiapp.com/index.php/app1_4/Video/personalDetails?id=71&user_id=30&page=1&type=0&time=1528104018 [运行时间：4.459255s][吞吐率：0.22req/s] [内存消耗：3,408.20kb] [文件加载：55]
[ info ] [ LANG ] D:\xampp\htdocs\limiapp\thinkphp\lang\zh-cn.php
[ info ] [ ROUTE ] array (
  'type' => 'module',
  'module' => 
  array (
    0 => 'apps1_4',
    1 => 'Video',
    2 => 'personalDetails',
  ),
  'convert' => false,
)
[ info ] [ HEADER ] array (
  'cache-control' => 'no-cache',
  'postman-token' => '60a8fcea-9a2d-4c86-96ef-34d36a9c4669',
  'user-agent' => 'PostmanRuntime/7.1.1',
  'accept' => '*/*',
  'host' => 'limiapp.com',
  'cookie' => 'XDEBUG_SESSION=PHPSTORM',
  'accept-encoding' => 'gzip, deflate',
  'connection' => 'keep-alive',
)
[ info ] [ PARAM ] array (
  'id' => '71',
  'user_id' => '30',
  'page' => '1',
  'type' => '0',
  'time' => '1528104018',
  'Video' => 'personalDetails',
)
[ info ] [ DB ] INIT mysql
[ info ] [ BEHAVIOR ] Run app\behavior\Server @app_begin [ RunTime:0.922052s ]
[ info ] [ BEHAVIOR ] Run app\behavior\Appset @app_begin [ RunTime:0.002000s ]
[ info ] [ BEHAVIOR ] Run app\apps1_2\behavior\Auth @action_begin [ RunTime:0.380022s ]
[ info ] [ RUN ] app\apps1_4\controller\Video->personalDetails[ D:\xampp\htdocs\limiapp\application\apps1_4\controller\Video.php ]
[ info ] [ LOG ] INIT File
---------------------------------------------------------------
[ 2018-07-12T17:11:49+08:00 ] 127.0.0.1 GET /index.php/app1_4/Video/personalDetails?id=71&user_id=30&page=1&type=1&time=1528104018
[ info ] limiapp.com/index.php/app1_4/Video/personalDetails?id=71&user_id=30&page=1&type=1&time=1528104018 [运行时间：1.996114s][吞吐率：0.50req/s] [内存消耗：3,416.87kb] [文件加载：55]
[ info ] [ LANG ] D:\xampp\htdocs\limiapp\thinkphp\lang\zh-cn.php
[ info ] [ ROUTE ] array (
  'type' => 'module',
  'module' => 
  array (
    0 => 'apps1_4',
    1 => 'Video',
    2 => 'personalDetails',
  ),
  'convert' => false,
)
[ info ] [ HEADER ] array (
  'cache-control' => 'no-cache',
  'postman-token' => 'f58ea489-c2a2-4a73-83da-5acf33722b3d',
  'user-agent' => 'PostmanRuntime/7.1.1',
  'accept' => '*/*',
  'host' => 'limiapp.com',
  'cookie' => 'XDEBUG_SESSION=PHPSTORM',
  'accept-encoding' => 'gzip, deflate',
  'connection' => 'keep-alive',
)
[ info ] [ PARAM ] array (
  'id' => '71',
  'user_id' => '30',
  'page' => '1',
  'type' => '1',
  'time' => '1528104018',
  'Video' => 'personalDetails',
)
[ info ] [ DB ] INIT mysql
[ info ] [ BEHAVIOR ] Run app\behavior\Server @app_begin [ RunTime:0.312018s ]
[ info ] [ BEHAVIOR ] Run app\behavior\Appset @app_begin [ RunTime:0.002000s ]
[ info ] [ BEHAVIOR ] Run app\apps1_2\behavior\Auth @action_begin [ RunTime:0.184010s ]
[ info ] [ RUN ] app\apps1_4\controller\Video->personalDetails[ D:\xampp\htdocs\limiapp\application\apps1_4\controller\Video.php ]
[ info ] [ LOG ] INIT File
---------------------------------------------------------------
[ 2018-07-12T17:11:56+08:00 ] 127.0.0.1 GET /index.php/app1_4/Video/personalDetails?id=71&user_id=30&page=1&type=0&time=1528104018
[ info ] limiapp.com/index.php/app1_4/Video/personalDetails?id=71&user_id=30&page=1&type=0&time=1528104018 [运行时间：1.785103s][吞吐率：0.56req/s] [内存消耗：3,408.20kb] [文件加载：55]
[ info ] [ LANG ] D:\xampp\htdocs\limiapp\thinkphp\lang\zh-cn.php
[ info ] [ ROUTE ] array (
  'type' => 'module',
  'module' => 
  array (
    0 => 'apps1_4',
    1 => 'Video',
    2 => 'personalDetails',
  ),
  'convert' => false,
)
[ info ] [ HEADER ] array (
  'cache-control' => 'no-cache',
  'postman-token' => '1d4ec322-7e8d-47cd-8d95-7b381757a769',
  'user-agent' => 'PostmanRuntime/7.1.1',
  'accept' => '*/*',
  'host' => 'limiapp.com',
  'cookie' => 'XDEBUG_SESSION=PHPSTORM',
  'accept-encoding' => 'gzip, deflate',
  'connection' => 'keep-alive',
)
[ info ] [ PARAM ] array (
  'id' => '71',
  'user_id' => '30',
  'page' => '1',
  'type' => '0',
  'time' => '1528104018',
  'Video' => 'personalDetails',
)
[ info ] [ DB ] INIT mysql
[ info ] [ BEHAVIOR ] Run app\behavior\Server @app_begin [ RunTime:0.315018s ]
[ info ] [ BEHAVIOR ] Run app\behavior\Appset @app_begin [ RunTime:0.001000s ]
[ info ] [ BEHAVIOR ] Run app\apps1_2\behavior\Auth @action_begin [ RunTime:0.185010s ]
[ info ] [ RUN ] app\apps1_4\controller\Video->personalDetails[ D:\xampp\htdocs\limiapp\application\apps1_4\controller\Video.php ]
[ info ] [ LOG ] INIT File
---------------------------------------------------------------
[ 2018-07-12T17:12:06+08:00 ] 127.0.0.1 GET /index.php/app1_4/Video/personalDetails?id=30&user_id=30&page=1&type=0&time=1528104018
[ info ] limiapp.com/index.php/app1_4/Video/personalDetails?id=30&user_id=30&page=1&type=0&time=1528104018 [运行时间：1.773102s][吞吐率：0.56req/s] [内存消耗：3,408.18kb] [文件加载：55]
[ info ] [ LANG ] D:\xampp\htdocs\limiapp\thinkphp\lang\zh-cn.php
[ info ] [ ROUTE ] array (
  'type' => 'module',
  'module' => 
  array (
    0 => 'apps1_4',
    1 => 'Video',
    2 => 'personalDetails',
  ),
  'convert' => false,
)
[ info ] [ HEADER ] array (
  'cache-control' => 'no-cache',
  'postman-token' => '2077ffb2-74cb-414e-a2b9-ba4b6635db9a',
  'user-agent' => 'PostmanRuntime/7.1.1',
  'accept' => '*/*',
  'host' => 'limiapp.com',
  'cookie' => 'XDEBUG_SESSION=PHPSTORM',
  'accept-encoding' => 'gzip, deflate',
  'connection' => 'keep-alive',
)
[ info ] [ PARAM ] array (
  'id' => '30',
  'user_id' => '30',
  'page' => '1',
  'type' => '0',
  'time' => '1528104018',
  'Video' => 'personalDetails',
)
[ info ] [ DB ] INIT mysql
[ info ] [ BEHAVIOR ] Run app\behavior\Server @app_begin [ RunTime:0.314018s ]
[ info ] [ BEHAVIOR ] Run app\behavior\Appset @app_begin [ RunTime:0.001000s ]
[ info ] [ BEHAVIOR ] Run app\apps1_2\behavior\Auth @action_begin [ RunTime:0.185010s ]
[ info ] [ RUN ] app\apps1_4\controller\Video->personalDetails[ D:\xampp\htdocs\limiapp\application\apps1_4\controller\Video.php ]
[ info ] [ LOG ] INIT File
---------------------------------------------------------------
[ 2018-07-12T17:14:18+08:00 ] 127.0.0.1 GET /index.php/app1_4/Video/personalDetails?id=30&user_id=20&page=1&type=0&time=1528104018
[ info ] limiapp.com/index.php/app1_4/Video/personalDetails?id=30&user_id=20&page=1&type=0&time=1528104018 [运行时间：1.963112s][吞吐率：0.51req/s] [内存消耗：3,410.59kb] [文件加载：55]
[ info ] [ LANG ] D:\xampp\htdocs\limiapp\thinkphp\lang\zh-cn.php
[ info ] [ ROUTE ] array (
  'type' => 'module',
  'module' => 
  array (
    0 => 'apps1_4',
    1 => 'Video',
    2 => 'personalDetails',
  ),
  'convert' => false,
)
[ info ] [ HEADER ] array (
  'cache-control' => 'no-cache',
  'postman-token' => '2b05c929-9ca9-4c95-b5df-71d89a0bd579',
  'user-agent' => 'PostmanRuntime/7.1.1',
  'accept' => '*/*',
  'host' => 'limiapp.com',
  'cookie' => 'XDEBUG_SESSION=PHPSTORM',
  'accept-encoding' => 'gzip, deflate',
  'connection' => 'keep-alive',
)
[ info ] [ PARAM ] array (
  'id' => '30',
  'user_id' => '20',
  'page' => '1',
  'type' => '0',
  'time' => '1528104018',
  'Video' => 'personalDetails',
)
[ info ] [ DB ] INIT mysql
[ info ] [ BEHAVIOR ] Run app\behavior\Server @app_begin [ RunTime:0.327019s ]
[ info ] [ BEHAVIOR ] Run app\behavior\Appset @app_begin [ RunTime:0.002000s ]
[ info ] [ BEHAVIOR ] Run app\apps1_2\behavior\Auth @action_begin [ RunTime:0.184011s ]
[ info ] [ RUN ] app\apps1_4\controller\Video->personalDetails[ D:\xampp\htdocs\limiapp\application\apps1_4\controller\Video.php ]
[ info ] [ LOG ] INIT File
---------------------------------------------------------------
[ 2018-07-12T17:20:47+08:00 ] 127.0.0.1 GET /index.php/app1_5/Music/musicList?page=1&id=3&token=d8a1f30f0f29f4a79cc8e8d87bc36bdb13f46df7&type=0&m_id=0
[ info ] limiapp.com/index.php/app1_5/Music/musicList?page=1&id=3&token=d8a1f30f0f29f4a79cc8e8d87bc36bdb13f46df7&type=0&m_id=0 [运行时间：1.366078s][吞吐率：0.73req/s] [内存消耗：3,186.44kb] [文件加载：56]
[ info ] [ LANG ] D:\xampp\htdocs\limiapp\thinkphp\lang\zh-cn.php
[ info ] [ ROUTE ] array (
  'type' => 'module',
  'module' => 
  array (
    0 => 'apps1_5',
    1 => 'Music',
    2 => 'musicList',
  ),
  'convert' => false,
)
[ info ] [ HEADER ] array (
  'cache-control' => 'no-cache',
  'postman-token' => '086cb031-7b66-46ed-9d85-b7b30802e791',
  'user-agent' => 'PostmanRuntime/7.1.1',
  'accept' => '*/*',
  'host' => 'limiapp.com',
  'cookie' => 'XDEBUG_SESSION=PHPSTORM',
  'accept-encoding' => 'gzip, deflate',
  'connection' => 'keep-alive',
)
[ info ] [ PARAM ] array (
  'page' => '1',
  'id' => '3',
  'token' => 'd8a1f30f0f29f4a79cc8e8d87bc36bdb13f46df7',
  'type' => '0',
  'm_id' => '0',
  'Music' => 'musicList',
)
[ info ] [ DB ] INIT mysql
[ info ] [ BEHAVIOR ] Run app\behavior\Server @app_begin [ RunTime:0.325019s ]
[ info ] [ BEHAVIOR ] Run app\behavior\Appset @app_begin [ RunTime:0.001000s ]
[ info ] [ BEHAVIOR ] Run app\apps1_5\behavior\Auth @action_begin [ RunTime:0.182010s ]
[ info ] [ RUN ] app\apps1_5\controller\Music->musicList[ D:\xampp\htdocs\limiapp\application\apps1_5\controller\Music.php ]
[ info ] [ LOG ] INIT File
