---------------------------------------------------------------
[ 2018-07-24T10:39:32+08:00 ] 127.0.0.1 GET /index.php/app1_6/user/myFansList?id=3&page=1&name=
[ info ] limiapp.com/index.php/app1_6/user/myFansList?id=3&page=1&name= [运行时间：2.165124s][吞吐率：0.46req/s] [内存消耗：3,468.54kb] [文件加载：55]
[ info ] [ LANG ] D:\xampp\htdocs\limiapp\thinkphp\lang\zh-cn.php
[ info ] [ ROUTE ] array (
  'type' => 'module',
  'module' => 
  array (
    0 => 'apps1_6',
    1 => 'user',
    2 => 'myFansList',
  ),
  'convert' => false,
)
[ info ] [ HEADER ] array (
  'cache-control' => 'no-cache',
  'postman-token' => 'acd18b53-32b2-4876-a258-a4cfd5fc354d',
  'user-agent' => 'PostmanRuntime/7.1.5',
  'accept' => '*/*',
  'host' => 'limiapp.com',
  'cookie' => 'XDEBUG_SESSION=PHPSTORM',
  'accept-encoding' => 'gzip, deflate',
  'connection' => 'keep-alive',
)
[ info ] [ PARAM ] array (
  'id' => '3',
  'page' => '1',
  'name' => '',
  'user' => 'myFansList',
)
[ info ] [ DB ] INIT mysql
[ info ] [ BEHAVIOR ] Run app\behavior\Server @app_begin [ RunTime:0.344019s ]
[ info ] [ BEHAVIOR ] Run app\behavior\Appset @app_begin [ RunTime:0.019002s ]
[ info ] [ BEHAVIOR ] Run app\apps1_5\behavior\Auth @action_begin [ RunTime:0.189011s ]
[ info ] [ RUN ] app\apps1_6\controller\User->myFansList[ D:\xampp\htdocs\limiapp\application\apps1_6\controller\User.php ]
[ info ] [ LOG ] INIT File
---------------------------------------------------------------
[ 2018-07-24T10:39:41+08:00 ] 127.0.0.1 GET /index.php/app1_6/user/myFansList?id=3&page=1&name=eng
[ info ] limiapp.com/index.php/app1_6/user/myFansList?id=3&page=1&name=eng [运行时间：0.869050s][吞吐率：1.15req/s] [内存消耗：3,494.51kb] [文件加载：59]
[ info ] [ LANG ] D:\xampp\htdocs\limiapp\thinkphp\lang\zh-cn.php
[ info ] [ ROUTE ] array (
  'type' => 'module',
  'module' => 
  array (
    0 => 'apps1_6',
    1 => 'user',
    2 => 'myFansList',
  ),
  'convert' => false,
)
[ info ] [ HEADER ] array (
  'cache-control' => 'no-cache',
  'postman-token' => '17af2c5f-68bd-414e-b4bd-6988254bcae9',
  'user-agent' => 'PostmanRuntime/7.1.5',
  'accept' => '*/*',
  'host' => 'limiapp.com',
  'cookie' => 'XDEBUG_SESSION=PHPSTORM',
  'accept-encoding' => 'gzip, deflate',
  'connection' => 'keep-alive',
)
[ info ] [ PARAM ] array (
  'id' => '3',
  'page' => '1',
  'name' => 'eng',
  'user' => 'myFansList',
)
[ info ] [ DB ] INIT mysql
[ info ] [ BEHAVIOR ] Run app\behavior\Server @app_begin [ RunTime:0.316018s ]
[ info ] [ BEHAVIOR ] Run app\behavior\Appset @app_begin [ RunTime:0.001000s ]
[ info ] [ BEHAVIOR ] Run app\apps1_5\behavior\Auth @action_begin [ RunTime:0.185011s ]
[ info ] [ RUN ] app\apps1_6\controller\User->myFansList[ D:\xampp\htdocs\limiapp\application\apps1_6\controller\User.php ]
[ info ] [ LOG ] INIT File
[ error ] [8]未定义数组索引: signature[D:\xampp\htdocs\limiapp\application\apps1_6\controller\User.php:1105]
---------------------------------------------------------------
[ 2018-07-24T10:39:59+08:00 ] 127.0.0.1 GET /index.php/app1_6/user/myFansList?id=3&page=1&name=
[ info ] limiapp.com/index.php/app1_6/user/myFansList?id=3&page=1&name= [运行时间：1.992114s][吞吐率：0.50req/s] [内存消耗：3,468.64kb] [文件加载：55]
[ info ] [ LANG ] D:\xampp\htdocs\limiapp\thinkphp\lang\zh-cn.php
[ info ] [ ROUTE ] array (
  'type' => 'module',
  'module' => 
  array (
    0 => 'apps1_6',
    1 => 'user',
    2 => 'myFansList',
  ),
  'convert' => false,
)
[ info ] [ HEADER ] array (
  'cache-control' => 'no-cache',
  'postman-token' => '6e1432d6-9ca4-41cb-81ce-593faeb8f803',
  'user-agent' => 'PostmanRuntime/7.1.5',
  'accept' => '*/*',
  'host' => 'limiapp.com',
  'cookie' => 'XDEBUG_SESSION=PHPSTORM',
  'accept-encoding' => 'gzip, deflate',
  'connection' => 'keep-alive',
)
[ info ] [ PARAM ] array (
  'id' => '3',
  'page' => '1',
  'name' => '',
  'user' => 'myFansList',
)
[ info ] [ DB ] INIT mysql
[ info ] [ BEHAVIOR ] Run app\behavior\Server @app_begin [ RunTime:0.317018s ]
[ info ] [ BEHAVIOR ] Run app\behavior\Appset @app_begin [ RunTime:0.002000s ]
[ info ] [ BEHAVIOR ] Run app\apps1_5\behavior\Auth @action_begin [ RunTime:0.183010s ]
[ info ] [ RUN ] app\apps1_6\controller\User->myFansList[ D:\xampp\htdocs\limiapp\application\apps1_6\controller\User.php ]
[ info ] [ LOG ] INIT File
---------------------------------------------------------------
[ 2018-07-24T10:42:36+08:00 ] 127.0.0.1 GET /index.php/app1_6/user/myFansList?id=3&page=1&name=eng
[ info ] limiapp.com/index.php/app1_6/user/myFansList?id=3&page=1&name=eng [运行时间：0.823047s][吞吐率：1.21req/s] [内存消耗：3,494.51kb] [文件加载：59]
[ info ] [ LANG ] D:\xampp\htdocs\limiapp\thinkphp\lang\zh-cn.php
[ info ] [ ROUTE ] array (
  'type' => 'module',
  'module' => 
  array (
    0 => 'apps1_6',
    1 => 'user',
    2 => 'myFansList',
  ),
  'convert' => false,
)
[ info ] [ HEADER ] array (
  'cache-control' => 'no-cache',
  'postman-token' => '3a84df71-f3db-4677-9b7f-9c54af6366e5',
  'user-agent' => 'PostmanRuntime/7.1.5',
  'accept' => '*/*',
  'host' => 'limiapp.com',
  'cookie' => 'XDEBUG_SESSION=PHPSTORM',
  'accept-encoding' => 'gzip, deflate',
  'connection' => 'keep-alive',
)
[ info ] [ PARAM ] array (
  'id' => '3',
  'page' => '1',
  'name' => 'eng',
  'user' => 'myFansList',
)
[ info ] [ DB ] INIT mysql
[ info ] [ BEHAVIOR ] Run app\behavior\Server @app_begin [ RunTime:0.301017s ]
[ info ] [ BEHAVIOR ] Run app\behavior\Appset @app_begin [ RunTime:0.001000s ]
[ info ] [ BEHAVIOR ] Run app\apps1_5\behavior\Auth @action_begin [ RunTime:0.176010s ]
[ info ] [ RUN ] app\apps1_6\controller\User->myFansList[ D:\xampp\htdocs\limiapp\application\apps1_6\controller\User.php ]
[ info ] [ LOG ] INIT File
[ error ] [8]未定义数组索引: signature[D:\xampp\htdocs\limiapp\application\apps1_6\controller\User.php:1105]
---------------------------------------------------------------
[ 2018-07-24T10:46:19+08:00 ] 127.0.0.1 GET /index.php/app1_6/user/myFansList?id=3&page=1&name=eng
[ info ] limiapp.com/index.php/app1_6/user/myFansList?id=3&page=1&name=eng [运行时间：196.279226s][吞吐率：0.01req/s] [内存消耗：3,532.47kb] [文件加载：59]
[ info ] [ LANG ] D:\xampp\htdocs\limiapp\thinkphp\lang\zh-cn.php
[ info ] [ ROUTE ] array (
  'type' => 'module',
  'module' => 
  array (
    0 => 'apps1_6',
    1 => 'user',
    2 => 'myFansList',
  ),
  'convert' => false,
)
[ info ] [ HEADER ] array (
  'cache-control' => 'no-cache',
  'postman-token' => 'aedc45fb-0245-453e-9c9e-a748f294028b',
  'user-agent' => 'PostmanRuntime/7.1.5',
  'accept' => '*/*',
  'host' => 'limiapp.com',
  'cookie' => 'XDEBUG_SESSION=PHPSTORM',
  'accept-encoding' => 'gzip, deflate',
  'connection' => 'keep-alive',
)
[ info ] [ PARAM ] array (
  'id' => '3',
  'page' => '1',
  'name' => 'eng',
  'user' => 'myFansList',
)
[ info ] [ DB ] INIT mysql
[ info ] [ BEHAVIOR ] Run app\behavior\Server @app_begin [ RunTime:0.313018s ]
[ info ] [ BEHAVIOR ] Run app\behavior\Appset @app_begin [ RunTime:0.002000s ]
[ info ] [ BEHAVIOR ] Run app\apps1_5\behavior\Auth @action_begin [ RunTime:0.181010s ]
[ info ] [ RUN ] app\apps1_6\controller\User->myFansList[ D:\xampp\htdocs\limiapp\application\apps1_6\controller\User.php ]
[ info ] [ LOG ] INIT File
[ error ] [8]未定义数组下标: 0[xdebug://debug-eval(1) : eval()'d code:1]
[ error ] [4]语法错误: unexpected '=>' (T_DOUBLE_ARROW)[xdebug://debug-eval(1) : eval()'d code:1]
---------------------------------------------------------------
[ 2018-07-24T10:53:18+08:00 ] 127.0.0.1 GET /index.php/app1_6/user/myFansList?id=3&page=1&name=eng
[ info ] limiapp.com/index.php/app1_6/user/myFansList?id=3&page=1&name=eng [运行时间：0.863050s][吞吐率：1.16req/s] [内存消耗：3,496.73kb] [文件加载：59]
[ info ] [ LANG ] D:\xampp\htdocs\limiapp\thinkphp\lang\zh-cn.php
[ info ] [ ROUTE ] array (
  'type' => 'module',
  'module' => 
  array (
    0 => 'apps1_6',
    1 => 'user',
    2 => 'myFansList',
  ),
  'convert' => false,
)
[ info ] [ HEADER ] array (
  'cache-control' => 'no-cache',
  'postman-token' => '5fd89527-a167-44ae-bf80-22a798c15269',
  'user-agent' => 'PostmanRuntime/7.1.5',
  'accept' => '*/*',
  'host' => 'limiapp.com',
  'cookie' => 'XDEBUG_SESSION=PHPSTORM',
  'accept-encoding' => 'gzip, deflate',
  'connection' => 'keep-alive',
)
[ info ] [ PARAM ] array (
  'id' => '3',
  'page' => '1',
  'name' => 'eng',
  'user' => 'myFansList',
)
[ info ] [ DB ] INIT mysql
[ info ] [ BEHAVIOR ] Run app\behavior\Server @app_begin [ RunTime:0.316018s ]
[ info ] [ BEHAVIOR ] Run app\behavior\Appset @app_begin [ RunTime:0.001000s ]
[ info ] [ BEHAVIOR ] Run app\apps1_5\behavior\Auth @action_begin [ RunTime:0.186010s ]
[ info ] [ RUN ] app\apps1_6\controller\User->myFansList[ D:\xampp\htdocs\limiapp\application\apps1_6\controller\User.php ]
[ info ] [ LOG ] INIT File
[ error ] [8]未定义数组索引: signature[D:\xampp\htdocs\limiapp\application\apps1_6\controller\User.php:1106]
---------------------------------------------------------------
[ 2018-07-24T10:53:54+08:00 ] 127.0.0.1 GET /index.php/app1_6/user/myFansList?id=3&page=1&name=eng
[ info ] limiapp.com/index.php/app1_6/user/myFansList?id=3&page=1&name=eng [运行时间：1.378079s][吞吐率：0.73req/s] [内存消耗：3,452.18kb] [文件加载：55]
[ info ] [ LANG ] D:\xampp\htdocs\limiapp\thinkphp\lang\zh-cn.php
[ info ] [ ROUTE ] array (
  'type' => 'module',
  'module' => 
  array (
    0 => 'apps1_6',
    1 => 'user',
    2 => 'myFansList',
  ),
  'convert' => false,
)
[ info ] [ HEADER ] array (
  'cache-control' => 'no-cache',
  'postman-token' => 'e9fd0d05-dcdf-4ec8-be36-eee1f4745721',
  'user-agent' => 'PostmanRuntime/7.1.5',
  'accept' => '*/*',
  'host' => 'limiapp.com',
  'cookie' => 'XDEBUG_SESSION=PHPSTORM',
  'accept-encoding' => 'gzip, deflate',
  'connection' => 'keep-alive',
)
[ info ] [ PARAM ] array (
  'id' => '3',
  'page' => '1',
  'name' => 'eng',
  'user' => 'myFansList',
)
[ info ] [ DB ] INIT mysql
[ info ] [ BEHAVIOR ] Run app\behavior\Server @app_begin [ RunTime:0.316018s ]
[ info ] [ BEHAVIOR ] Run app\behavior\Appset @app_begin [ RunTime:0.001000s ]
[ info ] [ BEHAVIOR ] Run app\apps1_5\behavior\Auth @action_begin [ RunTime:0.185011s ]
[ info ] [ RUN ] app\apps1_6\controller\User->myFansList[ D:\xampp\htdocs\limiapp\application\apps1_6\controller\User.php ]
[ info ] [ LOG ] INIT File
---------------------------------------------------------------
[ 2018-07-24T10:54:27+08:00 ] 127.0.0.1 GET /index.php/app1_6/user/myFansList?id=3&page=1&name=
[ info ] limiapp.com/index.php/app1_6/user/myFansList?id=3&page=1&name= [运行时间：1.871107s][吞吐率：0.53req/s] [内存消耗：3,469.35kb] [文件加载：55]
[ info ] [ LANG ] D:\xampp\htdocs\limiapp\thinkphp\lang\zh-cn.php
[ info ] [ ROUTE ] array (
  'type' => 'module',
  'module' => 
  array (
    0 => 'apps1_6',
    1 => 'user',
    2 => 'myFansList',
  ),
  'convert' => false,
)
[ info ] [ HEADER ] array (
  'cache-control' => 'no-cache',
  'postman-token' => 'ca5024f1-67f7-416a-b797-a3e013c685f7',
  'user-agent' => 'PostmanRuntime/7.1.5',
  'accept' => '*/*',
  'host' => 'limiapp.com',
  'cookie' => 'XDEBUG_SESSION=PHPSTORM',
  'accept-encoding' => 'gzip, deflate',
  'connection' => 'keep-alive',
)
[ info ] [ PARAM ] array (
  'id' => '3',
  'page' => '1',
  'name' => '',
  'user' => 'myFansList',
)
[ info ] [ DB ] INIT mysql
[ info ] [ BEHAVIOR ] Run app\behavior\Server @app_begin [ RunTime:0.302017s ]
[ info ] [ BEHAVIOR ] Run app\behavior\Appset @app_begin [ RunTime:0.001000s ]
[ info ] [ BEHAVIOR ] Run app\apps1_5\behavior\Auth @action_begin [ RunTime:0.178010s ]
[ info ] [ RUN ] app\apps1_6\controller\User->myFansList[ D:\xampp\htdocs\limiapp\application\apps1_6\controller\User.php ]
[ info ] [ LOG ] INIT File
---------------------------------------------------------------
[ 2018-07-24T10:55:04+08:00 ] 127.0.0.1 GET /index.php/app1_6/user/myFansList?id=3&page=1&name=
[ info ] limiapp.com/index.php/app1_6/user/myFansList?id=3&page=1&name= [运行时间：1.848105s][吞吐率：0.54req/s] [内存消耗：3,469.35kb] [文件加载：55]
[ info ] [ LANG ] D:\xampp\htdocs\limiapp\thinkphp\lang\zh-cn.php
[ info ] [ ROUTE ] array (
  'type' => 'module',
  'module' => 
  array (
    0 => 'apps1_6',
    1 => 'user',
    2 => 'myFansList',
  ),
  'convert' => false,
)
[ info ] [ HEADER ] array (
  'cache-control' => 'no-cache',
  'postman-token' => 'd4e7fd19-fe3c-4b7d-a296-fc0788ea688d',
  'user-agent' => 'PostmanRuntime/7.1.5',
  'accept' => '*/*',
  'host' => 'limiapp.com',
  'cookie' => 'XDEBUG_SESSION=PHPSTORM',
  'accept-encoding' => 'gzip, deflate',
  'connection' => 'keep-alive',
)
[ info ] [ PARAM ] array (
  'id' => '3',
  'page' => '1',
  'name' => '',
  'user' => 'myFansList',
)
[ info ] [ DB ] INIT mysql
[ info ] [ BEHAVIOR ] Run app\behavior\Server @app_begin [ RunTime:0.302018s ]
[ info ] [ BEHAVIOR ] Run app\behavior\Appset @app_begin [ RunTime:0.002000s ]
[ info ] [ BEHAVIOR ] Run app\apps1_5\behavior\Auth @action_begin [ RunTime:0.177010s ]
[ info ] [ RUN ] app\apps1_6\controller\User->myFansList[ D:\xampp\htdocs\limiapp\application\apps1_6\controller\User.php ]
[ info ] [ LOG ] INIT File
---------------------------------------------------------------
[ 2018-07-24T10:55:09+08:00 ] 127.0.0.1 GET /index.php/app1_6/user/myFansList?id=3&page=1&name=feng
[ info ] limiapp.com/index.php/app1_6/user/myFansList?id=3&page=1&name=feng [运行时间：1.325076s][吞吐率：0.75req/s] [内存消耗：3,452.18kb] [文件加载：55]
[ info ] [ LANG ] D:\xampp\htdocs\limiapp\thinkphp\lang\zh-cn.php
[ info ] [ ROUTE ] array (
  'type' => 'module',
  'module' => 
  array (
    0 => 'apps1_6',
    1 => 'user',
    2 => 'myFansList',
  ),
  'convert' => false,
)
[ info ] [ HEADER ] array (
  'cache-control' => 'no-cache',
  'postman-token' => '78e45add-8fa4-42d5-9251-71477ef0b81c',
  'user-agent' => 'PostmanRuntime/7.1.5',
  'accept' => '*/*',
  'host' => 'limiapp.com',
  'cookie' => 'XDEBUG_SESSION=PHPSTORM',
  'accept-encoding' => 'gzip, deflate',
  'connection' => 'keep-alive',
)
[ info ] [ PARAM ] array (
  'id' => '3',
  'page' => '1',
  'name' => 'feng',
  'user' => 'myFansList',
)
[ info ] [ DB ] INIT mysql
[ info ] [ BEHAVIOR ] Run app\behavior\Server @app_begin [ RunTime:0.302017s ]
[ info ] [ BEHAVIOR ] Run app\behavior\Appset @app_begin [ RunTime:0.002000s ]
[ info ] [ BEHAVIOR ] Run app\apps1_5\behavior\Auth @action_begin [ RunTime:0.177010s ]
[ info ] [ RUN ] app\apps1_6\controller\User->myFansList[ D:\xampp\htdocs\limiapp\application\apps1_6\controller\User.php ]
[ info ] [ LOG ] INIT File
---------------------------------------------------------------
[ 2018-07-24T11:02:40+08:00 ] 127.0.0.1 GET /index.php/app1_6/user/myAttentionList?id=3&page=1
[ info ] limiapp.com/index.php/app1_6/user/myAttentionList?id=3&page=1 [运行时间：1.909109s][吞吐率：0.52req/s] [内存消耗：3,470.20kb] [文件加载：55]
[ info ] [ LANG ] D:\xampp\htdocs\limiapp\thinkphp\lang\zh-cn.php
[ info ] [ ROUTE ] array (
  'type' => 'module',
  'module' => 
  array (
    0 => 'apps1_6',
    1 => 'user',
    2 => 'myAttentionList',
  ),
  'convert' => false,
)
[ info ] [ HEADER ] array (
  'cache-control' => 'no-cache',
  'postman-token' => '9f2b4476-8348-4242-a33a-4f7d16cd2fc9',
  'user-agent' => 'PostmanRuntime/7.1.5',
  'accept' => '*/*',
  'host' => 'limiapp.com',
  'cookie' => 'XDEBUG_SESSION=PHPSTORM',
  'accept-encoding' => 'gzip, deflate',
  'connection' => 'keep-alive',
)
[ info ] [ PARAM ] array (
  'id' => '3',
  'page' => '1',
  'user' => 'myAttentionList',
)
[ info ] [ DB ] INIT mysql
[ info ] [ BEHAVIOR ] Run app\behavior\Server @app_begin [ RunTime:0.313018s ]
[ info ] [ BEHAVIOR ] Run app\behavior\Appset @app_begin [ RunTime:0.002000s ]
[ info ] [ BEHAVIOR ] Run app\apps1_5\behavior\Auth @action_begin [ RunTime:0.183011s ]
[ info ] [ RUN ] app\apps1_6\controller\User->myAttentionList[ D:\xampp\htdocs\limiapp\application\apps1_6\controller\User.php ]
[ info ] [ LOG ] INIT File
---------------------------------------------------------------
[ 2018-07-24T11:02:50+08:00 ] 127.0.0.1 GET /index.php/app1_6/user/myAttentionList?id=3&page=1&name=eng
[ info ] limiapp.com/index.php/app1_6/user/myAttentionList?id=3&page=1&name=eng [运行时间：0.813047s][吞吐率：1.23req/s] [内存消耗：3,440.98kb] [文件加载：55]
[ info ] [ LANG ] D:\xampp\htdocs\limiapp\thinkphp\lang\zh-cn.php
[ info ] [ ROUTE ] array (
  'type' => 'module',
  'module' => 
  array (
    0 => 'apps1_6',
    1 => 'user',
    2 => 'myAttentionList',
  ),
  'convert' => false,
)
[ info ] [ HEADER ] array (
  'cache-control' => 'no-cache',
  'postman-token' => '907e73cf-74c8-4aca-8543-449be1270274',
  'user-agent' => 'PostmanRuntime/7.1.5',
  'accept' => '*/*',
  'host' => 'limiapp.com',
  'cookie' => 'XDEBUG_SESSION=PHPSTORM',
  'accept-encoding' => 'gzip, deflate',
  'connection' => 'keep-alive',
)
[ info ] [ PARAM ] array (
  'id' => '3',
  'page' => '1',
  'name' => 'eng',
  'user' => 'myAttentionList',
)
[ info ] [ DB ] INIT mysql
[ info ] [ BEHAVIOR ] Run app\behavior\Server @app_begin [ RunTime:0.303017s ]
[ info ] [ BEHAVIOR ] Run app\behavior\Appset @app_begin [ RunTime:0.001000s ]
[ info ] [ BEHAVIOR ] Run app\apps1_5\behavior\Auth @action_begin [ RunTime:0.178010s ]
[ info ] [ RUN ] app\apps1_6\controller\User->myAttentionList[ D:\xampp\htdocs\limiapp\application\apps1_6\controller\User.php ]
[ info ] [ LOG ] INIT File
---------------------------------------------------------------
[ 2018-07-24T11:03:56+08:00 ] 127.0.0.1 GET /index.php/app1_6/user/myAttentionList?id=3&page=1&name=eng
[ info ] limiapp.com/index.php/app1_6/user/myAttentionList?id=3&page=1&name=eng [运行时间：25.272446s][吞吐率：0.04req/s] [内存消耗：3,355.81kb] [文件加载：53]
[ info ] [ LANG ] D:\xampp\htdocs\limiapp\thinkphp\lang\zh-cn.php
[ info ] [ ROUTE ] array (
  'type' => 'module',
  'module' => 
  array (
    0 => 'apps1_6',
    1 => 'user',
    2 => 'myAttentionList',
  ),
  'convert' => false,
)
[ info ] [ HEADER ] array (
  'cache-control' => 'no-cache',
  'postman-token' => 'c3660e5a-d1c8-4f32-9f43-2093f0660c08',
  'user-agent' => 'PostmanRuntime/7.1.5',
  'accept' => '*/*',
  'host' => 'limiapp.com',
  'cookie' => 'XDEBUG_SESSION=PHPSTORM',
  'accept-encoding' => 'gzip, deflate',
  'connection' => 'keep-alive',
)
[ info ] [ PARAM ] array (
  'id' => '3',
  'page' => '1',
  'name' => 'eng',
  'user' => 'myAttentionList',
)
[ info ] [ DB ] INIT mysql
[ info ] [ BEHAVIOR ] Run app\behavior\Server @app_begin [ RunTime:0.315018s ]
[ info ] [ BEHAVIOR ] Run app\behavior\Appset @app_begin [ RunTime:0.001000s ]
[ info ] [ BEHAVIOR ] Run app\apps1_5\behavior\Auth @action_begin [ RunTime:0.185011s ]
[ info ] [ RUN ] app\apps1_6\controller\User->myAttentionList[ D:\xampp\htdocs\limiapp\application\apps1_6\controller\User.php ]
[ info ] [ LOG ] INIT File
---------------------------------------------------------------
[ 2018-07-24T11:04:12+08:00 ] 127.0.0.1 GET /index.php/app1_6/user/myAttentionList?id=3&page=1&name=eng
[ info ] limiapp.com/index.php/app1_6/user/myAttentionList?id=3&page=1&name=eng [运行时间：1.342077s][吞吐率：0.75req/s] [内存消耗：3,453.37kb] [文件加载：55]
[ info ] [ LANG ] D:\xampp\htdocs\limiapp\thinkphp\lang\zh-cn.php
[ info ] [ ROUTE ] array (
  'type' => 'module',
  'module' => 
  array (
    0 => 'apps1_6',
    1 => 'user',
    2 => 'myAttentionList',
  ),
  'convert' => false,
)
[ info ] [ HEADER ] array (
  'cache-control' => 'no-cache',
  'postman-token' => 'e781b766-aa6e-4f21-894b-0d213b18db7e',
  'user-agent' => 'PostmanRuntime/7.1.5',
  'accept' => '*/*',
  'host' => 'limiapp.com',
  'cookie' => 'XDEBUG_SESSION=PHPSTORM',
  'accept-encoding' => 'gzip, deflate',
  'connection' => 'keep-alive',
)
[ info ] [ PARAM ] array (
  'id' => '3',
  'page' => '1',
  'name' => 'eng',
  'user' => 'myAttentionList',
)
[ info ] [ DB ] INIT mysql
[ info ] [ BEHAVIOR ] Run app\behavior\Server @app_begin [ RunTime:0.304017s ]
[ info ] [ BEHAVIOR ] Run app\behavior\Appset @app_begin [ RunTime:0.001000s ]
[ info ] [ BEHAVIOR ] Run app\apps1_5\behavior\Auth @action_begin [ RunTime:0.179010s ]
[ info ] [ RUN ] app\apps1_6\controller\User->myAttentionList[ D:\xampp\htdocs\limiapp\application\apps1_6\controller\User.php ]
[ info ] [ LOG ] INIT File
---------------------------------------------------------------
[ 2018-07-24T11:08:30+08:00 ] 127.0.0.1 GET /index.php/app1_6/user/myAttentionList?id=3&page=1&name=%27%27
[ info ] limiapp.com/index.php/app1_6/user/myAttentionList?id=3&page=1&name=%27%27 [运行时间：0.823048s][吞吐率：1.21req/s] [内存消耗：3,440.98kb] [文件加载：55]
[ info ] [ LANG ] D:\xampp\htdocs\limiapp\thinkphp\lang\zh-cn.php
[ info ] [ ROUTE ] array (
  'type' => 'module',
  'module' => 
  array (
    0 => 'apps1_6',
    1 => 'user',
    2 => 'myAttentionList',
  ),
  'convert' => false,
)
[ info ] [ HEADER ] array (
  'cache-control' => 'no-cache',
  'postman-token' => '3976abb7-2fe9-4879-b3fd-5e67cfa9b2e5',
  'user-agent' => 'PostmanRuntime/7.1.5',
  'accept' => '*/*',
  'host' => 'limiapp.com',
  'cookie' => 'XDEBUG_SESSION=PHPSTORM',
  'accept-encoding' => 'gzip, deflate',
  'connection' => 'keep-alive',
)
[ info ] [ PARAM ] array (
  'id' => '3',
  'page' => '1',
  'name' => '\'\'',
  'user' => 'myAttentionList',
)
[ info ] [ DB ] INIT mysql
[ info ] [ BEHAVIOR ] Run app\behavior\Server @app_begin [ RunTime:0.306018s ]
[ info ] [ BEHAVIOR ] Run app\behavior\Appset @app_begin [ RunTime:0.002000s ]
[ info ] [ BEHAVIOR ] Run app\apps1_5\behavior\Auth @action_begin [ RunTime:0.180011s ]
[ info ] [ RUN ] app\apps1_6\controller\User->myAttentionList[ D:\xampp\htdocs\limiapp\application\apps1_6\controller\User.php ]
[ info ] [ LOG ] INIT File
---------------------------------------------------------------
[ 2018-07-24T11:10:05+08:00 ] 127.0.0.1 GET /index.php/app1_6/user/myAttentionList?id=3&page=1&name=feng
[ info ] limiapp.com/index.php/app1_6/user/myAttentionList?id=3&page=1&name=feng [运行时间：1.324076s][吞吐率：0.76req/s] [内存消耗：3,453.30kb] [文件加载：55]
[ info ] [ LANG ] D:\xampp\htdocs\limiapp\thinkphp\lang\zh-cn.php
[ info ] [ ROUTE ] array (
  'type' => 'module',
  'module' => 
  array (
    0 => 'apps1_6',
    1 => 'user',
    2 => 'myAttentionList',
  ),
  'convert' => false,
)
[ info ] [ HEADER ] array (
  'cache-control' => 'no-cache',
  'postman-token' => '27a1f6d9-6f84-4288-81d6-ec6eb1d51fb6',
  'user-agent' => 'PostmanRuntime/7.1.5',
  'accept' => '*/*',
  'host' => 'limiapp.com',
  'cookie' => 'XDEBUG_SESSION=PHPSTORM',
  'accept-encoding' => 'gzip, deflate',
  'connection' => 'keep-alive',
)
[ info ] [ PARAM ] array (
  'id' => '3',
  'page' => '1',
  'name' => 'feng',
  'user' => 'myAttentionList',
)
[ info ] [ DB ] INIT mysql
[ info ] [ BEHAVIOR ] Run app\behavior\Server @app_begin [ RunTime:0.302017s ]
[ info ] [ BEHAVIOR ] Run app\behavior\Appset @app_begin [ RunTime:0.002000s ]
[ info ] [ BEHAVIOR ] Run app\apps1_5\behavior\Auth @action_begin [ RunTime:0.178010s ]
[ info ] [ RUN ] app\apps1_6\controller\User->myAttentionList[ D:\xampp\htdocs\limiapp\application\apps1_6\controller\User.php ]
[ info ] [ LOG ] INIT File
