---------------------------------------------------------------
[ 2018-07-26T14:16:33+08:00 ] 127.0.0.1 GET /index.php/app1_6/user/myFansList?id=50&page=1
[ info ] limiapp.com/index.php/app1_6/user/myFansList?id=50&page=1 [运行时间：3.091177s][吞吐率：0.32req/s] [内存消耗：3,502.30kb] [文件加载：55]
[ info ] [ LANG ] D:\xampp\htdocs\limiapp\thinkphp\lang\zh-cn.php
[ info ] [ ROUTE ] array (
  'type' => 'module',
  'module' => 
  array (
    0 => 'apps1_6',
    1 => 'user',
    2 => 'myFansList',
  ),
  'convert' => false,
)
[ info ] [ HEADER ] array (
  'cache-control' => 'no-cache',
  'postman-token' => '36dc04d3-4406-4063-8b94-e8d860907e2c',
  'user-agent' => 'PostmanRuntime/7.1.1',
  'accept' => '*/*',
  'host' => 'limiapp.com',
  'cookie' => 'XDEBUG_SESSION=PHPSTORM',
  'accept-encoding' => 'gzip, deflate',
  'connection' => 'keep-alive',
)
[ info ] [ PARAM ] array (
  'id' => '50',
  'page' => '1',
  'user' => 'myFansList',
)
[ info ] [ DB ] INIT mysql
[ info ] [ BEHAVIOR ] Run app\behavior\Server @app_begin [ RunTime:0.313018s ]
[ info ] [ BEHAVIOR ] Run app\behavior\Appset @app_begin [ RunTime:0.002000s ]
[ info ] [ BEHAVIOR ] Run app\apps1_5\behavior\Auth @action_begin [ RunTime:0.185011s ]
[ info ] [ RUN ] app\apps1_6\controller\User->myFansList[ D:\xampp\htdocs\limiapp\application\apps1_6\controller\User.php ]
[ info ] [ LOG ] INIT File
---------------------------------------------------------------
[ 2018-07-26T14:17:05+08:00 ] 127.0.0.1 GET /index.php/app1_6/user/myAttentionList?id=50&page=1
[ info ] limiapp.com/index.php/app1_6/user/myAttentionList?id=50&page=1 [运行时间：1.823105s][吞吐率：0.55req/s] [内存消耗：3,467.88kb] [文件加载：55]
[ info ] [ LANG ] D:\xampp\htdocs\limiapp\thinkphp\lang\zh-cn.php
[ info ] [ ROUTE ] array (
  'type' => 'module',
  'module' => 
  array (
    0 => 'apps1_6',
    1 => 'user',
    2 => 'myAttentionList',
  ),
  'convert' => false,
)
[ info ] [ HEADER ] array (
  'cache-control' => 'no-cache',
  'postman-token' => '3000d5e5-f4b2-41b0-acb1-f468300bd4c1',
  'user-agent' => 'PostmanRuntime/7.1.1',
  'accept' => '*/*',
  'host' => 'limiapp.com',
  'cookie' => 'XDEBUG_SESSION=PHPSTORM',
  'accept-encoding' => 'gzip, deflate',
  'connection' => 'keep-alive',
)
[ info ] [ PARAM ] array (
  'id' => '50',
  'page' => '1',
  'user' => 'myAttentionList',
)
[ info ] [ DB ] INIT mysql
[ info ] [ BEHAVIOR ] Run app\behavior\Server @app_begin [ RunTime:0.298017s ]
[ info ] [ BEHAVIOR ] Run app\behavior\Appset @app_begin [ RunTime:0.001000s ]
[ info ] [ BEHAVIOR ] Run app\apps1_5\behavior\Auth @action_begin [ RunTime:0.174010s ]
[ info ] [ RUN ] app\apps1_6\controller\User->myAttentionList[ D:\xampp\htdocs\limiapp\application\apps1_6\controller\User.php ]
[ info ] [ LOG ] INIT File
---------------------------------------------------------------
[ 2018-07-26T14:17:20+08:00 ] 127.0.0.1 GET /index.php/app1_6/user/myAttentionList?id=50&page=1&name=feng
[ info ] limiapp.com/index.php/app1_6/user/myAttentionList?id=50&page=1&name=feng [运行时间：1.407081s][吞吐率：0.71req/s] [内存消耗：3,450.95kb] [文件加载：55]
[ info ] [ LANG ] D:\xampp\htdocs\limiapp\thinkphp\lang\zh-cn.php
[ info ] [ ROUTE ] array (
  'type' => 'module',
  'module' => 
  array (
    0 => 'apps1_6',
    1 => 'user',
    2 => 'myAttentionList',
  ),
  'convert' => false,
)
[ info ] [ HEADER ] array (
  'cache-control' => 'no-cache',
  'postman-token' => '1a5a8314-7ecd-4d29-b71c-217a44791594',
  'user-agent' => 'PostmanRuntime/7.1.1',
  'accept' => '*/*',
  'host' => 'limiapp.com',
  'cookie' => 'XDEBUG_SESSION=PHPSTORM',
  'accept-encoding' => 'gzip, deflate',
  'connection' => 'keep-alive',
)
[ info ] [ PARAM ] array (
  'id' => '50',
  'page' => '1',
  'name' => 'feng',
  'user' => 'myAttentionList',
)
[ info ] [ DB ] INIT mysql
[ info ] [ BEHAVIOR ] Run app\behavior\Server @app_begin [ RunTime:0.320018s ]
[ info ] [ BEHAVIOR ] Run app\behavior\Appset @app_begin [ RunTime:0.001000s ]
[ info ] [ BEHAVIOR ] Run app\apps1_5\behavior\Auth @action_begin [ RunTime:0.184010s ]
[ info ] [ RUN ] app\apps1_6\controller\User->myAttentionList[ D:\xampp\htdocs\limiapp\application\apps1_6\controller\User.php ]
[ info ] [ LOG ] INIT File
---------------------------------------------------------------
[ 2018-07-26T14:18:56+08:00 ] 127.0.0.1 GET /index.php/app1_6/user/myAttentionList?id=50&page=1&name=r
[ info ] limiapp.com/index.php/app1_6/user/myAttentionList?id=50&page=1&name=r [运行时间：0.841049s][吞吐率：1.19req/s] [内存消耗：3,438.86kb] [文件加载：55]
[ info ] [ LANG ] D:\xampp\htdocs\limiapp\thinkphp\lang\zh-cn.php
[ info ] [ ROUTE ] array (
  'type' => 'module',
  'module' => 
  array (
    0 => 'apps1_6',
    1 => 'user',
    2 => 'myAttentionList',
  ),
  'convert' => false,
)
[ info ] [ HEADER ] array (
  'cache-control' => 'no-cache',
  'postman-token' => '13e76b5f-5280-4590-9abf-bd8cfd2a4e3c',
  'user-agent' => 'PostmanRuntime/7.1.1',
  'accept' => '*/*',
  'host' => 'limiapp.com',
  'cookie' => 'XDEBUG_SESSION=PHPSTORM',
  'accept-encoding' => 'gzip, deflate',
  'connection' => 'keep-alive',
)
[ info ] [ PARAM ] array (
  'id' => '50',
  'page' => '1',
  'name' => 'r',
  'user' => 'myAttentionList',
)
[ info ] [ DB ] INIT mysql
[ info ] [ BEHAVIOR ] Run app\behavior\Server @app_begin [ RunTime:0.312018s ]
[ info ] [ BEHAVIOR ] Run app\behavior\Appset @app_begin [ RunTime:0.001000s ]
[ info ] [ BEHAVIOR ] Run app\apps1_5\behavior\Auth @action_begin [ RunTime:0.183010s ]
[ info ] [ RUN ] app\apps1_6\controller\User->myAttentionList[ D:\xampp\htdocs\limiapp\application\apps1_6\controller\User.php ]
[ info ] [ LOG ] INIT File
---------------------------------------------------------------
[ 2018-07-26T14:19:03+08:00 ] 127.0.0.1 GET /index.php/app1_6/user/myAttentionList?id=50&page=1
[ info ] limiapp.com/index.php/app1_6/user/myAttentionList?id=50&page=1 [运行时间：1.849105s][吞吐率：0.54req/s] [内存消耗：3,467.88kb] [文件加载：55]
[ info ] [ LANG ] D:\xampp\htdocs\limiapp\thinkphp\lang\zh-cn.php
[ info ] [ ROUTE ] array (
  'type' => 'module',
  'module' => 
  array (
    0 => 'apps1_6',
    1 => 'user',
    2 => 'myAttentionList',
  ),
  'convert' => false,
)
[ info ] [ HEADER ] array (
  'cache-control' => 'no-cache',
  'postman-token' => '08c92d93-4204-4569-9742-ce318beeef29',
  'user-agent' => 'PostmanRuntime/7.1.1',
  'accept' => '*/*',
  'host' => 'limiapp.com',
  'cookie' => 'XDEBUG_SESSION=PHPSTORM',
  'accept-encoding' => 'gzip, deflate',
  'connection' => 'keep-alive',
)
[ info ] [ PARAM ] array (
  'id' => '50',
  'page' => '1',
  'user' => 'myAttentionList',
)
[ info ] [ DB ] INIT mysql
[ info ] [ BEHAVIOR ] Run app\behavior\Server @app_begin [ RunTime:0.302018s ]
[ info ] [ BEHAVIOR ] Run app\behavior\Appset @app_begin [ RunTime:0.001000s ]
[ info ] [ BEHAVIOR ] Run app\apps1_5\behavior\Auth @action_begin [ RunTime:0.176010s ]
[ info ] [ RUN ] app\apps1_6\controller\User->myAttentionList[ D:\xampp\htdocs\limiapp\application\apps1_6\controller\User.php ]
[ info ] [ LOG ] INIT File
