---------------------------------------------------------------
[ 2018-07-31T11:19:07+08:00 ] 127.0.0.1 GET /index.php/app1_6/video/getNearCollege?lat=30.551142&lng=104.065917
[ info ] limiapp.com/index.php/app1_6/video/getNearCollege?lat=30.551142&lng=104.065917 [运行时间：116.557667s][吞吐率：0.01req/s] [内存消耗：3,578.95kb] [文件加载：55]
[ info ] [ LANG ] D:\xampp\htdocs\limiapp\thinkphp\lang\zh-cn.php
[ info ] [ ROUTE ] array (
  'type' => 'module',
  'module' => 
  array (
    0 => 'apps1_6',
    1 => 'video',
    2 => 'getNearCollege',
  ),
  'convert' => false,
)
[ info ] [ HEADER ] array (
  'cache-control' => 'no-cache',
  'postman-token' => '66d2a841-2466-4809-a9ac-40ee394ae952',
  'user-agent' => 'PostmanRuntime/7.1.1',
  'accept' => '*/*',
  'host' => 'limiapp.com',
  'cookie' => 'XDEBUG_SESSION=PHPSTORM',
  'accept-encoding' => 'gzip, deflate',
  'connection' => 'keep-alive',
)
[ info ] [ PARAM ] array (
  'lat' => '30.551142',
  'lng' => '104.065917',
  'video' => 'getNearCollege',
)
[ info ] [ DB ] INIT mysql
[ info ] [ BEHAVIOR ] Run app\behavior\Server @app_begin [ RunTime:0.340020s ]
[ info ] [ BEHAVIOR ] Run app\behavior\Appset @app_begin [ RunTime:0.002000s ]
[ info ] [ BEHAVIOR ] Run app\apps1_5\behavior\Auth @action_begin [ RunTime:0.009000s ]
[ info ] [ RUN ] app\apps1_6\controller\Video->getNearCollege[ D:\xampp\htdocs\limiapp\application\apps1_6\controller\Video.php ]
[ info ] [ LOG ] INIT File
---------------------------------------------------------------
[ 2018-07-31T11:47:51+08:00 ] 127.0.0.1 GET /index.php/app1_6/video/getNearCollege?lat=30.551142&lng=104.065917
[ info ] limiapp.com/index.php/app1_6/video/getNearCollege?lat=30.551142&lng=104.065917 [运行时间：1,719.867371s][吞吐率：0.00req/s] [内存消耗：3,618.08kb] [文件加载：55]
[ info ] [ LANG ] D:\xampp\htdocs\limiapp\thinkphp\lang\zh-cn.php
[ info ] [ ROUTE ] array (
  'type' => 'module',
  'module' => 
  array (
    0 => 'apps1_6',
    1 => 'video',
    2 => 'getNearCollege',
  ),
  'convert' => false,
)
[ info ] [ HEADER ] array (
  'cache-control' => 'no-cache',
  'postman-token' => 'b340b620-50cf-4b69-8142-b3770d66985b',
  'user-agent' => 'PostmanRuntime/7.1.1',
  'accept' => '*/*',
  'host' => 'limiapp.com',
  'cookie' => 'XDEBUG_SESSION=PHPSTORM',
  'accept-encoding' => 'gzip, deflate',
  'connection' => 'keep-alive',
)
[ info ] [ PARAM ] array (
  'lat' => '30.551142',
  'lng' => '104.065917',
  'video' => 'getNearCollege',
)
[ info ] [ DB ] INIT mysql
[ info ] [ BEHAVIOR ] Run app\behavior\Server @app_begin [ RunTime:0.301017s ]
[ info ] [ BEHAVIOR ] Run app\behavior\Appset @app_begin [ RunTime:0.002000s ]
[ info ] [ BEHAVIOR ] Run app\apps1_5\behavior\Auth @action_begin [ RunTime:0.002000s ]
[ info ] [ RUN ] app\apps1_6\controller\Video->getNearCollege[ D:\xampp\htdocs\limiapp\application\apps1_6\controller\Video.php ]
[ info ] [ LOG ] INIT File
---------------------------------------------------------------
[ 2018-07-31T11:58:48+08:00 ] 127.0.0.1 GET /index.php/app1_6/video/getNearCollege?lat=30.551142&lng=104.065917
[ info ] limiapp.com/index.php/app1_6/video/getNearCollege?lat=30.551142&lng=104.065917 [运行时间：612.776049s][吞吐率：0.00req/s] [内存消耗：3,619.60kb] [文件加载：55]
[ info ] [ LANG ] D:\xampp\htdocs\limiapp\thinkphp\lang\zh-cn.php
[ info ] [ ROUTE ] array (
  'type' => 'module',
  'module' => 
  array (
    0 => 'apps1_6',
    1 => 'video',
    2 => 'getNearCollege',
  ),
  'convert' => false,
)
[ info ] [ HEADER ] array (
  'cache-control' => 'no-cache',
  'postman-token' => 'fc7da167-d793-4ee4-be36-e1e8dd58e4dd',
  'user-agent' => 'PostmanRuntime/7.1.1',
  'accept' => '*/*',
  'host' => 'limiapp.com',
  'cookie' => 'XDEBUG_SESSION=PHPSTORM',
  'accept-encoding' => 'gzip, deflate',
  'connection' => 'keep-alive',
)
[ info ] [ PARAM ] array (
  'lat' => '30.551142',
  'lng' => '104.065917',
  'video' => 'getNearCollege',
)
[ info ] [ DB ] INIT mysql
[ info ] [ BEHAVIOR ] Run app\behavior\Server @app_begin [ RunTime:0.316018s ]
[ info ] [ BEHAVIOR ] Run app\behavior\Appset @app_begin [ RunTime:0.002000s ]
[ info ] [ BEHAVIOR ] Run app\apps1_5\behavior\Auth @action_begin [ RunTime:0.001000s ]
[ info ] [ RUN ] app\apps1_6\controller\Video->getNearCollege[ D:\xampp\htdocs\limiapp\application\apps1_6\controller\Video.php ]
[ info ] [ LOG ] INIT File
---------------------------------------------------------------
[ 2018-07-31T12:01:24+08:00 ] 127.0.0.1 GET /index.php/app1_6/video/getNearCollege?lat=30.6077970912&lng=104.1241436384
[ info ] limiapp.com/index.php/app1_6/video/getNearCollege?lat=30.6077970912&lng=104.1241436384 [运行时间：44.808562s][吞吐率：0.02req/s] [内存消耗：3,620.30kb] [文件加载：55]
[ info ] [ LANG ] D:\xampp\htdocs\limiapp\thinkphp\lang\zh-cn.php
[ info ] [ ROUTE ] array (
  'type' => 'module',
  'module' => 
  array (
    0 => 'apps1_6',
    1 => 'video',
    2 => 'getNearCollege',
  ),
  'convert' => false,
)
[ info ] [ HEADER ] array (
  'cache-control' => 'no-cache',
  'postman-token' => 'c52d6cc8-4ecc-4830-abeb-7300eb749711',
  'user-agent' => 'PostmanRuntime/7.1.1',
  'accept' => '*/*',
  'host' => 'limiapp.com',
  'cookie' => 'XDEBUG_SESSION=PHPSTORM',
  'accept-encoding' => 'gzip, deflate',
  'connection' => 'keep-alive',
)
[ info ] [ PARAM ] array (
  'lat' => '30.6077970912',
  'lng' => '104.1241436384',
  'video' => 'getNearCollege',
)
[ info ] [ DB ] INIT mysql
[ info ] [ BEHAVIOR ] Run app\behavior\Server @app_begin [ RunTime:0.304017s ]
[ info ] [ BEHAVIOR ] Run app\behavior\Appset @app_begin [ RunTime:0.002000s ]
[ info ] [ BEHAVIOR ] Run app\apps1_5\behavior\Auth @action_begin [ RunTime:0.001000s ]
[ info ] [ RUN ] app\apps1_6\controller\Video->getNearCollege[ D:\xampp\htdocs\limiapp\application\apps1_6\controller\Video.php ]
[ info ] [ LOG ] INIT File
---------------------------------------------------------------
[ 2018-07-31T12:03:39+08:00 ] 127.0.0.1 GET /index.php/app1_6/video/getNearCollege?lat=30.6077970912&lng=104.1241436384
[ info ] limiapp.com/index.php/app1_6/video/getNearCollege?lat=30.6077970912&lng=104.1241436384 [运行时间：20.178154s][吞吐率：0.05req/s] [内存消耗：3,620.30kb] [文件加载：55]
[ info ] [ LANG ] D:\xampp\htdocs\limiapp\thinkphp\lang\zh-cn.php
[ info ] [ ROUTE ] array (
  'type' => 'module',
  'module' => 
  array (
    0 => 'apps1_6',
    1 => 'video',
    2 => 'getNearCollege',
  ),
  'convert' => false,
)
[ info ] [ HEADER ] array (
  'cache-control' => 'no-cache',
  'postman-token' => 'a130d9cb-3d7f-4ff2-a2d5-51783b68df1c',
  'user-agent' => 'PostmanRuntime/7.1.1',
  'accept' => '*/*',
  'host' => 'limiapp.com',
  'cookie' => 'XDEBUG_SESSION=PHPSTORM',
  'accept-encoding' => 'gzip, deflate',
  'connection' => 'keep-alive',
)
[ info ] [ PARAM ] array (
  'lat' => '30.6077970912',
  'lng' => '104.1241436384',
  'video' => 'getNearCollege',
)
[ info ] [ DB ] INIT mysql
[ info ] [ BEHAVIOR ] Run app\behavior\Server @app_begin [ RunTime:0.315018s ]
[ info ] [ BEHAVIOR ] Run app\behavior\Appset @app_begin [ RunTime:0.001000s ]
[ info ] [ BEHAVIOR ] Run app\apps1_5\behavior\Auth @action_begin [ RunTime:0.002000s ]
[ info ] [ RUN ] app\apps1_6\controller\Video->getNearCollege[ D:\xampp\htdocs\limiapp\application\apps1_6\controller\Video.php ]
[ info ] [ LOG ] INIT File
---------------------------------------------------------------
[ 2018-07-31T12:18:36+08:00 ] 127.0.0.1 GET /index.php/app1_6/video/getNearCollege?lat=30.6077970912&lng=104.1241436384
[ info ] limiapp.com/index.php/app1_6/video/getNearCollege?lat=30.6077970912&lng=104.1241436384 [运行时间：0.759044s][吞吐率：1.32req/s] [内存消耗：3,642.69kb] [文件加载：57]
[ info ] [ LANG ] D:\xampp\htdocs\limiapp\thinkphp\lang\zh-cn.php
[ info ] [ ROUTE ] array (
  'type' => 'module',
  'module' => 
  array (
    0 => 'apps1_6',
    1 => 'video',
    2 => 'getNearCollege',
  ),
  'convert' => false,
)
[ info ] [ HEADER ] array (
  'cache-control' => 'no-cache',
  'postman-token' => '0287f0be-aa3c-4b06-b6db-4b490847f698',
  'user-agent' => 'PostmanRuntime/7.1.1',
  'accept' => '*/*',
  'host' => 'limiapp.com',
  'cookie' => 'XDEBUG_SESSION=PHPSTORM',
  'accept-encoding' => 'gzip, deflate',
  'connection' => 'keep-alive',
)
[ info ] [ PARAM ] array (
  'lat' => '30.6077970912',
  'lng' => '104.1241436384',
  'video' => 'getNearCollege',
)
[ info ] [ DB ] INIT mysql
[ info ] [ BEHAVIOR ] Run app\behavior\Server @app_begin [ RunTime:0.316018s ]
[ info ] [ BEHAVIOR ] Run app\behavior\Appset @app_begin [ RunTime:0.002000s ]
[ info ] [ BEHAVIOR ] Run app\apps1_5\behavior\Auth @action_begin [ RunTime:0.002000s ]
[ info ] [ RUN ] app\apps1_6\controller\Video->getNearCollege[ D:\xampp\htdocs\limiapp\application\apps1_6\controller\Video.php ]
[ info ] [ LOG ] INIT File
---------------------------------------------------------------
[ 2018-07-31T12:18:45+08:00 ] 127.0.0.1 GET /index.php/app1_6/video/getNearCollege?lat=30.6077970912&lng=104.1241436384
[ info ] limiapp.com/index.php/app1_6/video/getNearCollege?lat=30.6077970912&lng=104.1241436384 [运行时间：0.640036s][吞吐率：1.56req/s] [内存消耗：3,642.69kb] [文件加载：57]
[ info ] [ LANG ] D:\xampp\htdocs\limiapp\thinkphp\lang\zh-cn.php
[ info ] [ ROUTE ] array (
  'type' => 'module',
  'module' => 
  array (
    0 => 'apps1_6',
    1 => 'video',
    2 => 'getNearCollege',
  ),
  'convert' => false,
)
[ info ] [ HEADER ] array (
  'cache-control' => 'no-cache',
  'postman-token' => '75193d5f-4415-4c79-9aee-7229975fe2e7',
  'user-agent' => 'PostmanRuntime/7.1.1',
  'accept' => '*/*',
  'host' => 'limiapp.com',
  'cookie' => 'XDEBUG_SESSION=PHPSTORM',
  'accept-encoding' => 'gzip, deflate',
  'connection' => 'keep-alive',
)
[ info ] [ PARAM ] array (
  'lat' => '30.6077970912',
  'lng' => '104.1241436384',
  'video' => 'getNearCollege',
)
[ info ] [ DB ] INIT mysql
[ info ] [ BEHAVIOR ] Run app\behavior\Server @app_begin [ RunTime:0.316018s ]
[ info ] [ BEHAVIOR ] Run app\behavior\Appset @app_begin [ RunTime:0.002000s ]
[ info ] [ BEHAVIOR ] Run app\apps1_5\behavior\Auth @action_begin [ RunTime:0.001000s ]
[ info ] [ RUN ] app\apps1_6\controller\Video->getNearCollege[ D:\xampp\htdocs\limiapp\application\apps1_6\controller\Video.php ]
[ info ] [ LOG ] INIT File
---------------------------------------------------------------
[ 2018-07-31T12:19:45+08:00 ] 127.0.0.1 GET /index.php/app1_6/video/getNearCollege?lat=30.6077970912&lng=104.1241436384
[ info ] limiapp.com/index.php/app1_6/video/getNearCollege?lat=30.6077970912&lng=104.1241436384 [运行时间：43.304477s][吞吐率：0.02req/s] [内存消耗：3,619.23kb] [文件加载：55]
[ info ] [ LANG ] D:\xampp\htdocs\limiapp\thinkphp\lang\zh-cn.php
[ info ] [ ROUTE ] array (
  'type' => 'module',
  'module' => 
  array (
    0 => 'apps1_6',
    1 => 'video',
    2 => 'getNearCollege',
  ),
  'convert' => false,
)
[ info ] [ HEADER ] array (
  'cache-control' => 'no-cache',
  'postman-token' => 'f2958ce2-1c3e-46af-b405-1aa7cc1ea8d2',
  'user-agent' => 'PostmanRuntime/7.1.1',
  'accept' => '*/*',
  'host' => 'limiapp.com',
  'cookie' => 'XDEBUG_SESSION=PHPSTORM',
  'accept-encoding' => 'gzip, deflate',
  'connection' => 'keep-alive',
)
[ info ] [ PARAM ] array (
  'lat' => '30.6077970912',
  'lng' => '104.1241436384',
  'video' => 'getNearCollege',
)
[ info ] [ DB ] INIT mysql
[ info ] [ BEHAVIOR ] Run app\behavior\Server @app_begin [ RunTime:0.303017s ]
[ info ] [ BEHAVIOR ] Run app\behavior\Appset @app_begin [ RunTime:0.002001s ]
[ info ] [ BEHAVIOR ] Run app\apps1_5\behavior\Auth @action_begin [ RunTime:0.001000s ]
[ info ] [ RUN ] app\apps1_6\controller\Video->getNearCollege[ D:\xampp\htdocs\limiapp\application\apps1_6\controller\Video.php ]
[ info ] [ LOG ] INIT File
---------------------------------------------------------------
[ 2018-07-31T12:20:54+08:00 ] 127.0.0.1 GET /index.php/app1_6/video/getNearCollege?lat=30.6077970912&lng=104.1241436384
[ info ] limiapp.com/index.php/app1_6/video/getNearCollege?lat=30.6077970912&lng=104.1241436384 [运行时间：33.369908s][吞吐率：0.03req/s] [内存消耗：3,619.17kb] [文件加载：55]
[ info ] [ LANG ] D:\xampp\htdocs\limiapp\thinkphp\lang\zh-cn.php
[ info ] [ ROUTE ] array (
  'type' => 'module',
  'module' => 
  array (
    0 => 'apps1_6',
    1 => 'video',
    2 => 'getNearCollege',
  ),
  'convert' => false,
)
[ info ] [ HEADER ] array (
  'cache-control' => 'no-cache',
  'postman-token' => 'e9a247b5-2e1c-45e7-a9db-c997eb1176e3',
  'user-agent' => 'PostmanRuntime/7.1.1',
  'accept' => '*/*',
  'host' => 'limiapp.com',
  'cookie' => 'XDEBUG_SESSION=PHPSTORM',
  'accept-encoding' => 'gzip, deflate',
  'connection' => 'keep-alive',
)
[ info ] [ PARAM ] array (
  'lat' => '30.6077970912',
  'lng' => '104.1241436384',
  'video' => 'getNearCollege',
)
[ info ] [ DB ] INIT mysql
[ info ] [ BEHAVIOR ] Run app\behavior\Server @app_begin [ RunTime:0.307018s ]
[ info ] [ BEHAVIOR ] Run app\behavior\Appset @app_begin [ RunTime:0.002000s ]
[ info ] [ BEHAVIOR ] Run app\apps1_5\behavior\Auth @action_begin [ RunTime:0.001000s ]
[ info ] [ RUN ] app\apps1_6\controller\Video->getNearCollege[ D:\xampp\htdocs\limiapp\application\apps1_6\controller\Video.php ]
[ info ] [ LOG ] INIT File
---------------------------------------------------------------
[ 2018-07-31T12:21:52+08:00 ] 127.0.0.1 GET /index.php/app1_6/video/getNearCollege?lat=30.6077970912&lng=104.1241436384
[ info ] limiapp.com/index.php/app1_6/video/getNearCollege?lat=30.6077970912&lng=104.1241436384 [运行时间：0.621035s][吞吐率：1.61req/s] [内存消耗：3,642.69kb] [文件加载：57]
[ info ] [ LANG ] D:\xampp\htdocs\limiapp\thinkphp\lang\zh-cn.php
[ info ] [ ROUTE ] array (
  'type' => 'module',
  'module' => 
  array (
    0 => 'apps1_6',
    1 => 'video',
    2 => 'getNearCollege',
  ),
  'convert' => false,
)
[ info ] [ HEADER ] array (
  'cache-control' => 'no-cache',
  'postman-token' => '87b036bf-4d5a-4f5f-8301-b83628d0ae9c',
  'user-agent' => 'PostmanRuntime/7.1.1',
  'accept' => '*/*',
  'host' => 'limiapp.com',
  'cookie' => 'XDEBUG_SESSION=PHPSTORM',
  'accept-encoding' => 'gzip, deflate',
  'connection' => 'keep-alive',
)
[ info ] [ PARAM ] array (
  'lat' => '30.6077970912',
  'lng' => '104.1241436384',
  'video' => 'getNearCollege',
)
[ info ] [ DB ] INIT mysql
[ info ] [ BEHAVIOR ] Run app\behavior\Server @app_begin [ RunTime:0.312018s ]
[ info ] [ BEHAVIOR ] Run app\behavior\Appset @app_begin [ RunTime:0.002000s ]
[ info ] [ BEHAVIOR ] Run app\apps1_5\behavior\Auth @action_begin [ RunTime:0.001000s ]
[ info ] [ RUN ] app\apps1_6\controller\Video->getNearCollege[ D:\xampp\htdocs\limiapp\application\apps1_6\controller\Video.php ]
[ info ] [ LOG ] INIT File
---------------------------------------------------------------
[ 2018-07-31T12:22:55+08:00 ] 127.0.0.1 GET /index.php/app1_6/video/getNearCollege?lat=30.6077970912&lng=104.1241436384
[ info ] limiapp.com/index.php/app1_6/video/getNearCollege?lat=30.6077970912&lng=104.1241436384 [运行时间：57.534291s][吞吐率：0.02req/s] [内存消耗：3,619.17kb] [文件加载：55]
[ info ] [ LANG ] D:\xampp\htdocs\limiapp\thinkphp\lang\zh-cn.php
[ info ] [ ROUTE ] array (
  'type' => 'module',
  'module' => 
  array (
    0 => 'apps1_6',
    1 => 'video',
    2 => 'getNearCollege',
  ),
  'convert' => false,
)
[ info ] [ HEADER ] array (
  'cache-control' => 'no-cache',
  'postman-token' => 'd7bc94ab-24be-41bb-91f7-c5243fd1faf1',
  'user-agent' => 'PostmanRuntime/7.1.1',
  'accept' => '*/*',
  'host' => 'limiapp.com',
  'cookie' => 'XDEBUG_SESSION=PHPSTORM',
  'accept-encoding' => 'gzip, deflate',
  'connection' => 'keep-alive',
)
[ info ] [ PARAM ] array (
  'lat' => '30.6077970912',
  'lng' => '104.1241436384',
  'video' => 'getNearCollege',
)
[ info ] [ DB ] INIT mysql
[ info ] [ BEHAVIOR ] Run app\behavior\Server @app_begin [ RunTime:0.297017s ]
[ info ] [ BEHAVIOR ] Run app\behavior\Appset @app_begin [ RunTime:0.002000s ]
[ info ] [ BEHAVIOR ] Run app\apps1_5\behavior\Auth @action_begin [ RunTime:0.002000s ]
[ info ] [ RUN ] app\apps1_6\controller\Video->getNearCollege[ D:\xampp\htdocs\limiapp\application\apps1_6\controller\Video.php ]
[ info ] [ LOG ] INIT File
---------------------------------------------------------------
[ 2018-07-31T12:24:53+08:00 ] 127.0.0.1 GET /index.php/app1_6/video/getNearCollege?lat=30.6077970912&lng=104.1241436384
[ info ] limiapp.com/index.php/app1_6/video/getNearCollege?lat=30.6077970912&lng=104.1241436384 [运行时间：17.539003s][吞吐率：0.06req/s] [内存消耗：3,618.77kb] [文件加载：55]
[ info ] [ LANG ] D:\xampp\htdocs\limiapp\thinkphp\lang\zh-cn.php
[ info ] [ ROUTE ] array (
  'type' => 'module',
  'module' => 
  array (
    0 => 'apps1_6',
    1 => 'video',
    2 => 'getNearCollege',
  ),
  'convert' => false,
)
[ info ] [ HEADER ] array (
  'cache-control' => 'no-cache',
  'postman-token' => '0bc7cec4-cbc0-4265-b408-74401748ffa0',
  'user-agent' => 'PostmanRuntime/7.1.1',
  'accept' => '*/*',
  'host' => 'limiapp.com',
  'cookie' => 'XDEBUG_SESSION=PHPSTORM',
  'accept-encoding' => 'gzip, deflate',
  'connection' => 'keep-alive',
)
[ info ] [ PARAM ] array (
  'lat' => '30.6077970912',
  'lng' => '104.1241436384',
  'video' => 'getNearCollege',
)
[ info ] [ DB ] INIT mysql
[ info ] [ BEHAVIOR ] Run app\behavior\Server @app_begin [ RunTime:0.311018s ]
[ info ] [ BEHAVIOR ] Run app\behavior\Appset @app_begin [ RunTime:0.001000s ]
[ info ] [ BEHAVIOR ] Run app\apps1_5\behavior\Auth @action_begin [ RunTime:0.001000s ]
[ info ] [ RUN ] app\apps1_6\controller\Video->getNearCollege[ D:\xampp\htdocs\limiapp\application\apps1_6\controller\Video.php ]
[ info ] [ LOG ] INIT File
---------------------------------------------------------------
[ 2018-07-31T12:28:32+08:00 ] 127.0.0.1 GET /index.php/app1_6/video/indexVideoList?page=1&time=1528692726&type=1&id=50&token=3044347ffcf82055c9ac95957b07cf4a1d73bc3e
[ info ] limiapp.com/index.php/app1_6/video/indexVideoList?page=1&time=1528692726&type=1&id=50&token=3044347ffcf82055c9ac95957b07cf4a1d73bc3e [运行时间：2.036117s][吞吐率：0.49req/s] [内存消耗：3,691.40kb] [文件加载：56]
[ info ] [ LANG ] D:\xampp\htdocs\limiapp\thinkphp\lang\zh-cn.php
[ info ] [ ROUTE ] array (
  'type' => 'module',
  'module' => 
  array (
    0 => 'apps1_6',
    1 => 'video',
    2 => 'indexVideoList',
  ),
  'convert' => false,
)
[ info ] [ HEADER ] array (
  'cache-control' => 'no-cache',
  'postman-token' => 'f9bcb19f-27f6-4c05-98e2-1301c5b19af9',
  'user-agent' => 'PostmanRuntime/7.1.1',
  'accept' => '*/*',
  'host' => 'limiapp.com',
  'cookie' => 'XDEBUG_SESSION=PHPSTORM',
  'accept-encoding' => 'gzip, deflate',
  'connection' => 'keep-alive',
)
[ info ] [ PARAM ] array (
  'page' => '1',
  'time' => '1528692726',
  'type' => '1',
  'id' => '50',
  'token' => '3044347ffcf82055c9ac95957b07cf4a1d73bc3e',
  'video' => 'indexVideoList',
)
[ info ] [ DB ] INIT mysql
[ info ] [ BEHAVIOR ] Run app\behavior\Server @app_begin [ RunTime:0.320018s ]
[ info ] [ BEHAVIOR ] Run app\behavior\Appset @app_begin [ RunTime:0.002001s ]
[ info ] [ BEHAVIOR ] Run app\apps1_5\behavior\Auth @action_begin [ RunTime:0.185011s ]
[ info ] [ RUN ] app\apps1_6\controller\Video->indexVideoList[ D:\xampp\htdocs\limiapp\application\apps1_6\controller\Video.php ]
[ info ] [ LOG ] INIT File
---------------------------------------------------------------
[ 2018-07-31T12:29:01+08:00 ] 127.0.0.1 GET /index.php/app1_6/Video/personalDetails?id=56&user_id=56&page=1&type=1&time=1528104018
[ info ] limiapp.com/index.php/app1_6/Video/personalDetails?id=56&user_id=56&page=1&type=1&time=1528104018 [运行时间：2.102120s][吞吐率：0.48req/s] [内存消耗：3,695.82kb] [文件加载：56]
[ info ] [ LANG ] D:\xampp\htdocs\limiapp\thinkphp\lang\zh-cn.php
[ info ] [ ROUTE ] array (
  'type' => 'module',
  'module' => 
  array (
    0 => 'apps1_6',
    1 => 'Video',
    2 => 'personalDetails',
  ),
  'convert' => false,
)
[ info ] [ HEADER ] array (
  'cache-control' => 'no-cache',
  'postman-token' => '35b73a0e-57d0-4c2b-aed8-336cb7dc63c5',
  'user-agent' => 'PostmanRuntime/7.1.1',
  'accept' => '*/*',
  'host' => 'limiapp.com',
  'cookie' => 'XDEBUG_SESSION=PHPSTORM',
  'accept-encoding' => 'gzip, deflate',
  'connection' => 'keep-alive',
)
[ info ] [ PARAM ] array (
  'id' => '56',
  'user_id' => '56',
  'page' => '1',
  'type' => '1',
  'time' => '1528104018',
  'Video' => 'personalDetails',
)
[ info ] [ DB ] INIT mysql
[ info ] [ BEHAVIOR ] Run app\behavior\Server @app_begin [ RunTime:0.315018s ]
[ info ] [ BEHAVIOR ] Run app\behavior\Appset @app_begin [ RunTime:0.001000s ]
[ info ] [ BEHAVIOR ] Run app\apps1_5\behavior\Auth @action_begin [ RunTime:0.181010s ]
[ info ] [ RUN ] app\apps1_6\controller\Video->personalDetails[ D:\xampp\htdocs\limiapp\application\apps1_6\controller\Video.php ]
[ info ] [ LOG ] INIT File
